<?xml version="1.0" encoding="UTF-8"?>
<testsuite xmlns:xsi="http://www.w3.org/2001/XMLSchema-instance" xsi:noNamespaceSchemaLocation="https://maven.apache.org/surefire/maven-surefire-plugin/xsd/surefire-test-report-3.0.xsd" version="3.0" name="testRunners.TestRunner" time="10.001" tests="2" errors="0" skipped="0" failures="1">
  <properties>
    <property name="java.specification.version" value="17"/>
    <property name="sun.cpu.isalist" value="amd64"/>
    <property name="sun.jnu.encoding" value="Cp1252"/>
    <property name="java.class.path" value="E:\Manasa\Interview\Selenium_Java_Automation\Exact_Automation_Assesment\target\test-classes;E:\Manasa\Interview\Selenium_Java_Automation\Exact_Automation_Assesment\target\classes;C:\Users\reach\.m2\repository\org\seleniumhq\selenium\selenium-java\4.21.0\selenium-java-4.21.0.jar;C:\Users\reach\.m2\repository\org\seleniumhq\selenium\selenium-api\4.21.0\selenium-api-4.21.0.jar;C:\Users\reach\.m2\repository\org\seleniumhq\selenium\selenium-chrome-driver\4.21.0\selenium-chrome-driver-4.21.0.jar;C:\Users\reach\.m2\repository\com\google\auto\service\auto-service-annotations\1.1.1\auto-service-annotations-1.1.1.jar;C:\Users\reach\.m2\repository\org\seleniumhq\selenium\selenium-chromium-driver\4.21.0\selenium-chromium-driver-4.21.0.jar;C:\Users\reach\.m2\repository\org\seleniumhq\selenium\selenium-json\4.21.0\selenium-json-4.21.0.jar;C:\Users\reach\.m2\repository\org\seleniumhq\selenium\selenium-manager\4.21.0\selenium-manager-4.21.0.jar;C:\Users\reach\.m2\repository\org\seleniumhq\selenium\selenium-devtools-v123\4.21.0\selenium-devtools-v123-4.21.0.jar;C:\Users\reach\.m2\repository\org\seleniumhq\selenium\selenium-devtools-v124\4.21.0\selenium-devtools-v124-4.21.0.jar;C:\Users\reach\.m2\repository\org\seleniumhq\selenium\selenium-devtools-v125\4.21.0\selenium-devtools-v125-4.21.0.jar;C:\Users\reach\.m2\repository\org\seleniumhq\selenium\selenium-devtools-v85\4.21.0\selenium-devtools-v85-4.21.0.jar;C:\Users\reach\.m2\repository\org\seleniumhq\selenium\selenium-edge-driver\4.21.0\selenium-edge-driver-4.21.0.jar;C:\Users\reach\.m2\repository\org\seleniumhq\selenium\selenium-firefox-driver\4.21.0\selenium-firefox-driver-4.21.0.jar;C:\Users\reach\.m2\repository\org\seleniumhq\selenium\selenium-http\4.21.0\selenium-http-4.21.0.jar;C:\Users\reach\.m2\repository\dev\failsafe\failsafe\3.3.2\failsafe-3.3.2.jar;C:\Users\reach\.m2\repository\org\seleniumhq\selenium\selenium-ie-driver\4.21.0\selenium-ie-driver-4.21.0.jar;C:\Users\reach\.m2\repository\org\seleniumhq\selenium\selenium-remote-driver\4.21.0\selenium-remote-driver-4.21.0.jar;C:\Users\reach\.m2\repository\com\google\guava\guava\33.2.0-jre\guava-33.2.0-jre.jar;C:\Users\reach\.m2\repository\com\google\guava\failureaccess\1.0.2\failureaccess-1.0.2.jar;C:\Users\reach\.m2\repository\com\google\guava\listenablefuture\9999.0-empty-to-avoid-conflict-with-guava\listenablefuture-9999.0-empty-to-avoid-conflict-with-guava.jar;C:\Users\reach\.m2\repository\com\google\code\findbugs\jsr305\3.0.2\jsr305-3.0.2.jar;C:\Users\reach\.m2\repository\org\checkerframework\checker-qual\3.42.0\checker-qual-3.42.0.jar;C:\Users\reach\.m2\repository\com\google\errorprone\error_prone_annotations\2.26.1\error_prone_annotations-2.26.1.jar;C:\Users\reach\.m2\repository\com\google\j2objc\j2objc-annotations\3.0.0\j2objc-annotations-3.0.0.jar;C:\Users\reach\.m2\repository\io\opentelemetry\semconv\opentelemetry-semconv\1.25.0-alpha\opentelemetry-semconv-1.25.0-alpha.jar;C:\Users\reach\.m2\repository\io\opentelemetry\opentelemetry-api\1.38.0\opentelemetry-api-1.38.0.jar;C:\Users\reach\.m2\repository\io\opentelemetry\opentelemetry-context\1.38.0\opentelemetry-context-1.38.0.jar;C:\Users\reach\.m2\repository\io\opentelemetry\opentelemetry-exporter-logging\1.38.0\opentelemetry-exporter-logging-1.38.0.jar;C:\Users\reach\.m2\repository\io\opentelemetry\opentelemetry-sdk-common\1.38.0\opentelemetry-sdk-common-1.38.0.jar;C:\Users\reach\.m2\repository\io\opentelemetry\opentelemetry-sdk-extension-autoconfigure-spi\1.38.0\opentelemetry-sdk-extension-autoconfigure-spi-1.38.0.jar;C:\Users\reach\.m2\repository\io\opentelemetry\opentelemetry-sdk-extension-autoconfigure\1.38.0\opentelemetry-sdk-extension-autoconfigure-1.38.0.jar;C:\Users\reach\.m2\repository\io\opentelemetry\opentelemetry-api-incubator\1.38.0-alpha\opentelemetry-api-incubator-1.38.0-alpha.jar;C:\Users\reach\.m2\repository\io\opentelemetry\opentelemetry-sdk-trace\1.38.0\opentelemetry-sdk-trace-1.38.0.jar;C:\Users\reach\.m2\repository\io\opentelemetry\opentelemetry-sdk\1.38.0\opentelemetry-sdk-1.38.0.jar;C:\Users\reach\.m2\repository\io\opentelemetry\opentelemetry-sdk-metrics\1.38.0\opentelemetry-sdk-metrics-1.38.0.jar;C:\Users\reach\.m2\repository\io\opentelemetry\opentelemetry-sdk-logs\1.38.0\opentelemetry-sdk-logs-1.38.0.jar;C:\Users\reach\.m2\repository\net\bytebuddy\byte-buddy\1.14.15\byte-buddy-1.14.15.jar;C:\Users\reach\.m2\repository\org\seleniumhq\selenium\selenium-os\4.21.0\selenium-os-4.21.0.jar;C:\Users\reach\.m2\repository\org\apache\commons\commons-exec\1.4.0\commons-exec-1.4.0.jar;C:\Users\reach\.m2\repository\org\seleniumhq\selenium\selenium-safari-driver\4.21.0\selenium-safari-driver-4.21.0.jar;C:\Users\reach\.m2\repository\org\seleniumhq\selenium\selenium-support\4.21.0\selenium-support-4.21.0.jar;C:\Users\reach\.m2\repository\io\cucumber\cucumber-java\7.14.0\cucumber-java-7.14.0.jar;C:\Users\reach\.m2\repository\io\cucumber\cucumber-core\7.14.0\cucumber-core-7.14.0.jar;C:\Users\reach\.m2\repository\io\cucumber\cucumber-gherkin\7.14.0\cucumber-gherkin-7.14.0.jar;C:\Users\reach\.m2\repository\io\cucumber\cucumber-gherkin-messages\7.14.0\cucumber-gherkin-messages-7.14.0.jar;C:\Users\reach\.m2\repository\io\cucumber\gherkin\26.2.0\gherkin-26.2.0.jar;C:\Users\reach\.m2\repository\io\cucumber\messages\22.0.0\messages-22.0.0.jar;C:\Users\reach\.m2\repository\io\cucumber\tag-expressions\5.0.6\tag-expressions-5.0.6.jar;C:\Users\reach\.m2\repository\io\cucumber\cucumber-expressions\16.1.2\cucumber-expressions-16.1.2.jar;C:\Users\reach\.m2\repository\io\cucumber\datatable\7.14.0\datatable-7.14.0.jar;C:\Users\reach\.m2\repository\io\cucumber\cucumber-plugin\7.14.0\cucumber-plugin-7.14.0.jar;C:\Users\reach\.m2\repository\io\cucumber\docstring\7.14.0\docstring-7.14.0.jar;C:\Users\reach\.m2\repository\io\cucumber\html-formatter\20.4.0\html-formatter-20.4.0.jar;C:\Users\reach\.m2\repository\io\cucumber\junit-xml-formatter\0.2.0\junit-xml-formatter-0.2.0.jar;C:\Users\reach\.m2\repository\io\cucumber\ci-environment\9.2.0\ci-environment-9.2.0.jar;C:\Users\reach\.m2\repository\org\apiguardian\apiguardian-api\1.1.2\apiguardian-api-1.1.2.jar;C:\Users\reach\.m2\repository\io\cucumber\cucumber-testng\7.14.0\cucumber-testng-7.14.0.jar;C:\Users\reach\.m2\repository\org\testng\testng\7.10.1\testng-7.10.1.jar;C:\Users\reach\.m2\repository\org\slf4j\slf4j-api\1.7.36\slf4j-api-1.7.36.jar;C:\Users\reach\.m2\repository\com\beust\jcommander\1.82\jcommander-1.82.jar;C:\Users\reach\.m2\repository\org\webjars\jquery\3.7.1\jquery-3.7.1.jar;C:\Users\reach\.m2\repository\com\aventstack\extentreports\5.1.1\extentreports-5.1.1.jar;C:\Users\reach\.m2\repository\io\reactivex\rxjava3\rxjava\3.1.6\rxjava-3.1.6.jar;C:\Users\reach\.m2\repository\org\reactivestreams\reactive-streams\1.0.4\reactive-streams-1.0.4.jar;C:\Users\reach\.m2\repository\org\freemarker\freemarker\2.3.32\freemarker-2.3.32.jar;C:\Users\reach\.m2\repository\org\projectlombok\lombok\1.18.26\lombok-1.18.26.jar;C:\Users\reach\.m2\repository\com\google\code\gson\gson\2.10.1\gson-2.10.1.jar;C:\Users\reach\.m2\repository\tech\grasshopper\extentreports-cucumber7-adapter\1.14.0\extentreports-cucumber7-adapter-1.14.0.jar;C:\Users\reach\.m2\repository\tech\grasshopper\extent-pdf-report\2.12.0\extent-pdf-report-2.12.0.jar;C:\Users\reach\.m2\repository\tech\grasshopper\cucumber-pdf-report\2.14.0\cucumber-pdf-report-2.14.0.jar;C:\Users\reach\.m2\repository\org\apache\pdfbox\pdfbox\2.0.26\pdfbox-2.0.26.jar;C:\Users\reach\.m2\repository\org\apache\pdfbox\fontbox\2.0.26\fontbox-2.0.26.jar;C:\Users\reach\.m2\repository\org\knowm\xchart\xchart\3.8.0\xchart-3.8.0.jar;C:\Users\reach\.m2\repository\de\erichseifert\vectorgraphics2d\VectorGraphics2D\0.13\VectorGraphics2D-0.13.jar;C:\Users\reach\.m2\repository\de\rototor\pdfbox\graphics2d\0.30\graphics2d-0.30.jar;C:\Users\reach\.m2\repository\com\madgag\animated-gif-lib\1.4\animated-gif-lib-1.4.jar;C:\Users\reach\.m2\repository\org\yaml\snakeyaml\2.0\snakeyaml-2.0.jar;C:\Users\reach\.m2\repository\tech\grasshopper\table-layout\1.5.1\table-layout-1.5.1.jar;C:\Users\reach\.m2\repository\tech\grasshopper\rest-assured-cucumber-pdf-report\1.5.0\rest-assured-cucumber-pdf-report-1.5.0.jar;C:\Users\reach\.m2\repository\org\jsoup\jsoup\1.15.3\jsoup-1.15.3.jar;C:\Users\reach\.m2\repository\com\aventstack\klov-reporter\5.1.0\klov-reporter-5.1.0.jar;C:\Users\reach\.m2\repository\org\mongodb\mongodb-driver\3.6.4\mongodb-driver-3.6.4.jar;C:\Users\reach\.m2\repository\org\mongodb\mongodb-driver-core\3.6.4\mongodb-driver-core-3.6.4.jar;C:\Users\reach\.m2\repository\org\mongodb\bson\3.6.4\bson-3.6.4.jar;C:\Users\reach\.m2\repository\org\apache\httpcomponents\httpclient\4.5.13\httpclient-4.5.13.jar;C:\Users\reach\.m2\repository\org\apache\httpcomponents\httpcore\4.4.13\httpcore-4.4.13.jar;C:\Users\reach\.m2\repository\commons-logging\commons-logging\1.2\commons-logging-1.2.jar;C:\Users\reach\.m2\repository\commons-codec\commons-codec\1.11\commons-codec-1.11.jar;C:\Users\reach\.m2\repository\org\apache\httpcomponents\httpmime\4.5.13\httpmime-4.5.13.jar;C:\Users\reach\.m2\repository\tech\grasshopper\htmlextentreporter\1.1.0\htmlextentreporter-1.1.0.jar;C:\Users\reach\.m2\repository\tech\grasshopper\extent-excel-report\1.4.0\extent-excel-report-1.4.0.jar;C:\Users\reach\.m2\repository\org\apache\poi\poi\5.2.3\poi-5.2.3.jar;C:\Users\reach\.m2\repository\org\apache\commons\commons-collections4\4.4\commons-collections4-4.4.jar;C:\Users\reach\.m2\repository\org\apache\commons\commons-math3\3.6.1\commons-math3-3.6.1.jar;C:\Users\reach\.m2\repository\commons-io\commons-io\2.11.0\commons-io-2.11.0.jar;C:\Users\reach\.m2\repository\com\zaxxer\SparseBitSet\1.2\SparseBitSet-1.2.jar;C:\Users\reach\.m2\repository\org\apache\logging\log4j\log4j-api\2.18.0\log4j-api-2.18.0.jar;C:\Users\reach\.m2\repository\org\apache\poi\poi-ooxml\5.2.3\poi-ooxml-5.2.3.jar;C:\Users\reach\.m2\repository\org\apache\poi\poi-ooxml-lite\5.2.3\poi-ooxml-lite-5.2.3.jar;C:\Users\reach\.m2\repository\org\apache\xmlbeans\xmlbeans\5.1.1\xmlbeans-5.1.1.jar;C:\Users\reach\.m2\repository\org\apache\commons\commons-compress\1.21\commons-compress-1.21.jar;C:\Users\reach\.m2\repository\com\github\virtuald\curvesapi\1.07\curvesapi-1.07.jar;C:\Users\reach\.m2\repository\log4j\log4j\1.2.17\log4j-1.2.17.jar;"/>
    <property name="java.vm.vendor" value="Oracle Corporation"/>
    <property name="sun.arch.data.model" value="64"/>
    <property name="user.variant" value=""/>
    <property name="java.vendor.url" value="https://java.oracle.com/"/>
    <property name="user.timezone" value="Europe/Amsterdam"/>
    <property name="os.name" value="Windows 11"/>
    <property name="java.vm.specification.version" value="17"/>
    <property name="sun.java.launcher" value="SUN_STANDARD"/>
    <property name="user.country" value="IN"/>
    <property name="sun.boot.library.path" value="C:\Program Files\Java\jdk-17\bin"/>
    <property name="sun.java.command" value="C:\Users\reach\AppData\Local\Temp\surefire14008156739889382118\surefirebooter-20250724144401018_3.jar C:\Users\reach\AppData\Local\Temp\surefire14008156739889382118 2025-07-24T14-44-00_859-jvmRun1 surefire-20250724144401018_1tmp surefire_0-20250724144401018_2tmp"/>
    <property name="jdk.debug" value="release"/>
    <property name="surefire.test.class.path" value="E:\Manasa\Interview\Selenium_Java_Automation\Exact_Automation_Assesment\target\test-classes;E:\Manasa\Interview\Selenium_Java_Automation\Exact_Automation_Assesment\target\classes;C:\Users\reach\.m2\repository\org\seleniumhq\selenium\selenium-java\4.21.0\selenium-java-4.21.0.jar;C:\Users\reach\.m2\repository\org\seleniumhq\selenium\selenium-api\4.21.0\selenium-api-4.21.0.jar;C:\Users\reach\.m2\repository\org\seleniumhq\selenium\selenium-chrome-driver\4.21.0\selenium-chrome-driver-4.21.0.jar;C:\Users\reach\.m2\repository\com\google\auto\service\auto-service-annotations\1.1.1\auto-service-annotations-1.1.1.jar;C:\Users\reach\.m2\repository\org\seleniumhq\selenium\selenium-chromium-driver\4.21.0\selenium-chromium-driver-4.21.0.jar;C:\Users\reach\.m2\repository\org\seleniumhq\selenium\selenium-json\4.21.0\selenium-json-4.21.0.jar;C:\Users\reach\.m2\repository\org\seleniumhq\selenium\selenium-manager\4.21.0\selenium-manager-4.21.0.jar;C:\Users\reach\.m2\repository\org\seleniumhq\selenium\selenium-devtools-v123\4.21.0\selenium-devtools-v123-4.21.0.jar;C:\Users\reach\.m2\repository\org\seleniumhq\selenium\selenium-devtools-v124\4.21.0\selenium-devtools-v124-4.21.0.jar;C:\Users\reach\.m2\repository\org\seleniumhq\selenium\selenium-devtools-v125\4.21.0\selenium-devtools-v125-4.21.0.jar;C:\Users\reach\.m2\repository\org\seleniumhq\selenium\selenium-devtools-v85\4.21.0\selenium-devtools-v85-4.21.0.jar;C:\Users\reach\.m2\repository\org\seleniumhq\selenium\selenium-edge-driver\4.21.0\selenium-edge-driver-4.21.0.jar;C:\Users\reach\.m2\repository\org\seleniumhq\selenium\selenium-firefox-driver\4.21.0\selenium-firefox-driver-4.21.0.jar;C:\Users\reach\.m2\repository\org\seleniumhq\selenium\selenium-http\4.21.0\selenium-http-4.21.0.jar;C:\Users\reach\.m2\repository\dev\failsafe\failsafe\3.3.2\failsafe-3.3.2.jar;C:\Users\reach\.m2\repository\org\seleniumhq\selenium\selenium-ie-driver\4.21.0\selenium-ie-driver-4.21.0.jar;C:\Users\reach\.m2\repository\org\seleniumhq\selenium\selenium-remote-driver\4.21.0\selenium-remote-driver-4.21.0.jar;C:\Users\reach\.m2\repository\com\google\guava\guava\33.2.0-jre\guava-33.2.0-jre.jar;C:\Users\reach\.m2\repository\com\google\guava\failureaccess\1.0.2\failureaccess-1.0.2.jar;C:\Users\reach\.m2\repository\com\google\guava\listenablefuture\9999.0-empty-to-avoid-conflict-with-guava\listenablefuture-9999.0-empty-to-avoid-conflict-with-guava.jar;C:\Users\reach\.m2\repository\com\google\code\findbugs\jsr305\3.0.2\jsr305-3.0.2.jar;C:\Users\reach\.m2\repository\org\checkerframework\checker-qual\3.42.0\checker-qual-3.42.0.jar;C:\Users\reach\.m2\repository\com\google\errorprone\error_prone_annotations\2.26.1\error_prone_annotations-2.26.1.jar;C:\Users\reach\.m2\repository\com\google\j2objc\j2objc-annotations\3.0.0\j2objc-annotations-3.0.0.jar;C:\Users\reach\.m2\repository\io\opentelemetry\semconv\opentelemetry-semconv\1.25.0-alpha\opentelemetry-semconv-1.25.0-alpha.jar;C:\Users\reach\.m2\repository\io\opentelemetry\opentelemetry-api\1.38.0\opentelemetry-api-1.38.0.jar;C:\Users\reach\.m2\repository\io\opentelemetry\opentelemetry-context\1.38.0\opentelemetry-context-1.38.0.jar;C:\Users\reach\.m2\repository\io\opentelemetry\opentelemetry-exporter-logging\1.38.0\opentelemetry-exporter-logging-1.38.0.jar;C:\Users\reach\.m2\repository\io\opentelemetry\opentelemetry-sdk-common\1.38.0\opentelemetry-sdk-common-1.38.0.jar;C:\Users\reach\.m2\repository\io\opentelemetry\opentelemetry-sdk-extension-autoconfigure-spi\1.38.0\opentelemetry-sdk-extension-autoconfigure-spi-1.38.0.jar;C:\Users\reach\.m2\repository\io\opentelemetry\opentelemetry-sdk-extension-autoconfigure\1.38.0\opentelemetry-sdk-extension-autoconfigure-1.38.0.jar;C:\Users\reach\.m2\repository\io\opentelemetry\opentelemetry-api-incubator\1.38.0-alpha\opentelemetry-api-incubator-1.38.0-alpha.jar;C:\Users\reach\.m2\repository\io\opentelemetry\opentelemetry-sdk-trace\1.38.0\opentelemetry-sdk-trace-1.38.0.jar;C:\Users\reach\.m2\repository\io\opentelemetry\opentelemetry-sdk\1.38.0\opentelemetry-sdk-1.38.0.jar;C:\Users\reach\.m2\repository\io\opentelemetry\opentelemetry-sdk-metrics\1.38.0\opentelemetry-sdk-metrics-1.38.0.jar;C:\Users\reach\.m2\repository\io\opentelemetry\opentelemetry-sdk-logs\1.38.0\opentelemetry-sdk-logs-1.38.0.jar;C:\Users\reach\.m2\repository\net\bytebuddy\byte-buddy\1.14.15\byte-buddy-1.14.15.jar;C:\Users\reach\.m2\repository\org\seleniumhq\selenium\selenium-os\4.21.0\selenium-os-4.21.0.jar;C:\Users\reach\.m2\repository\org\apache\commons\commons-exec\1.4.0\commons-exec-1.4.0.jar;C:\Users\reach\.m2\repository\org\seleniumhq\selenium\selenium-safari-driver\4.21.0\selenium-safari-driver-4.21.0.jar;C:\Users\reach\.m2\repository\org\seleniumhq\selenium\selenium-support\4.21.0\selenium-support-4.21.0.jar;C:\Users\reach\.m2\repository\io\cucumber\cucumber-java\7.14.0\cucumber-java-7.14.0.jar;C:\Users\reach\.m2\repository\io\cucumber\cucumber-core\7.14.0\cucumber-core-7.14.0.jar;C:\Users\reach\.m2\repository\io\cucumber\cucumber-gherkin\7.14.0\cucumber-gherkin-7.14.0.jar;C:\Users\reach\.m2\repository\io\cucumber\cucumber-gherkin-messages\7.14.0\cucumber-gherkin-messages-7.14.0.jar;C:\Users\reach\.m2\repository\io\cucumber\gherkin\26.2.0\gherkin-26.2.0.jar;C:\Users\reach\.m2\repository\io\cucumber\messages\22.0.0\messages-22.0.0.jar;C:\Users\reach\.m2\repository\io\cucumber\tag-expressions\5.0.6\tag-expressions-5.0.6.jar;C:\Users\reach\.m2\repository\io\cucumber\cucumber-expressions\16.1.2\cucumber-expressions-16.1.2.jar;C:\Users\reach\.m2\repository\io\cucumber\datatable\7.14.0\datatable-7.14.0.jar;C:\Users\reach\.m2\repository\io\cucumber\cucumber-plugin\7.14.0\cucumber-plugin-7.14.0.jar;C:\Users\reach\.m2\repository\io\cucumber\docstring\7.14.0\docstring-7.14.0.jar;C:\Users\reach\.m2\repository\io\cucumber\html-formatter\20.4.0\html-formatter-20.4.0.jar;C:\Users\reach\.m2\repository\io\cucumber\junit-xml-formatter\0.2.0\junit-xml-formatter-0.2.0.jar;C:\Users\reach\.m2\repository\io\cucumber\ci-environment\9.2.0\ci-environment-9.2.0.jar;C:\Users\reach\.m2\repository\org\apiguardian\apiguardian-api\1.1.2\apiguardian-api-1.1.2.jar;C:\Users\reach\.m2\repository\io\cucumber\cucumber-testng\7.14.0\cucumber-testng-7.14.0.jar;C:\Users\reach\.m2\repository\org\testng\testng\7.10.1\testng-7.10.1.jar;C:\Users\reach\.m2\repository\org\slf4j\slf4j-api\1.7.36\slf4j-api-1.7.36.jar;C:\Users\reach\.m2\repository\com\beust\jcommander\1.82\jcommander-1.82.jar;C:\Users\reach\.m2\repository\org\webjars\jquery\3.7.1\jquery-3.7.1.jar;C:\Users\reach\.m2\repository\com\aventstack\extentreports\5.1.1\extentreports-5.1.1.jar;C:\Users\reach\.m2\repository\io\reactivex\rxjava3\rxjava\3.1.6\rxjava-3.1.6.jar;C:\Users\reach\.m2\repository\org\reactivestreams\reactive-streams\1.0.4\reactive-streams-1.0.4.jar;C:\Users\reach\.m2\repository\org\freemarker\freemarker\2.3.32\freemarker-2.3.32.jar;C:\Users\reach\.m2\repository\org\projectlombok\lombok\1.18.26\lombok-1.18.26.jar;C:\Users\reach\.m2\repository\com\google\code\gson\gson\2.10.1\gson-2.10.1.jar;C:\Users\reach\.m2\repository\tech\grasshopper\extentreports-cucumber7-adapter\1.14.0\extentreports-cucumber7-adapter-1.14.0.jar;C:\Users\reach\.m2\repository\tech\grasshopper\extent-pdf-report\2.12.0\extent-pdf-report-2.12.0.jar;C:\Users\reach\.m2\repository\tech\grasshopper\cucumber-pdf-report\2.14.0\cucumber-pdf-report-2.14.0.jar;C:\Users\reach\.m2\repository\org\apache\pdfbox\pdfbox\2.0.26\pdfbox-2.0.26.jar;C:\Users\reach\.m2\repository\org\apache\pdfbox\fontbox\2.0.26\fontbox-2.0.26.jar;C:\Users\reach\.m2\repository\org\knowm\xchart\xchart\3.8.0\xchart-3.8.0.jar;C:\Users\reach\.m2\repository\de\erichseifert\vectorgraphics2d\VectorGraphics2D\0.13\VectorGraphics2D-0.13.jar;C:\Users\reach\.m2\repository\de\rototor\pdfbox\graphics2d\0.30\graphics2d-0.30.jar;C:\Users\reach\.m2\repository\com\madgag\animated-gif-lib\1.4\animated-gif-lib-1.4.jar;C:\Users\reach\.m2\repository\org\yaml\snakeyaml\2.0\snakeyaml-2.0.jar;C:\Users\reach\.m2\repository\tech\grasshopper\table-layout\1.5.1\table-layout-1.5.1.jar;C:\Users\reach\.m2\repository\tech\grasshopper\rest-assured-cucumber-pdf-report\1.5.0\rest-assured-cucumber-pdf-report-1.5.0.jar;C:\Users\reach\.m2\repository\org\jsoup\jsoup\1.15.3\jsoup-1.15.3.jar;C:\Users\reach\.m2\repository\com\aventstack\klov-reporter\5.1.0\klov-reporter-5.1.0.jar;C:\Users\reach\.m2\repository\org\mongodb\mongodb-driver\3.6.4\mongodb-driver-3.6.4.jar;C:\Users\reach\.m2\repository\org\mongodb\mongodb-driver-core\3.6.4\mongodb-driver-core-3.6.4.jar;C:\Users\reach\.m2\repository\org\mongodb\bson\3.6.4\bson-3.6.4.jar;C:\Users\reach\.m2\repository\org\apache\httpcomponents\httpclient\4.5.13\httpclient-4.5.13.jar;C:\Users\reach\.m2\repository\org\apache\httpcomponents\httpcore\4.4.13\httpcore-4.4.13.jar;C:\Users\reach\.m2\repository\commons-logging\commons-logging\1.2\commons-logging-1.2.jar;C:\Users\reach\.m2\repository\commons-codec\commons-codec\1.11\commons-codec-1.11.jar;C:\Users\reach\.m2\repository\org\apache\httpcomponents\httpmime\4.5.13\httpmime-4.5.13.jar;C:\Users\reach\.m2\repository\tech\grasshopper\htmlextentreporter\1.1.0\htmlextentreporter-1.1.0.jar;C:\Users\reach\.m2\repository\tech\grasshopper\extent-excel-report\1.4.0\extent-excel-report-1.4.0.jar;C:\Users\reach\.m2\repository\org\apache\poi\poi\5.2.3\poi-5.2.3.jar;C:\Users\reach\.m2\repository\org\apache\commons\commons-collections4\4.4\commons-collections4-4.4.jar;C:\Users\reach\.m2\repository\org\apache\commons\commons-math3\3.6.1\commons-math3-3.6.1.jar;C:\Users\reach\.m2\repository\commons-io\commons-io\2.11.0\commons-io-2.11.0.jar;C:\Users\reach\.m2\repository\com\zaxxer\SparseBitSet\1.2\SparseBitSet-1.2.jar;C:\Users\reach\.m2\repository\org\apache\logging\log4j\log4j-api\2.18.0\log4j-api-2.18.0.jar;C:\Users\reach\.m2\repository\org\apache\poi\poi-ooxml\5.2.3\poi-ooxml-5.2.3.jar;C:\Users\reach\.m2\repository\org\apache\poi\poi-ooxml-lite\5.2.3\poi-ooxml-lite-5.2.3.jar;C:\Users\reach\.m2\repository\org\apache\xmlbeans\xmlbeans\5.1.1\xmlbeans-5.1.1.jar;C:\Users\reach\.m2\repository\org\apache\commons\commons-compress\1.21\commons-compress-1.21.jar;C:\Users\reach\.m2\repository\com\github\virtuald\curvesapi\1.07\curvesapi-1.07.jar;C:\Users\reach\.m2\repository\log4j\log4j\1.2.17\log4j-1.2.17.jar;"/>
    <property name="sun.cpu.endian" value="little"/>
    <property name="user.home" value="C:\Users\reach"/>
    <property name="user.language" value="en"/>
    <property name="java.specification.vendor" value="Oracle Corporation"/>
    <property name="java.version.date" value="2024-04-16"/>
    <property name="java.home" value="C:\Program Files\Java\jdk-17"/>
    <property name="file.separator" value="\"/>
    <property name="basedir" value="E:\Manasa\Interview\Selenium_Java_Automation\Exact_Automation_Assesment"/>
    <property name="java.vm.compressedOopsMode" value="Zero based"/>
    <property name="line.separator" value="&#10;"/>
    <property name="java.vm.specification.vendor" value="Oracle Corporation"/>
    <property name="java.specification.name" value="Java Platform API Specification"/>
    <property name="surefire.real.class.path" value="C:\Users\reach\AppData\Local\Temp\surefire14008156739889382118\surefirebooter-20250724144401018_3.jar"/>
    <property name="user.script" value=""/>
    <property name="sun.management.compiler" value="HotSpot 64-Bit Tiered Compilers"/>
    <property name="java.runtime.version" value="17.0.11+7-LTS-207"/>
    <property name="user.name" value="reach"/>
    <property name="path.separator" value=";"/>
    <property name="os.version" value="10.0"/>
    <property name="java.runtime.name" value="Java(TM) SE Runtime Environment"/>
    <property name="file.encoding" value="Cp1252"/>
    <property name="browser" value="chrome"/>
    <property name="java.vm.name" value="Java HotSpot(TM) 64-Bit Server VM"/>
    <property name="localRepository" value="C:\Users\reach\.m2\repository"/>
    <property name="java.vendor.url.bug" value="https://bugreport.java.com/bugreport/"/>
    <property name="java.io.tmpdir" value="C:\Users\reach\AppData\Local\Temp\"/>
    <property name="java.version" value="17.0.11"/>
    <property name="user.dir" value="E:\Manasa\Interview\Selenium_Java_Automation\Exact_Automation_Assesment"/>
    <property name="os.arch" value="amd64"/>
    <property name="java.vm.specification.name" value="Java Virtual Machine Specification"/>
    <property name="sun.os.patch.level" value=""/>
    <property name="headless" value="true"/>
    <property name="native.encoding" value="Cp1252"/>
    <property name="java.library.path" value="C:\Program Files\Java\jdk-17\bin;C:\windows\Sun\Java\bin;C:\windows\system32;C:\windows;C:\Program Files\Common Files\Oracle\Java\javapath;C:\windows\system32;C:\windows;C:\windows\System32\Wbem;C:\windows\System32\WindowsPowerShell\v1.0\;C:\windows\System32\OpenSSH\;%JAVA_HOME%\bin;C:\Program Files\apache-maven-3.8.8\bin;C:\Program Files\Git\cmd;C:\Program Files\nodejs\;C:\Users\reach\AppData\Local\Programs\Python\Launcher\;C:\Users\reach\AppData\Local\Microsoft\WindowsApps;C:\Users\reach\AppData\Local\Programs\Microsoft VS Code\bin;C:\Users\reach\AppData\Roaming\npm;."/>
    <property name="java.vm.info" value="mixed mode, sharing"/>
    <property name="java.vendor" value="Oracle Corporation"/>
    <property name="java.vm.version" value="17.0.11+7-LTS-207"/>
    <property name="sun.io.unicode.encoding" value="UnicodeLittle"/>
    <property name="java.class.version" value="61.0"/>
  </properties>
  <testcase name="runScenario[&quot;Place an order with all valid details&quot;, &quot;End to End Testing&quot;](1)" classname="testRunners.TestRunner" time="4.927">
    <system-out><![CDATA[
Scenario: Place an order with all valid details                               &amp#27;[90m# src/test/resources/features/Testing.feature:11&amp#27;[0m
14:44:05 [main] INFO  stepDefinitions.LoginSteps - Navigated to SauceDemo login page
  &amp#27;[32mGiven &amp#27;[0m&amp#27;[32muser is on SauceDemo login page&amp#27;[0m                                       &amp#27;[90m# stepDefinitions.LoginSteps.user_is_on_login_page()&amp#27;[0m

    <br>Entered valid username and password<br><img src='data:image/png;base64,iVBORw0KGgoAAAANSUhEUgAAAw4AAAG7CAIAAADluFX1AAAAAXNSR0IArs4c6QAAIABJREFUeJzt3X9cVGX+9/GPqXNIZUhjoGJwc4hVCG1IdCwSXZU2lTKgdYXagt1Mq010v2o/1LZNrfxxr1m7Jf2CahPXDa1d0XYx78IoMb3FYsGWGEuH+sIQyKDGGS3vP4afwoWsSSPyej74gzlzzpnPOWfOzHuu65ozvapPHhcAAIAewyiGzs98UVdWAgAA0L0RlQAAAJSISgAAAEpEJQAAAKU+3i4AAADAy3bs2PH1119ffvnlEyZMOO0uohIAAOjRioqK9u/fLyKVlZUBAQEREREt76UDDgAA9FzHjx9/7733mm6+9957x4+3uo4SUQkAAPRcOTk5J06caLp54sSJnJycljMQlQAAQA+1Z88eh8Nx2kSHw7Fnz56mm0QlAADQQ+3ateuM04lKAACgh7rqqqvOOL0XvwEHAAB6FH4DDgAA4NwgKgEAACgRlQAAAJSISgAAAEpEJQAAACV+Aw4AAPRcJ0+e/OCDDw4ePFhXV+fr62uxWKKjo/v0aQ5IXCwAAAD0LE0XC/j666//+c9/1tTUtLx30KBBkydPDggI8NykAw4AAPRQX3zxxWk5SUSqq6vLysqabhKVAABAD/XZZ5+1O/3LL79s+p+oBAAAeiiXy9Xu9G+++abpf6ISAADoob777rt2p7vd7qb/iUoAAABKRCUAAAAlohIAAIASUQkAAECJqAQAAKBEVAIAAFAiKgEAACgRlQAAAJSISgAAAEpEJQAAACWiEgAAgBJRCQAAQImoBAAAoERUAgAAUCIqAQAAKBGVAAAAlIhKAAAASkQlAAAAJaISAACAElEJAABAiagEAACgRFQCuj/XgezlqT+PujZ0aETo0IjQqJtvX/6uQ/d2VT/IB3OHRoQOnZ93TleaNy8idGjE3HO7UgAXOqIS0M3ZX78t+raHXvvYXudumFJ3cPdraT+LSs60e7k0ALgAEJWAbu3AqrtX7HeL79gH//LB3tLPiko/Kyr6IOOeYSLuT5bfvabM2/UBQHdHVAK6M8fHO8tFZMLjf/6VzaR5pmmmUQteXzVWRMq3bSrxdoUA0M318XYBAH4QXUSChli01lONE+Y8Ms1UIhZvlQUAFwpalYDuzDwkTETKt+Wc3nqkWe9avuKp5YlhIiLFq28MHRpx+6aqxnvfnTs0or0prYdRtx4tfnV08oOb7K7263AVZs2/Jfq6hnHlrf4SMx3neqvboTvyXp87fdzVngcdft3P71tT4Oxg7neX/ermqxu3a27W/va3Sy/PvdDGywP4rxGVgG7thgceGSry1Qu33vzgpgNOxbt4+OhRIlK4v7zhdmF+roiI7N55oGGK/WCJiIy+IaxpmTajxd1Vn2x6+Jbx8z5okyrsmdPH/+Kxd0qq6s711nWSK++hG382c0XO/m8aa62zv/vyHTcktj+w/cDrv5iY9urug56Z3VWf5Dx2+8jpr58+rkv/4MEJP7+v7Xj5tnMCuKARlYDuLeSujL/cOUTk4KaHb7t+xHW3zHs9t6Tq9MgUNmq0iLvwE0/7jmP//oY3//0fF4uIiF7yiV3EMnaEqWGB8sx5K/a7xXfisnc+KfKMFt/719+EidRtXfRMYat1OzetWL7fLUOmPfdu47jybcsm+YvIFfe8VVT6WXaKuWv3gJ73+L2bvxEZes9r7xV9VlT6WVHpJ/98auKlIp8tf+Kttk1LOf9nhaN5FPzeD197cLS/yP4Vv1l9oOVszpyXN1WJBE1/uWm8/LtrE4aIHFjxaHNrHIALH1EJ6O6MtkX/KPog4/H4UUG+dSVbV9x36/iIqMQHt5c3BybTMGuQyIEDdhERvbDgM5GbZszwlfJPSpwiIiW7PxYR67DGoU3Oj/PqrvAf8ptXnrs1pHEUlNE676mZV4h8k7O9VaQo2ZkvIlPnL481N44rt9z69CMTRL7alNNqzi5SuPMzY9AVk55MX2Dzb6wgKHHNQ2NFZOeOgrYtbUG/+ctLTaPgNZPtV2+89JsgkfIXX2rZ/6jXuUTEMuOOmKbx8uaJK9YsSYifZhaiEtCDEJWAC4FmGpX0VMZ7e/bu3bbunolXSN1nm+7/+fiHmjrLhlmvEZFPSuwicqBgt8iwa1JGjxL5eOd+Eakqs9eJjBrd1P1muvWVHf/66J151taPEj56hIhUlbcOCqeNKG/BVfdjjOuxLfrHRzv+9XyCf+uqRsQME5HyqjbNSpYZ08JPmxQ2LWmIiHxS0GLIl3n0DUEi9mcXrypo0UoX9ssVTy1fkTCsC7YDwHmKb8ABFxLNaLlhwXP/mmN/6ReTny7ZPPvBSXufn6SJiHXsKNn6cYldRD7eXSf+Y0eFXCMW2VFQeEAmVe3eLTIk2mpquSpXYdaKVa/u2H3wDCOQYmZM9928Mef3c8YOW5Vo1kREt78194kdIr4JU67p4u1toDvefeaJlzft/qQzw6XChrX9XqDFEiZy8Ktyp0hTXgyb9/cX9Tt+95cX7hz/goj4Xurvb7FNmnbPXZPDTep4COCCQ1QCujFnybuF5WK03GBrfbUAzXL3c49s+9kTn23f/rFMukFETGEj/OXjgsIDuv6JXWTq6GFi1kf7yoadHztmSImIWIeFNK/AnjntluWd7D2zPvh0/Fu/2bzjoYkjH2ox2XfKqgW2c7WhHXHlzR8/852uGFJujHno73vmuRwHCw8ctBd8kLd/R86LH+e8uGb0k+vfSAjqggcEcD6iAw7oxpw5K+67P23upoNt7zIPGSINl10SEZGwETaRKvvB3J07REaNDRORa2LGihzYX3Jgf4nI6NHNnUr69qeXHxDxn/DUtoYRzQ3jmv84oZ0iSp57dLNbhowaPcTXM8HgPyLhyb+/t+YGY5ds9GkOpD/2Tp1I2MyMDz8palHtm/cowkzJgbbfi7PbS0TkiiBT29k1o3lYzKTJKYuWv7Lxo9Jtcy3yze6Hn+N35ICeg6gEdGMNg4c2vJTb5hv8Be/mi4jB6Ns4YZh1mMju1zMLm/varGNHieSnv/CZyJAYa/NYH2d5uYjI6OmJrRqrqrZs2NGmhAOr7n+5XEY99XrGG+985Ikp/85fvyLB8qPkJBGpKi8XkaEJM0a16hYr3JhV3v4C9g1vF582qeTtrIMivjfEtLhYQvpNEaFDr1tS0HpOy5AwEZGD5eqLNgG4wBCVgO4s5u57gkTq3rlv+qJce2MLkl5V8OqsezfUiVyRMqNptFDQ6LFXSN0n+w8297WZwkb4S93+/QdFRoS1GMBjCgoSEdm9Mbvpeou6PXte4kOFhtMLcHy8vbztOKcfk39QkIh8tmlD02UkdWfBmtt+9VZdm2IblL98x92vFzRchEp3Frx++90vl4sEzZjeosPQMmnSFSJ1G343K7NpWLdeVbD6uRwR8R0W5rXtBfBjY6wS0K0NW/DSssJfLd598O37Jr/d+q5LRz+5bkFzM4mEW0eIfCUiY8eOapgUNsomL+eIyOhRLWYUbdLcRcN2LD/QeviRYcSiNROy7n+6VfeV6QqLiP3g0zcNfbppPt8gf81/WMKM+2YlDPthbUs75k64sd0R1GEzM15J8nSwDZv12E1ZM98pefH2kS82z+Afv+4pffZDW9suOnT+k6MyH15xxw0rWk2+5sGX57f6XlvI/HWLdt+2fH/+8jvHL28166UJf5x72ncDAVzAaFUCujnLrW/s+OfLj9wU5t/Y1+Z7adiUB19+919vJLT+qtewa8JERIbGXNMUP4aNHS3S6uKTDStN2fjP5+4cFdSwSt+g0Xc8t2N9yjDt9OCiTZz/P0NaT3LXlX9VtX/HCw/fNnLaD7ywtbuu/Kuq9v7K3c0zGWNWv/fXJVOvadr8EVMfe+OfT92g+Jqa0X/sQ/9sMb/Bf8TUx97Yu/FXIafPaUnZ+N7bT97RNAaraceuiPmxehcBnAd6VZ887u0aAHRbzrduv2Hx7mF3/O31h6zN+UF3Fmyc+7sVu6sk4cWiFTFerRAA2jBKQw/9mjVrVPPMmzfP8w+tSgDOnmPr67tFLAm/srZqZ9FMtl/NmWRo+Q08AOimiEoAzp7JP0hE7C88ntnykta6q2z7ogc3uEWGWtte7hEAuhWGdQM4e9rUuYte2LH8QNuxzyIiYY+s6urfygWArkarEoAfwpLy9odvP/mbsddc4dv05XzfSy2j73jqrQ//fhdtSgC6PVqVAPxAxvCEea8kzPN2GQDQJWhVAgAAUCIqAQAAKBGVAAAAlIhKAAAASkQlAAAAJaISAACAElEJAABAiagEAACgRFQCAABQIioBAAAoEZUAAACUiEoAAABKRCUAAAAlohIAAIASUQkAAECJqAQAAKBEVAIAAFAiKgEAACgRlQAAAJSISgAAAEpEJQAAACWiEgAAgBJRCQAAQImoBAAAoERUAgAAUCIqAQAAKBGVAAAAlIhKAAAASkQlAAAAJaISAACAElEJAABAiagEAACgRFQCAABQIioBAAAoEZUAAACUiEoAAABKRCUAAAAlohIAAIASUQkAAECJqAQAAKDUx9sFnC9OnTol9Sd7fX/q1Hffy6lT3i4HAIBzpFevXr0vOtVbROvbq1cvb1fT/RCVREROuU/Ktycuvvji3obeffr0uegiGtsAABeI77///uTJk9999923rm9PXdy3l4G3/v8O+0tEP9nnOzEOGuTtOgAAOPcuuugig8EgIhdffLGrzvWdfCeG3t4uqjvp6c0np9wne38nRl9fbxcCAECXM/oae588dcp90tuFdCc9OiqdOnVKvj1BTgIA9BxGX1/59sQpRuV2Wo+OSqKf8Ln4Ym8XAQDAj+riiy8WnYalzurZUem7U316018LAOhZevfuLd997+0quo0eH5X6MLAdANCz9OnTR76jA66zenZUOnWK6wIAAHqaiy66iCsIdh5BAQAAQImoBAAAoERUAgAAUCIqAQAAKBGVAAAAlIhKAAAASkQlAAAAJaISAACAElEJAABAiagEAACgRFQCAABQIioBAAAoEZUAAACUiEoAAABKRCUAAAAlohIAAIASUQkAAECJqAQAAKBEVAIAAFAiKgEAACgRlQAAAJSISt3crqcnz37r8Nkvv/vJm+dudJzLigAAuJAQlX50e19M/nOht4sAAACdQlTqYu5j1TVHjrqbJ1RXflFzzH36XEePVLed2rB4O9OV84v7aM2R6qPtreloi/nbVPUDKB5R/RCtKgEA4PzWx9sFXMgOv73g/ledA/r3PXrkxLD7lq+cHPThyulLd4rI6sk7RYKSX1h3a/DRfz87/4ncI/0G9D1x9NglsX9Y/sDw/uJ4a+Yy5/Qx/0l/54ih7/GaY6Zb/7By1nCDiEjFe08+8mJeTb+B/U8clStnTezf/HDbHnvwxVLp30+OHZehd6148sZgkQ9XTt86dH7gtrVby02pzz893VyZu/IPz+48MuCSfu5jYpk5fsCZt6N84+x5ZSkbHx7T5qYj5/456yv69zMcq3UPvXvNkzcGi4hU5q78w7O7jg3o3/fokePBib9fkfLTAe1U0mX7HQCAc4eo1GXc76W/dOLW5zN/bRaxZ96V9rcPJ8+9fuHGFyxz77Enb1s42jPXJy+tet+ctn7d6AEiR7cv/8Xy9eM2zBwhIuW5G2Xl+g1XGkQOZ869589bp6y7NVjKN/7+Ofu1y/52/08HiLjtb8xLe1uCQkVEanL++NyRSc+/8WuziHyR/puFf9w2es3kS0Rk70t/u/WJP789/BKDyOE3n/ij3frHrJlhA0TcX7wyf+Hf5IphZ7uFuS++6r5lzZspQZ5H/MuuGx8eI2WZf0g/9osXN40PFJGju5+8+4lnh73w8BjDaZUAANAt0AHXZQymwP5fvb/+vZKKY25Lyqv/mHt9e3ONmJv55mKr1ByprjniHmYdduw/ZRWee66ZnnylJ1IETxplLv/isIjYc98qv2b6zJ96moIMltt/d4tfw4oGTl3zj6fvuORIdc2R6ppLRg7vd+DTLxruueX+WQ3p5Iutb3818ra7whqWv/LXc6cM/AFbGBjQz7Hzb7kHKo+6r5z1sqfZ6Yvt7x677hZr35oj1TVHqk/8dOrE/nl5xW0qAQCge6BVqetc/cDaRzZm/e2PaS863H0tExesuP/qtr1dRz99cd7v3ztmDh9puUTEWS0nTpzw3NO/f3Om6C/iFBGpPFITdPWwFlkjeOiVstfzb3nOw4+lH+wfEhFqHiDH7CLmhhFB/Qf2bZy9svrIFSNaLm8OtcjZjzEfcf/KpW/+7Y2nFz5bfsIwZPyjT8wcMaCy+sjxj55esLfFbAPHNG5GcyUAAHQPRKUu4z5W3T98+tzl00XcNf96/M5VGTGZDww/baYv3liZO/C+jBcn9RcRcbwx892PO1qn2WQu//cB963BjWnn8GdfiFwtIu7tmX9yjP7jhplhIiLy4bLpH7WzfFBg0FefHHBPNzcu7yi1i4zoxNYcO+oW8Sx1ouZYwxYerek/4rb7o24TcR/JWX7P469e/+b9QYFB/cbd/+L/nL6lAAB0S3TAdRnHW/OSFnkuWWToe4mhcfh1//795bP9JS2/A9bQjnTk/fW5Z7jCkXn8lCH705/eXS0iIm77G3/8e23L+0+4G6a/UdDu8kGxk3+y96XnPqzxLP/FK09vrTnzlgQNG95v784PPQ9anfdW7hHP9K82zk+d92a5ZwsH9u3X+BCm9198o8yzgTW7n5yR8uynZ34MAADOT7QqdRnL7cvuK33w3ts3XtLPfeR44E2P/G64iMigicm3vv3E7xJzZez8bQtH337/uPtX3nPLej/DMbHMjL1uZ4etShIU/8TvHfOfuP1mGdhfavpaf3f3qD9uExExTEq5552FD87IH9j/xNH+41NvuuKFY+0sHzztsRWORYvvnC6X9JMjfaPS7rpube4ZN2XEXffF3Lv69oTMgYYTcm3arLEf7hERufLXf7j7wMPzbnnTb4C79mhA7LK5V4tI8LRFjzoem5e4dcAlfY8e6TvsvuUP08IEAOi2elWfPO7tGrzmVO23gwYN6uIHcR+tOS79LxnQ0WDmzsxz2gJHjkq/QW0WUE1vs/yx6mMyYGCL0VDyRc7TOQdOn++ScXfdHtU48Nt99Ijb0E6R7T9oOw8BADhfVFdX9/K72NtVeI2xYUiJrFmzRjXPvHnzPP/QqtTVDAMGnjEtdGae0xa4pN2Ip5reZr7+g/77CGMY0P6X19p/0LN6CAAAzjdEJXhcOXXu/VO9XQQAAOcbhnUDAAAoEZUAAACUiEoAAABKRCUAAAAlohIAAIASUQkAAECJqAQAAKBEVAIAAFAiKgEAACgRlQAAAJSISgAAAEr8BlxXqa6u9nYJAIDubdCgTv0GOroUUamr8PwGAOACQAccAACAElEJAABAiagEAACgRFQCAABQIioBAAAoEZUAAACUiEoAAABKRCUAAAAlohIAAIASUQkAAECJqAQAAKBEVAIAAFAiKgEAACgRlQAAAJSISgAAAEpEJQAAACWiEgAAgBJRCQAAQImoBAAAoERUAgAAUCIqAQAAKBGVAAAAlIhKAAAASkQlAAAAJaISmk2+ebq3SwAA4PxCVAIAAFAiKgEAACgRlQAAAJSISgAAAEpEJQAAACWiEgAAgBJRqSu5Kz/J+/dht+KmuCs+zf/E4e76m1JtL9xz4Ii7czcBAECTPt4u4AL272fv/MPWYyL9r1/62twow2k35ZM/3/PgO8dF+sU89sLDIw1dd7N626LbnysVEcvda/48LaiDm97eYwAAnHdoVeoyFV8cOCYiIse+sFe2uSmVZZ8dFxGR4/aDzq68KfZPSz0V2T8rP+NNAADQElGpywSOv32sn4gMHJs8xdzmpgTEJl8/UEQuuT71pqCuvClRyXdZ+or0/ck9yaPPeBMAALTUq/rkcW/X4DWnar8dNGiQt6s4j0y+efq2f2z0dhUAgC5XXV3dy+9ib1fhNUYxeP5Zs0Y5+GTevHmef2hVAgAAUCIqAQAAKBGVAAAAlIhKAAAASkQlAAAAJaISAACAElEJzbhSAAAApyEqAQAAKBGVAAAAlIhKAAAASkQlAAAAJaISAACAElEJAABAiagEAACgRFQCAABQIioBAAAo9fF2ARes6upqb5cAAOjeBg0a5O0SQFTqMjy/AQC4ANABBwAAoERUAgAAUCIqAQAAKBGVAAAAlIhKAAAASkQlAAAAJaISAACAElEJAABAiagEAACgRFQCAABQIioBAAAoEZUAAACUiEoAAABKRCUAAAAlohIAAIASUQkAAECJqAQAAKBEVAIAAFAiKgEAACgRlQAAAJSISgAAAEpEJQAAACWiEgAAgBJRCQAAQImoBAAAoERUAgAAUCIqAQAAKBGVAAAAlIhKAAAASkQlAAAAJaISAACAElEJAABAiagEAACgRFQCAABQIioBAAAoEZUAAACUiEoAAABKRCUAAAAlohIAAIASUQkAAECJqAQAAKBEVAIAAFAiKgEAACgRlQAAAJSISgAAAEpEJQAAACWiEgAAgBJRCQAAQImoBAAAoERUAgAAUCIqAQAAKBGVAAAAlIhKAAAASkQlAAAApT7eLuBC9sEx+/ojew+6vzn2vdvbtQAAuof+FxmGGC791cBR1/W70tu1QGhV6kIfHj/4yP9uKar/mpwEAOi8Y9+7i+q/fvDrv390/Atv1wIhKnWhv9Ts8XYJAIBu7PWaj71dAoSo1IXK9CpvlwAA6Ma+dFd7uwQIUakLfXvqhLdLAAB0Y3Xf694uAUJUAgAA6AhRCQAAQImoBAAAoERUAgAAUCIqAQAAKBGVAAAAlIhKAAAASkQlAAAAJaISAACAElEJAABAiagEAACgRFQCAABQIioBAAAoEZUA/FDfHz32nftcrUw/vuX9ig+PnavVAcAPRFQC8AO5aha8dDDHdY7W9nXNs4XfvP6fcxa9AOCH6ePtAgCgpSuD/jH7MtF6e7sOAPAgKgHoYm795NGTIn0uGqSd3o7tucug9RnQ4rXI0E5O+v7ose/d7a0BALoYUQlA19GPPv/XQ2/VSH+DHHPLwJ9ctipuULDnZUc/9vxfv3yrptfAflJz/JRndkvMVc+H1N2bURE8LfyRK0Vc39yb8W18Yp+/vlVdIXLiO+k7cNDyX152jebdrQLQoxCVAHSV+pffOPT+oMteSh4U3EdEP/rMXw/dva139s1+A0T25x96q99lWXcOGiTirq5Ke70mKjn0NyaR08c81a17/5KHZ4aP0kR01xOvOZ7cZdwwrp+XtghAD0RjNoAu8kXVxrr+v57c2IykDZgTOyjQ7sx1iYjb/vWpqHC/QSIiYhhkvNH/xB5H+0O5x4+7fJSnGUkz/jK8d43j2//9ETcCQI9HVALQNf63pl78B4xo2Vl2+YBh4i6pFpE+A41S8r/1DdP1b/dX9Qq7zNDeavoGG5tv9O/HcG8APzI64AB4wUXjowNef/3LhK/7X2+Skv8cO2YJeu5ybxcFAO0gKgHoGpcN9JEq155jl8b1b5zkqNsjhl8NEpHvPiyoqrhs0PyofgaRcZFB15j6tNumBADeRgccgC5ypWm2/7fPvlVRoouIuF1HHttWYwi7bKpRxFnz8n++l2P1H5Z9Wy1y4tjJoye9XS0AtI9WJQDngHtdRvG6FrctMVc9H6nF33albDs8d903nonm4ebnJgwwiIhp4G9+6nzC2csgJw+U1Rz+8viB4xfFTrtq/pUMRQJwviEqAfiBjJc+n3Zp+3dp/eJvHRp/8rtq/VSr60x+Xbn6P/3m3/+T8Y1T9u8oWZh/5I4rL72s5drarPmyyKv+Gdl1WwIAbRGVAHS1Pr0HnfZSo3932u/hGnozGgDA+YmoBODHZ74ktt+hJzMOltguvab/qYr/OF/+z6lx0y65zNt1AehhBg4cWFNT03b65Zc3fyeXD3IAfnx9BsxPvWpZ1MXHyqtfzq8p6Tfw96k/fYSBSgB+bEOHDm13+pVXXtn0P61KALyij2FU5GWjvF0FgJ5t9OjRdru9srKy5USTyTRqVPPLE1EJAAD0UL179/7lL3+Zn59vt9vr6up8fX0tFkt0dHTv3s3N3EQlAADQc/Xp02fcuHHjxo1TzcBYJQAAACWiEgAAgBJRCQAAQImoBAAAoERUAgAAUCIqAQAAKBGVAAAAlIhKAAAASkSlruJ7kebtEgAA3RjvI+cJolJX+YlhkLdLAAB0Y7yPnCeISl3ljoFR3i4BANCN3TmQH5Q+LxCVusr1/YY8dfnNV/tc1q+Xwdu1AAC6jQEXaRE+l6+4/JYx/a70di0Qfi63a13fb8j1/YZ4uwoAAHD2aFUCAABQIioBAAAoEZUAAACUiEoAAABKRCUAAAAlohIAAIASUQkAAECJqAQAAKBEVAIAAFAiKgEAACgRlQAAAJSISgAAAEpEJQAAACWiEgAAgBJRCQAAQImoBAAAoERUAgAAUCIqAQAAKBGVAAAAlIhKAAAASkQlAAAAJaISAACAElEJAABAiagEAACgRFQCAABQIioBAAAoEZUAAACUiEoAAABKRCUAAAAlohIAAIASUQkAAECJqAQAAKBEVAIAAFAiKgEAACgRlQAAAJSISgAAAEpEJQAAACWiEgAAgBJRCQAAQImoBAAAoERUAgAAUCIqAQAAKBGVAAAAlIhKAAAASn28XYA39epzUXV1tberAADgx9arD20lndWj91Sty+XtEgAA8ALeATuvR7cqGfsN+OnoUd6uAgCAH9t/dn/s7RK6jR7dqgQAANAxohIAAIASUQkAAECJqAQAAKBEVAIAAFAiKgEAACgRlQAAAJSISgAAAEpEJQAAACWiEgAAgBJRCQAAQImoBAAAoERUAgAAUCIqAQAAKBGVAAAAlIhKAAAASkQlAAAAJaISAACAElEJAABAiagEAACgRFQCAABQIioBAAAoEZUAAACUiEoAAABKRCUAAAAlohIBCUvYAAAaaklEQVQAAIASUQkAAECJqAQAAKBEVAIAAFAiKgEAACgRlQAAAJSISgAAAEpEJQAAACWiEgAAgBJRCQAAQImoBAAAoERUAgAAUCIqAQAAKPXxdgEXOkPYjAVzkqwmze3MX79qaY7d2wX9cP6TF61dHhei6Y5tq9Lm55R7ux50W/62OQtmTbQYNRER0d3OirLCHTlbNheU694u7QfSrEnPPj472qS5Ctf9dmHm3rozLxI8NiUtOW6kxRRg1ERcRZlLZqYXuH6MYluXMWnxi4vjgjUR0SvthZsz1j6zvfFVy2CdtXblHKtRRHSXo6gge+2qrM5sGtDdEZW6lhZui4+7MdokInqAMzcrx/65dwvyt85IjI3wdRXtzN5QUHVWq9B8jKYAk8lHdGPDexxwVoxBEbYx0eYWzyLbjQnJaQvz1j6wMD3/7J6e5wnNGGgyB5rEx9/s05n5g6YuXLAwKbxpVxgrg7x0chlNAWZToIiIBJrMg31dpSVLtjV8INIC/E2BJqOIiMk0OMQk9pI7Mwu9UyfwIyIqda3QMFuoyfOvFhA2Zrhl0+debVcKsCbOmpU83OjMryvcXFDV3T+740Kh17p0Ec3PqIlog2NSFyYWTk8v6DnPT81sHmzSRKTeuW9rbmGlrpfmlf34TUoiUlmyJX2dM9hoHB4TF23W/Ez+AUYRT1Ryl+3IWqcVmnzMtvjYcD8xBVuMRhGv1An8mIhKXcoSYQsPaLzhY7ZOCAvabG/usTKGxSYlxEaH+IurfE/u+vSckhbvDUHRCXHxMdZgo1SW5W3IzMpv2dPlb5uRkjgl3F+cJVuz1m0orBMR8Q2LT4wbGSSHC/NKjTHxMWF+Lvu7W9Zv2GnXRYJtSfGTQgabrYONIqIFWOOWLIoV0Uvz1r+6s7yj1YqIiGaJmZEQNzHEt9ZRUNTJj7sGy+TkxOggTS8v2Lw+t8gtwbaE+EnhAeIs2r5lQ0G5iGiW2JSUuGizr7jK9+RmZ+YUtnrZbbceQ9jk5LjoIE2qirdt2bLHOC4lITY6PMhPXHvWP52lX5dkM0vVvh2FMnLqjdFmQ5u95xsxNTkl1hps1HSnfU/elsycQt0SMyMhJlScpXZ9eEykFG5Zl+uKTkmeaHLlZ69L78T+EV9rfHLiZFuQn15XWrAlc33u5+7O7aX26nE17PCYUE10e15W9i7dlpgSFxNhNvq47FnpSzcUus9QjyHsrpUrH40N99NcpXnr5p/fjTT1Zbnz703bbJeIpOdfW3rjYDEFW8NCDQVFbpEg211JiRPD/TW9rrJs14as7Pzy5j0bPDZpVlxMqEnTnSVbN2W0aiht74gEj01KiQnRdOfe7VsOBcVOsZo13ZGfk+sKi5scZpKq4m1bNuWX+4+cGhcfYws1SWVZwY6cLZsLq6RTR8R/5NS4+FjbYKnaU9jpmBdkuysuNtRiCTCKiOgup+v0Rc+6ng4ZLJOTk6fYLAGaXuso3JHT0Mysl+Sml+RKUOxqa1y0iIjmoxlEPGuryt+Uni8yMuX5ybHhfp57OxWVfEdOTZxiNWt62Y5N2Tvsbi0oZkZSTKimVxbmNpz1HZ9BhqAJiakzYix+enl+80ul78ipyVOsJk137t2evbnMHJ+cONlmCdT0irzMpel5h8/0ChM8acGfFqdGm7V6577NqxY+sOkCGCCBLkFU6kqWsOgwU3Pzu2aOsIUH5JRXioj4Rs9auXrOjaGNsWNKXFx8zMr5S7L2ukWzTF2+YklKZEN7lMTcGB8bm75sydLt5SKGiIQlqxckRpk8S46bEhcXn7HkgdV5lWZrfMrsKWYRPVW0xnsT45Iyls5cnhc6KTEtNdKvYY3G0NjkUBER/VOtcNvO8soOVisSPHXxnxanRjeUc2NnN99sjU9KTQjR6h2m0rzcIrth8NjEtNQxfuLaoxduLnBGJK1avSBuuLFpDyQmxa2dv8Tzpt7BZobFp6QmmDURmT1n4SHdNLhhDU7Ju+qgJXlWYoiPJM8Szadx702xRS6au3iD3S1BMUuWLp0V09QnMm5KYtxE65LlBTEpqcnDmyJgXNyMObqPURORKTFhwQvTFm93drB/AmyzVj+eNiWkYfmJsXFJCVsef3Txq4VnGsehqOe3y3PFEttYUuqsOY5aoznQs3qX9ul6o4irg3pERMxh0WEhfpqIGEPDbBHmjPyqzmY3L6p1VtXqIppoRk0TQ0TSsmcXJDY9QyQ2Lj52zKIHF7xa6BaDJX7xymXJkYEN942bEpeYtH7Jb5fnHlYekceLwmNnpI4LFNcezbXHmjY70ijiHC56aUxaSrgmjn8VHahbtnJpis3U9ORJSk6dkbHkgdV5WsdHxNc8a+nKJXEhngWnxHV2kwMssUmzUqMat9Ev5MaUEM+JWbB5Z7nLErts6VnVIx1FY6Mt5U+Pp00JadqzNybExUUtS5vfRVnBYI6KS02LNYte7FOSt8NeHhDWUHxFnjM/t/BwZEdnkNGatPzxhUnhDdVOjItLil07f0lmvh4SlZiaFmMSEZk9e5lDAs0N8xxy5fqJIaCjVxgRMQy2WiPMmoj4mMIjrCEBm+yVXbL96Pb4BlwXCg4bE2XWRKRi37/2uEREGxxmi/AXETHakhemNOYk3fMp0jg8MW1hqk0TS/ystBkNOUmv10VEfMzjUuakxVskeNLC1QuSPW+Q9bpeLyKaeWLq4mVJYc1tPZrnXs8NU1Ry2sKEK/QqZ6XTWdv4kare5apwOiucjkqXXi8drtaSsHBOcmNO0uvP1d4Jik1JiR1uFBHXobKyQy4R0UJjku+KsUjH9eh1rnJnheejt9aUk06jtRwg4hcem5QQaRTfCUmzUhpzSX3DbjdFxyb9bEjzieDZQB+j1nBcjCFRtpCwjna7ZXJKsudVvtZRVupweR4xJWFMgHRMWc8Uq0HXXZUOZ63n6Jsa3wUbnflp4LDnlzjqRUT0QyUFRY7zOif5GIMmpyxeveKVFxfHDfcMKC5zVIbEzUlpfJ/TG554PiGxKQnjAkQCbMmz4iIDRUR3lpY5KnQRzRQdlzTFahDlEbn22zL7YZeIGANCwkMb3laNASHhoSZNRGrLnT+ZNqcplzScQZp5YvKcOZOCOjwiA6JnLZjTmJPkv+k4rHc7K53OClfjmam7aj0nZrkuEhQ/6+zq6ZDBmjQrtTEnNbzCiDE8PjEx2ve/qPzc6fAMskxtzkkNTwNjaFzassVTg8VV63Qccro8E5tyUoMOX2FERMR9qLCkyCkiIq6yosIychJUiEpdxz/CZg3QRMT1eUHenjKXiPiFWKPDfEWCJk6NG2kSEb00e8H4yPDItPWfukTEFDUpdvy4mPiYEB8Rce5amxpjjkxclOcQEb8Q22Rb7IS42AjPgnnZmevXb8h+/5AuooVEx8VF9Wt8ZL1s07LE8Mi4/8kurhcRLSQ65tqK9Huvuy52Zva+WhER59702ddeN+bq62785eo8l1g6WO20ceM8A29ri7P/5zbbtbcv3VR2LsaQaA0NX+Is3rpq9p3Lsvc4nBUu3cdk0jqsJ8qVO//2cT9bmP2p581Fd7ybseDnY0L8rxozLb3wZOMuOJS7ctq4mOnrdlWIiBiDQyyDDebQ8BA/EdEdm5bEmSMTF+U6RERMIcMvG+BZ7FDuyvQCp4iIa9+6Z3IPiYhoftrgiR3Uc6nm49kU3ZGftWz63JWbip0VTqcY/QMMHe4BdT0jLebKnat++fOYOzN21YqISL1jV+aS5MirQvyvvW3xTmNH+8fzbucufHVu3E2pC347O3n8r8/r3jcREVNkQnJqSuK4KLPR0x+XuSlXgiJDPU+8fRnTx4VfN9tzjmiDw6yhvqJpDU+g2uLctXNT56/fdcjprHBpAb5GMSiPyEWHiw85dRHxCwoLbXhj1QIsYcFGEdEPH5Goa8N9RMS5b93sGPPVsTPX76sVEWP4xDibsYMjUhg4wRYeKCLifHddamRk7MwMzxPvzFwF6Xf+fMzP0rL3uEREKgrXTR835urrbvxleoFujYm3nVU9Ozs83mbLyCCTiIjz/cdvt5lvXuA5o/0sYREhHT9lu4b6eAUYDCNjEieEG0WktvhfmevXZ67fsscpIsbhtrgp4Y4ND9527e1Ltza8Irk+zV0382ar/1Uh196bVdTRK0yDw9uXTbsteeaSBdNuS6T3DR2gA67L+IdHh5n9RER3iSk8wN3URBGuFejBZpOPiLjK8nPzitwiOUt+lrPEs1zw1KWelpKKwtzNBVXirkr/9bh0z32+tiUJRh/xfDxKDI1pfjS/IHPwQIfn/3pH4ba8QpdbduQWlsaFD9dEMxn9msYbtOVrGhykWu3goZcN0jQR0Q8V5m4rrKuU3G2FyVNCQjr1vZ4O2Au2FRRPDIn0M42ZvS53tui1Tuehwtys3H26b6S6HnOwSaRFv1Zt8ZZnntnU5hvLzqK8vPzy8oCCksPJYwKN4mc0alKSnja7fsGclNjIKUu3VC1tnFcTrU/jZwa9KQXqui66LqKJ9L00qIN6/Mryc/NKrYmhRvOUBRlTRK91uWrLCjdn5xV13JTjVtbjo53WRKCX5mWuzCpo+NTb0fFquX/cRTs3FXVYwvmm3uU8XJKX+czKVwvdIktmpjkWzkqODk/duCu1eSZN0zQ5XJK7ozB2uM3kF5n8p38ki+6qcDqLCrI3F1SJ26U8IgdNReWuhBCTX0h4Y2e0NP7vdFYN9DeJiFSUbNmcVy4i7+bkFsVFRhu1gKCQQF/5vPlp1vqImPwDPN8GdRZvzdl12O2u3J6XEjcm0CQ/RIB/ePDZ1dMx+6YH5uqVc2ZPsY159I3CR0/bs8qXiS7j7uAMMsZ7XkVF/MJvTAlvsZTJHOpvahxwLiIizn0b0tduLmmsv4NXmJaPXl6wOetH2Ux0Z0SlrmIMsQ33NHFr5ujE5KbJV4VbIwwFP3j1eq3LVd/ijNedLv3ED15re6t1nxzUdPO/7H1ryB0+4vmoqjV9zNNFRMo3L1sorgVz4iIHG41+Rs3PZB4em7rQWVy0qukzcXub2bpJq77O2XIGacwYnv6s+hZ9IT7iP3nO4keTPQO29FqXLprR77/7Rna79biLshb/VnctTImNMJsCjZqf0eQXGZc227G3ZFWHzTmdr0fXXe12fZ55/3QL9WVb5t+btqH1p3rNmvTo4rQpZs3TX6yL+Blb9LCU5y1duLB2wZwkmznAaPLTjIFmY2Di7NqSwnuy7OojklFa5qyNMfl5niguZ62x6X/HwYpj/o0PfqaSWx8RvZ3/zqn/sp6O+dpmLVgy2zPER3fV6qIZjT/0k09nNb4EaC27yDs4gzKa9mi9y1Xb8sntcta2fq7X63W1rpY5T/0K82jO4S7dSlxw6IDrIobhVutVRhGRWkfxnn379uwrPqSLiASG2aKuOnLY079uDImOjYkwSPDUpf/3/5VVfV7m+PvSSHEccomIBFpj423+4mud9cr7VZ+XVX2+66+J/gfLnfUiIq7SLUunjRtz3dyMIpeI6LX24k9rGh7bx2ydbLWIWKJiraGa53Jxjkq3tGg00aTloIQ6Z6lytUV7vix36SKiDbbGTLSIFmabbO3cpWJcdbWeEUWmkGhrmBY0ZootpOmjvHnS4rf/tX5ZYrhesPLnY2Kmr3r/kC4iWkCIOUDvoJ7iT51ne0z8w6M9BbiK182OCbl54eZOfh37hKuj3T5g6rN/y31tQVxoXe78m61jZmfkO0VE/IIsV3XcqHDW9XR0vJr2T9CE+c9/9FGx4/+9//bjU6/yRr/KDxQaFuMZcnsod+lNY2zTn9l1qPlO3+hZr3z05spZNu3T9NnhYxL/Z0tZvWfsmsVstHRwRKpKS+y1je+wFWX7SptG7znsH5QeqPScemExU2z+IpaJU2MjPGdxeVlFB2P0XVWlVS4REVP4lJhITXyjx8ac4eh3QmVV2VnW0yFjuHVimElE6suyZ94cGXnv+r1nfU51ktvlGRMpminUGh5ssETHWoOb4t+QDo6X65DdUSsiolcWrp9/25irb1uy2e4SEb2qvMje0QeR4A5eYRpPB82a9Ozf3i/7d/G///78HJt/B2tDD0erUtcwhEfYQgJFRBz56QvvzCoRg3VOxrpHbSYxhUSHXbwor6A0LmS4poUmrnondoluNPqJiLiKCnJ35bquTHRONJnENCZtXW6K7rnYjNQ79m0tyH3fEVkUExJlNEUlP7MrcVm95vk46CwqKTl8Iqzh0bWQhJXZExc3fljUHXsKSg6LiNTVlpfXSqSfGKNT1xUn6vWNFwXO35KnWu0He/RPHXGhIZpfePKzb8atbrj4TSdUOYrKnfWRRh8tJGll9hSXtFzQWeWoF1OgSQITl7weVlavhQzWRETXna5at72DeirDU157fPZIsxZoFBEJtKVtfH92vas4/dG0ZzpurdN13fPuYgyJX7AuSjdHhLc/JryNyt3qeg5/o1W6jYEmo5iSV79iPaybPFfSqndVVXacfDqsJyJh5eo5MaENTwxjRPLajxJ13b5l0cJl28o72j+HPZ+rLdb42HGhJk3EHB0bF52V+3nJeT2yu616vc7TATrYlvrsG4k+IeGDm++sq3DVidEUqJkS5qwNner0MXviu15b7tJdegdH5LC9uNQVN9gkInplSWGpcVyUURORyvJi+0eFOwodE2PNp516opfl5xX6JKx8R3lEivfuK6u1mfzEPHFBRvEs/Zy00+jFBWdbT4er1fWGweAhsQuffnOOMWR4c6rzjZ61dnVKuFFrfCzTmIWv5M3R9cq8dTNfcaUtWzjBrPlongfVhieu/L+xuriKNyxbuLSjAVLOQyVllRIyWIxRqes+SnRJy/1TV6U+Xu69eVt2lI1JCtEGx8x+/f3UWl3z00RELy0o/lSPWfLK4hlhJj+TJiI+5tjlb+5a4nLmZy55ILOwsqNXGM8DG6ImxU2JNPuJ+IWPi58amVmQyzWi0C5albqEFhIWbfEMnCzLLykTEXEX791XVisiYo6wWbXcjPQt+zwDP30aXuykomD9ysy8SnfhhoyMdz0DFTVjwwuWq2xrevqGEvfh7Rlr1+861PBdGM/LjX4oN+OZ7NMu5GL0a3gxcn2am5G5paFvoyhvy9Z9roY1m0yBJnNAkCYiHa3WviU9K9fz4dvHaOxsThIRsW/Nys53NKzUz6g1fY9JRPTC7Gey/lWqi4gxNDzS01lZ79iVmZ37eYf1iGYKMJsCm/piGjbEFOB7hsLq6/Zt3ZJXqouIFhgSGRVu8ulsZ5X7qw72T1VBZsb6fIfeuFqzn+d4bcre0fGPvnRYj2b0Dzabmva2j9EYaDIF+Bt9NDnD8fIs4KqqbLzCaL2zyuU633NS2yPxeUHuu4VOERGjeXhkeKhRWnY1fp6dsS63uLbh3shQkyaiVxRsycw9wxHRnfbDTl08X50rKSkq97w5ug6X2UuPlmRlZmwqazxBGna+69MtGelb7B0ekbr8rMwszxcCRPM7V/1Z7rOupyN6Yd7WguJaaTz1zEZp+cTzNwWbTIHNm6D5GU2BJnOASfPTjH5mc6Cp+UFFMwaaTIEtylBtyd7cTVsb9o/4GI0+Lb9L2/EZZN+09pnsPc7GYjxj+cty12Vmf65pfv7mQFPrUs3mQH/tjK8wnqpqy6sqG0+YynJnN+y7xo+kV/XJ496uwWtO1X7709GjumLNLa8Ol5mVd7hhYmxKgi1Yk8qS3A2bCipFgsemLEyODfXXxK1XFmevXLWpeSCwr3XGnNT48CA/g+h19q0Za5svhCiGiKmpsxJjQn01cbsO7cte+UzO526RsKTXnl82xSz1ZdlLN+kjbZZAqfp0S8bKTa2v6+hrjU+MHdnwswktL0GpWK2IiATYkhamxIUa9YrivM15zsG2yGBx5Oes33amtgotLHZWUly02VBbVrB5uz1gbEyo1voSlEmx0SFBfprUluVmZq7fYW9aoaKeINuMuNiI0xrL9bIdWVk7yg1XTUpOsnmuK7h+W4m7aebGfW6ImJo2K9E6WNMryvK25ToDbJHB4thf/HW/8FGhmn64ILfIaGu4GmFBXcQkW7DWtIs62j/iGxafnDzZGhRo1Oqd9q1Z614t6Myv47Vfz97t2e9KTMqkyIDWb0B6eUFW86X5OqxHRLPEpKQkjtSKt2Wt33zGKzx5RePVRFtvVwtBtrtmpSSEGOtd5UV5W/L1sAlhppbnVPDYpIbrLop+aF92+jM5RWc+Io3XLawq27Ylu8KSnBTT4gnjuTZj6uyUGIufQfQq+9bsdZnb7bqI0Tr1DEekYcEgcZUX5W7J18ImWExNJ3vHAsYufm1tapRRKgpW3pmavrfV1RfPtp6O9nzQhOS0lNggP91VWpC7tUyLtoVoVcXbsjcdCktKiQlpE3z0ysLczDx9YmLcyLa/uNJ4YckzPKivdcasZM8VU9/dklcZEhMdJC0uQdnRGWS0JixMiRseZNREr7XnpT+TvqPcc13K5AmW0+pxFm1v/tWmDl9hRMR3ZMLslFhzbV52euOTquf4z+6Pe/ld7O0qvMYo/8W4BKJSl0Ql72gRlR749cLN/I4tcN4LtiWlTArxM9smx4YHihzKXXpnWuYZvjsJnAtEpc7PzFglAPAW39BJiSnNl9F3Hi4sKSUnAecZotIFRHdVOh0VmuaqctZ6uxYAnaB7LqPvua764YKMldk96EeCge6CDrgLqAMOAIDOoQOu8zPzDTgAAAAlohIAAIASUQkAAECJqAQAAKBEVAIAAFAiKgEAACgRlQAAAJSISgAAAEpcrRsAAPRQ77zzTklJSdvpYWFhN910k+d/WpUAAEAP9fnnn59xOlEJAAD0UGPGjDnjdKISAADooaKiosxm82kTzWZzVFRU002iEgAA6LmmTp3at2/fppt9+/adOnVqyxmISgAAoOfq16/f+PHjm26OHz++X79+LWfgG3AAAKBHi4iIqKys/PLLL3/yk59EREScdi9RCQAA9HQTJkxQ3UUHHAAAgBJRCQAAQImoBAAAoPT/Ae8og5tXgQlwAAAAAElFTkSuQmCC' height='300'/>

  &amp#27;[32mWhen &amp#27;[0m&amp#27;[32muser enters valid username &amp#27;[0m&amp#27;[32m&amp#27;[1m"standard_user"&amp#27;[0m&amp#27;[32m and password &amp#27;[0m&amp#27;[32m&amp#27;[1m"secret_sauce"&amp#27;[0m &amp#27;[90m# stepDefinitions.LoginSteps.user_enters_valid_credentials(java.lang.String,java.lang.String)&amp#27;[0m
14:44:06 [main] INFO  stepDefinitions.LoginSteps - Clicked on login button
  &amp#27;[32mAnd &amp#27;[0m&amp#27;[32mclicks on login button&amp#27;[0m                                                  &amp#27;[90m# stepDefinitions.LoginSteps.clicks_login()&amp#27;[0m
  &amp#27;[32mThen &amp#27;[0m&amp#27;[32muser should be navigated to homepage&amp#27;[0m                                   &amp#27;[90m# stepDefinitions.LoginSteps.user_should_be_navigated_to_homepage()&amp#27;[0m

    <br>Product is added to cart<br><img src='data:image/png;base64,iVBORw0KGgoAAAANSUhEUgAAAw4AAAG7CAIAAADluFX1AAAAAXNSR0IArs4c6QAAIABJREFUeJzs3X9ck/X+P/6npYxShiKDk0yrDT4dhiZTckO+jhSGijPTkQmeCjwa2FHQEjodwE6ApwQtQc8BtCNoBzATzQJMEY/QG4FCoVToxI+TMiyYmcxfDPPs+8c22GAXbPxS83G/8cd2Xa/rdT1fr+va9uS6Xtd1jdBoNAQAAADwwLhz5475hR8aykgAAAAA7m9IlQAAAAAYIVUCAAAAYIRUCQAAAIDRyLsdAAAAAMBdduLEiR9//PGxxx6bM2dOt1lIlQAAAOCBdu7cuW+++YaIWltbHRwcJk+ebDgXJ+AAAADgwXXz5s2TJ092vj158uTNmzcNCyBVAgAAgAdXfn7+7du3O9/evn07Pz/fsABSJQAAAHhAVVZWKhSKbhMVCkVlZWXnW4xVAgAAgHvDnTu3ik90fFPVce5sx/mzNGKEldsUK7cpVlPdH/GeQw8/POgrLC8vZ5ru4eGhfY1UCQAAAO6+Xy9e+HlDeMeZSsOJ7SeL2k8WEZHVNI/xW1JGTnp8cFfq7OxcW1trcnrn6xF4BhwAAADcXTc+zv5l09sa4/HU3Yx49NFxsfGjX1g28NVZ9Aw4pEoAAABwN13P3vvLxrfMLDwu7t0xQS8PcI1IlQAAAOD+8OuFH36S+Wpu3TKz/IhHHvld3vGRjz8xkJValCrhCjgAAAC4S/73v58jI0zkSa4v2KYem3Cm3D6w+xzNrVs/R66j//1v2GLEsG4AAAAYNMtfXXXt+nUietrNLSE6pvfCHd9UdRvHrWW3+R1rlvohNmsEy9RSZ77u+KbKSjh90ILuFY4qAQAAwKApr6w89dVXp776Ki0j4z91db0XVlefMTn9ynOCS3NP/mr5gkMBR5UAAABg0GTv2nX79q/bd+0sKi5etvKPE52ceim8or62f4eGOgYvVfr111//7//+77///e+1a9dsbGx4PJ6Xl9fIkV0JElIlgPufqiYnJSE5t6r+WgcRkQ3PSx65PdJvkqkD1/eJ4lXOKw7Rgo/rU3wGr9KiCP6L+bR4d8MuyeBVCgDGRNM9iMhmzJii4uKm5uam5uZeCkdr2mlEf9airjrd/xAN/Pjjj0ePHv3ll1+0b69evXrmzJkffvhh/vz5Dg4O2ok4AQdwn2vImCteuDazQpcnEdG1xtLM1dOE8rSGuxwaADywpk6ePHvWrD6LWfW3fo1a3d9Fjfzwww+deVKnK1euNDR0fYEiVQK4r9XErUg43UHsWTGHy2ou1zdcrm9QlGWFuxJ1VMesSOxjmAAAwJB5/bU/9Vnm+/4dUyKyErj1b8Fu/vOf/5icfuHChc7XAz0Bt2vvniu/XLVoEY69/Yrlywe4XgAgIlJUnGgmIumWtBAv/ek2a454Y1byuWkRJ5rzcmqiNgrucowA8GDyfOaZZ6ZN+/pMb4OKvqMRM6k/93cc5To4qZJKpTI5/eeff+58PaBUSXHp0ltxcf1YcIGfnyOHM5BVA4BWOxE58Vy6DUtiS6OilzjUksvdCgsAgGjDn9a8+McVvRT4nh4m6s8dkqwEkwcQVxeme1F2dHR0vh5QquT02GObYmKutpnOyJjY29khTwIYHFzeFKL65rxDNVFTjI4esTxCkjz0b84mSWanN3ttLj8s1370jq1yXn2IqMcU42HUxqPFWfbuiyMTN8n5tibiUFVmx2xIKTl3+VqPWa4JJ/PCuIPaahPUF0uy41PSCqovq4nIysZZErQ1PsqL4ZumXXEs/s2kzIpGNRHL3t0/PGZLkNBEu9SKgqSouN/UeHmAYeXj7f2Ui0svtwwooYfqNCNcRlh2YGmUy/97xMdvMAI0y4BSpREjRoQGhwxeMABgKe+oaNdDm2pTnpO2bk6OlQkcTf2KTxGJKP1gZbWCtIlRVUkBERGVltSQ3JuIqKHxLBGJvLv+TWvImLsw4XTXv1Wkvly9702/gpLdVcnexllFQ1qALKa6g+4aVVGU9MWDl7smdFyrP56+6HhJwtG8MH6P4jUZ81YknNO/U1+uPrQx4NDBmLIDIUYH4dTFa7xX7DOoVTdeviKm7PMQHK4DMNOfI9aFrGEctHRrxIi/aEZladRWI3oOWlr/k7OpZUaNGp+SNuKRRwY5UGYY1g1wf3MJyT4czCNq3PfmQjc392cjMgpqlO3dCrmKvYjU1dUXiYjoYnW17tKR6oqzRETUXltdT+Q8y91Rt4AibV3C6Q5i+yaWnW/QjhZv+CR0MpEqPyqxyqjultyEmOoO4i3Ze1I/rvxo4nx7InIK/6zhcv2QH1JqL4l5+eBlItfwrHJFfcPl+obL54u3+9oT1cYk5Lb0KH9oS8LFrlHwNeezYrzsiaoTlibVGLUrL33fZSKnwI87x8ufTF3GI6pN2JCrHNomAfyGCJ9+uvcC9SMeqnjG0/wKx0ZFj3J5asBxWQCpEsD9ju0VU6goy9qyRDTR5tq5/ISXnxNzhbI1hYquhInjOt2JqLamjohIXVlRS7TglUAbaq4+pyQiOldRTkQeAv0RGGXFCZWTAy90f5q8cxSUrTBqe6gT0eVDx41SinMlJUS0ODLJn6sras2X74qREjXvyzcqOUROl9TaOjnN35yxUcSx1k5icQOTY+cQ0ZeFpT0vKHYKPZwR4sXRRstyFIUc3h06kagpPa3IoJRapSIi58AQH46+XVy/Hdvily1ZMpGQKgGYa3NyMhH9ztFx5owZJv/++NJLz/1z77j490Y8+mjvVY2wYdslbrMJWTVcsesM6ATc//73v5A1a3652v2GBL2zGzcuY8ffR5g41AYA/WTNEQcnioNJ3dZQnpwUm3K8dt9q7xNLdpclak+WCTzciZqrzzWQD7+mtILIVRgm6tiTU3iimgKlyrrGa0QiL1d9dRz5/mJ5z7VMEblTenOrwjhRYB6406YanBuf9M4rprCm52OmWO5zXOlEraJVSWR8WMs5UD6lW2GBPJiXHt9YXVpDPvohX5NEkolUW58SFSdMi+pMwgRBOxKDhqolAL85dY2NObkHiCgrfefUyb0OxA586ZFZz/785np1RZnJ+SyR5/j3dzzs+LuhipXZgFKlH5ou5h872o8FFZcu9X6ncwDoF5Yt33tjWklUQ9q8uUnnDq5YI635SMoioukSEeVXnGskoorSa+QgEbm4kzMVllbXkFRZWkHEk3gYDYJWVWbHx2cWljb2HKltxCcwkH0w51Bs2BzX5EAui4jaG3JXJRQS2SyTCYe4vTrtimOJCen7Kqpb+wiWiGiKoOfwJb6LK1Fjc5PhyCRB1Mnd6kURmSnLxSlEZGPvwOF7SeXhwbIpHIzrBjBLRlYWEUk8Z/aRJxER0cPciQ5ZB379b4P6q4r2r8vVX5WTRsOaIbZ+RsyaIR7J6/nJHSYDSpWenPR4/66AQ54EMChaao6dbiZbnrcX3+jH25oftjc6b9qm2iOF5ST1JiJHV3cHqiitrmlXV9cTLRYJiKv2sqE9JRUXA+kcEbm7GgxVbkhb6BdTa14QwthdS3JfPFi49lnBWoPJ7AXJG0WD1dDetJWEC1fkW/Y1ZB5bSezJqqg2RUNlbWNdRfGJ6sJD6RWH0hO9Nucelg/5RX0AvwEjRz5MRCVlp+yd+050cvfs9fbyGvkkf+ST/NEv3kOHb3EFHMB9rDU/4eX0ZofQz2siu99ochKfR1RLnWfABO5eRIcaGguUhUSiOa5EJPSR0J78qnO1dI7IS9RVQ3thUkwtkb10e1ZyoEES1p4Xxl1X2D2ImuQNBzuIJ/KiGu0hqF5vKzDoapJj81VEk0OzPg4XG1wAWBPnvTDF1LOnztY0kKTbt3ZDXS0ROU2071mcZcsV+HAFPlJZGBE1pInnJpW+mVwkTxrEh9MB/Fa9tuKPnx05orh06W4HMiB4XC7AfUw3eCg7rSA0xZ9tNKu0sISIWOzOqYLprnSoIiOd03WubbpERPklyekcIt4c967Tb60KBRGRKDDQ6GCV8lBOjzyJauJWpzeRaHtWduDduV2asqmZiFyXBYqNbpRQlZ3J8IzO+pzcs2FRRsOVanIzG4lsJD5d6WJDsp9ffKPNK1nVWw2PjfF5U4jqqbFJSYTbwwH05XeOjtUlX3515nRHx+0+C092de2zzF2BK+AA7meSsHAnomv5LwdEFjTojyCplaUZIS/lXCNyCg3sHC3E9ZI40bXq041d59ocXd0d6Nrp6kYi98kGx1kcuFwiooqcHEVnnQ05EbK1VT0ebamoKGjuOc5pOHEmOhFR7b6cqjbdFHVLReLc5bkqpudwNqcvCskoVar1hTMWrUhvIpoYFOTVVYjvL3UiurYnIiStQn/zBbWyNCnlEBHZuE5GngRgnuwDB7bv3Km6pvr/xOKef+5TphwvPpn1yf5JXO5Y22E5Em25ERpNf569ooUr4ADuvobcRcujSi/3nGHvtTn7sNwgAyoMt1+dT0RzttXsl2mPwBSvcl5xiIhEieez5I4GlZoYq2TlnpAszVydVL9g9+Vkb91E9bGX3FYfMS7HduJYcwTLAsMj5IL+fvNpA7NiO+kvPTM2OTR7f5ButJDJsUoOS3bHqleszTe6V3hRBP/FfNfYzaL0NzNbu9Xo3uMWlIy31rRftrtwh4TdYzoAdPfh3r1/jntH+/qjtPT5vr7dCsiWvVheWUlEY21tK0/8e9iypc7nmXzwwQdMZdavX699MaATcC2trf27Ak75888O9iYGBQCAxfjyw8WiouzE+HT9c0Vs7CdLwmIjg3y4xhdquQonU/45cp3j3jldMEdEhyoMbz6pqzTsQPGkpKjo3Iqma0RkM1Ek37Qt1l+dsa/b2ll+GzfwjmxpNJjUoWpuVjU3p1QXpmQO8MbWHarmZpPjtS8a3IXAVpJS9Yl4w6bEQ9Xa5rsvjozZEiSsjDJZJ9tBElv2Cb+zPPODTfhhByq8cpNj0nN1lwEydSwAMPhPfX3n6zPfftMzVeoscLWtram5+d48sDSgo0pEdLampo3hqbxM7MaNEzw1rPfZBIChosxd5BlV6hr8RVasR9dxFnVLRfarEQmll2nZ7oYdkrsaIQDcPVVnz0oXP09EY0aPPvl53hOTJnUr8N62bVt2bCciz2ee+Tyn+/9iQ2f4jioR0RRB9+tuAODBcTEvo5TIeUmIh9H5KJajKCRKmrgop2M47kEJAPcq4ZQpZccKi4qLZXPncidM6Fngz+vWTXef2tKq/MPSpXcjQLPgCjgA6D8HDpeotj49Nk2QGNx5S2u1qq4kfk1OB5HrdN7dDhEA7ioXHs+F19sXgfTZ2cMYTn8gVQKA/rOWRSakF8bUlsQsF/d8uMjk6OShflYuAMBQw80CAGAg+GGfV/17c+gcdyd258X5NvbOouDtn1WdDLlrDyIAABgsOKoEAAPEniKP2i83fb0ZAMD9DkeVAAAAABghVQIAAABghFQJAAAAgBFSJQAAAABGSJUAAAAAGCFVAgAAAGCEVAkAAACAEVIlAAAAAEZIlQAAAAAYIVUCAAAAYIRUCQAAAIARUiUAAAAARkiVAAAAABghVQIAAABgNPLKlSt3OwYAAACA4WNra2t+4ZF2dnZDGQwAAADAveXOnTvmF8YJOAAAAABGSJUAAAAAGCFVAgAAAGCEVAkAAACAEVIlAAAAAEZIlQAAAAAYIVUCAAAAYIRUCQAAAIARUiUAAAAARkiVAAAAABghVQIAAABghFQJAAAAgBFSJQAAAABGSJUAAAAAGCFVAgAAAGCEVAkAAACAEVIlAAAAAEZIlQAAAAAYIVUCAAAAYIRUCQAAAIDRgFKllsLENVGRyRUq48nqyozINVExBxsGGJv5VGcLM9Yslwq8JQJv6aKIxJwalRlLAQAAAPRhQKmSozu/6eDB+Ki0s4ZTlbnRmw7uq+V78AccnTmUeS+JhbNXJ+yrUGrfl+anr31OKIjIaxlYxS01xwoKawZYCQAAANzXBnYCjiNPCHWi5vTEQnXntNKUxNNkszgyaNIghNcXdfGahRFHLtt7RR9oqK+uKS6pKa6+fOZAuCu15kcsShvQca1z6atfXp12bvCCBQAAgPvOQMcqTQmNmkN0JCG5TvtemR2Xc43coxIkrM4y7Spli1LZolS193s1apXJxetSYvddJucN2YdDhLadU9nCjVnJc4jqtyQXda9E2aJUtql7VGQQqn6uoq6x3+ECAADAb8SAh3WzZVuiXak5Pa5QrT+kZP9KdJCjdq6qKi1ExJ0mdvMUu3kKuQLpmkKlfklF2kK+/cKMiwaVXcyQ2TvzV5UQEVFJuL0zf2mesjJJbu8mdPOMKe2+7pqcvGYiaVRIj1N9bNneM+XnyxK8dO9VlRkhAjehm6fYzVPMd3M1OD2nSFvIt/dOrFTmvSTmc6eJ52YrqCTc3tk7ppaI8l905ts788UZioF2FAAAANyHBuEKuElBkYtt6EhCcp0yNzHnGvnGbhRq5zSkLQ+I+VLlHBh/+Gjxv1ND57Ab962WrSqxYMx1aYJsXnrDRNGCZUu8HbrNUzeeayZyFXmwTCxozeY4ctjWRETUkhs2b1NJ+6zQj4+Wnz/5+RZfdmt+xLykmq7SzblLF0YcUbvPWbIkkM8i17C9qfGLnYjIPTQ1dW9q6lYJpx89AwAAAPe7kYNQB8s7IdL90MbspctZTeQUHi7TngtryU2IqaWJobnlkQIiIn7UfpFg6bSIQ7FpUcVRLubVrb4s3H4mLZBtap5SeZGIeLy+BkUpTxQqHJyWbEmL8mERESc4LbHUecWhwpK6SIE+jMu2sgM1MUJr3VuOv5R9MYUONTvNkfr5mNsRAAAA8FszOPdVcgyKecX+WlPjZfKNiRLoJp4rKSHiBS8RdJVjy4IXEDWXFJl/OmtJoOk8iYiIrIlIfa2vIVCcwLSSmuKE6Q3FBYXHCgqPFRQ2kxNRY43BuT/X0ODOPAkAAABAZzCOKhERCcOCeXu2NC4O8tMnHMqmZiJydTEeR2TqXFlvnF2ZbznA5U0mOldbU0eyKb1W0lYRPzcks76DyMbJgU1E6rbmbkV4LlwLIwMAAIAHwKDdrZvF6pYFcSY6EVFtndEF++ruV5+plG2Gs9XMF6eZIJ7jS9ScnVnRc1ZNcoBE4B1+UEVEVYkRmfUd0u1nGi5XldQUl9QUJy62ZDUAAADwwBrCB5t4yaREjcmZVV2TGrJTjhM5SXw6D+E0V5zuvCSOanJyLLpAn7UkPHQiXdsTEV5gPFK8JTshvrq5levtxSYiVetlIp67h/5EXlth7iGz12FR7gYAAAC/MYN1As4Ea2lkgmthTE6AUBUTK3OyVpbEJeTUk/2y+AgXIiLu4kD3mI3VG5ZHUqTUgS4XJMUXqO2JLluwDkHU/ugKz035L0+rmL4kLFTqZE2XSzPT0iuayco9IU7uSPrjW40ZG5JctwTz20uSX36zgmVP6j7Ww/Vwt6Ha/A3LqcCJ5SKLisBFcAAAAA+eIUyViPhhB45ZR4RsyE94NZ+IiOwlCanJYULdqTrHoLSdFbJX8w9uWH2QiBxmJR6NLPZcnW/ROlxCchvcM9asSzxyMOHVg9ppVg6i0O2pUT66w0iCjbsTzy2POpG+wjOdiOznbM4OLvF7ua/1eERmJCgjYo7n7yNydo2IkFjeAQAAAHCfG6HRaIZ8JWpVi0pNLLYj29SobrWqRaW2ZnNsLR3ybXItxLLV306pm3aVsk3NOBcAAAAeEHfu3NG++OCDD5jKrF+/XvtiSI8q6bHYjr2cvOp97mCthciazUGSBAAAABYZwmHdAAAAAPc7pEoAAAAAjJAqAQAAADBCqgQAAADACKkSAAAAACOkSgAAAACMkCoBAAAAMEKqBAAAAMAIqRIAAAAAI6RKAAAAAIyQKgEAAAAwQqoEAAAAwAipEgAAAAAjpEoAAAAAjJAqAQAAADBCqgQAAADACKkSAAAAACOkSgAAAACMkCoBAAAAMEKqBAAAAMBo5JUrV+52DAAAAADDx9bW1vzCI+3s7IYyGAAAAIB7y507d8wvjBNwAAAAAIyQKgEAAAAwQqoEAAAAwAipEgAAAAAjpEoAAAAAjJAqAQAAADBCqgQAAADACKkSAAAAACOkSgAAAACMkCoBAAAAMEKqBAAAAMAIqRIAAAAAI6RKAAAAAIyQKgEAAAAwQqoEAAAAwAipEgAAAAAjpEoAAAAAjJAqAQAAADBCqgQAAADACKkSAAAAACOkSgAAAACMkCoBAAAAMEKqBAAAAMAIqRIAAAAAo99IqtRx/eqVXzr/bnTchRBu1B7etf3w99f7tfD17/K3/z2/tn8LAwAAwJAZ2Y9lWsp3vbfr5Hett4lGOUx74Y11zz89joio6cC6V/dc6lF8QkjqtqWUtWr1YcVTK7O2+NnpZ2jLT4/ISPAdPbBWNH+6YX1Gs+EUo8CGxflPPywsoRvTF/2/mZYv/O1newq+pOvTF7iKhyI2AAAA6CeLU6Wmw5F/+vDC7VETpvu4WClqKs9kv7n6h9gP180cQ6OffMbX5yoR3Wj8uuy/xBM9wxtDRGN5o4nGLV87r/DNL7KzzvqtnUJERB2l6XsukYN/yEDzJD0n//fffd6RiOiqoqQwPSf7zT+WvpqStJg7ONX3ZUZo8l+k9ISHOWV/Obb+5Q8dove/pU+MZq5KjPch3vShDREAAAAsZWGq1FGa/uGF26NnanMjIrpevi1406n3P5TOXOdmN335G9NJe7io7L/kHfynpQZpytOvBE//4h8Fe/KXb1lgR9SQnX2aHpWsCuIPWlvGjhk31o6IaKzdolV/95kat3LLzm3HvA2OY1HHjSs3bhONGjNutFW3ll2/ev02WY0eO8aqe729zNLO7bAaO8aK7HjudqbmXr9NNOpRO8OFb9y8TuRgWG7cEx7d86SO67/c7KDe1ttLVAAAADAoLEuVOkpOniaavvI1bZ5ERGPEwcufOrWzqLBynVsfB1TGPBsi/+R07icZZxe88VRpRq6SnloZKh6y3/kxM5b72JZ9Vljc4rfYkYiuVv79r3FfXLqtnTtWsObdvy7QZnLXz2/f8LeCZu2cUdx5f/ngT2669rWcfPcvu0padbMcpr2S8I7fRCKir95duKV15du+5dt2nGvjvvLBrgDaH7Y+g4J2pj0/kZr3h63P4L0WS1nxX7Zpaxo3+ZX4dxbwrehU4tL4L4mIFJuWlhDRrA1HomY0HVj36h4KSd2mTS6vn921/u1ChS5W2ymvRG4M+H9jiIia94etLxRvWKrY9X5Fm27ua39NnO80VN0IAADwYLNsWHfLVSXRhKd/b5jfjOU/+SjRD42KvhfnB70iGX3z+J78U3uyT9Oj/q/49TwMM4j4U9yILnz3XyKihl3RsV/c8IhI/CR3/+EP335+XM2ODdsqO4iIvt2TVND8xKup/zry+b92rnxC8UVS+lkiIrr+1bsR/yi5IXg9eWfW3p07IgQ3zny4/u/nO+tvyklK/+WJF1ZGhIo5Jlb/5T/iFTNik3dm7d2x+RVBx7k9byZ+dZ3I47WdWUn+XKLpETuz9u7Mes29+4KKT9/8S6GC67/5w51ZexP/PMvq7J6Y2CNXu+bnbvmXVfCOvTuzPnz7+Sfbzv7jH4d+GZoeBAAAeOBZlio1NfYctU3jHMeau7zVjNBXXOg/e+I/U9K04JApFq18IL7a/5ly3LzIjb5PjLEiK0e30Kgg7o1TWUVXiajjxk0iolFEZDVx0duf7N0W+hQRUdMX2SU3OM//LVrKG2s3bizfNzr+NW/P28oGfaU3xkr/nha9YpGXB9fksbGpr/9t1UzeWLtxDk8H/HXzc5wbFdkFCrIaM9ZuzFgiGj1mrN24sXY9zp+dys5upKmv/y34acexduOe8I7a9OpT9N2eT77tLDFW+ucoL/64sXaObqGrpKOp7ux/hqznAAAAHmyWnYCbyJtAX3af+EvLVSJzsyW7+auePxD1aeuEkFXPjjGj/MDcJm0OpLjUSHT9y6Sg8q5Z14noxg2isR5BK6ec/XDnyj9kjJ3An/7s88896629oK/xEtHMKbyu6lzn/8l1ftfbcdO9Jvay8mle3gYt5IvdR39W2KAg6mOYebOikcjJ7fddy471EE/Yuef7hhZ62pGIiKZMde0KgjOOqEnRTIRzcAAAAIPPslTJcSyH6Jtvv+tY2nUc5WrDf28SufPMvdDsiSlP0aetT3CH/sK0b8vPE7k8zSO6QUQ0cVbwUuPjWKN5HCIirl/iR8+2fFdzqryw5MtP3iv6JD/i74m+fSd/o8eNGrLYjV0nIisrDN8GAAAYdpadgLOSPDud6PSH/zilv1ni9fLMrP/QaB+pWRfJD6OOxqz0ops0zV86jog7gUfUcnust8RL9zeFQ0SjR1sR/ZC/7e9bj/zg+Hv3xcGRH/zzL76jb5898z0R/f4pF6Lzp7/rqrP2yN+3bjvZ0NtqDZwpLTa4pWRDefUNmsDvO0F0+v3vH6Xm6u+6lm0uK79EDoLfD989ogAAAEDHwpsFWHmFrvz0Tx+ein/5h+kSFytFTeV/lLdHz4xd6TZUAZrvRl1lSWkjEdHVhqLCT89cuj12ZmyklxUR0Yw/vPJ4yZ6kKG7kGz5Oo345n74pueSGdPM+L6IJY34pPv6PH8ZwI1/gWt1WnPruBjk4OBCR3fwXJDl/K/jrXx2jX/PlkqLoH3F7amjes2+YG9A32yO2UWTQdMeb32X//b0vlKNnbfDXpkqjHx1DdPpAZmGHyzjeM92GOj0d8AKvaM/7EdusooOnjG4t3pWU0UzTI54fvLsqAAAAgLksvgXlxEVJuxx3vbfr5OmiS0REo2fGpq6bOfTDjvp29eudSV8TEdGo0WMneKx8e80it84r7CYG/PV9Sorf807wHiKiUU7escmrniYisvKOTGjZlJTxlzWfEhHRuMkrNwc/QURk5f5W8gart5Mz/rImg3T3Edj8J7OTwlmvJYz+NCZyjXbAlMOzzl9QAAAgAElEQVSs1xKjZuj6aZzf6699HbOr4P0k4r7ygUeA8TAj7oLNSbfjNmW/F3GKiGgUZ/prHwz4huYAAADQHyM0Gk1/l+1oyIxek3th9KwNmZ1JwL2u4/ovNzu63RBSN+fGlRu3mW9BaeKulcy091XacCRqRi/VmhGrpesFAACAvt25c0f74oMPPmAqs379eu2LgTwu14ofvGmH/PEbX24JTvzqygAqGkZWY0xdn09EZDXabpzphMZqzFi7fucrzNX2vehA1gsAAACDoT+PyzVgxQ9OOhI8WMEAAAAA3FsGmCqBSaN5Ym9fRwczSgIAAMA9DanSUBjrEfyne+3uCQAAANAPAxmrBAAAAPAbh1QJAAAAgBFSJQAAAABGSJUAAAAAGCFVAgAAAGCEVAkAAACAEVIlAAAAAEZIlQAAAAAYIVUCAAAAYIRUCQAAAIARUiUAAAAARkiVAAAAABghVQIAAABghFQJAAAAgBFSJQAAAABGSJUAAAAAGCFVAgAAAGCEVAkAAACAEVIlAAAAAEZIlQAAAAAYIVUCAAAAYIRUCQAAAIDRyH4vqdFobt26defOnV9//VWj0QxqVAAAAAAmjBgxYuTIkQ8//PAjjzwyYsSIYVhjP1MltVp948aNRx55hMVijR49+qGHcHQKAAAAhtz//ve/X3/99c6dO7/88svo0aNZLNZQr7E/qZJare7o6LCzsxuCeAAAAAAYPfTQQ1ZWVkT0yCOPXLt2jYiGOluy+GiQNk+ysbEZmngAAAAAzGJjY9PR0aFWq4d0LZalShqN5saNG8iTAAAA4F5gY2Nz48aNIR0zbVmqdOvWrUceeWTIggEAAACwzCOPPHLr1q2hq9+yVOnOnTsPP/zwkAUDAAAAYJmHH374zp07Q1e/ZanSr7/+OnJk/+8vAAAAADC4Ro4c+euvvw5d/RaPVcJ9AQAAAODe8dBDD91DY5UAAAAAHihIlQAAAAAYIVUCAAAAYIRUCQAAAIARUiUAAAAARkiVAAAAABghVQIAAABghFQJAAAAgBFSJQAAAABGSJUAAAAAGCFVAgAAAGCEVAkAAACA0cjhXNmVK1eGc3Um2dnZ3e0QAAAA4L4xrKnSXc9U7oVcDQAAAO4jOAEHAAAAwAipkknXThds9A2b+1ig12OBXk+EvRpWcK7tbsc0UF9vfCzQ67GU8gFW03T4lccCvWYd/nGQwurFjzvf8NJugq6/PwYu+bCkqWMoVlceFuj1WODGfw9F3f1xr8UDAPCAQqrU0487/zxP9lHR+bbr2vfqtvOHPwr9fVxB692ODOjmxbKit2Zs/LjubgcCAAAPCKRKPXyd+vYFIvrdorXZ/80p/THnROFLIjYR1W7a+PXdju1B5PzOltIfc7R/J0rWzucS0YWUv51S3+3AAADggYBUqbumSxeIiJ5evW3m49ZERKzJ/u9ufpqI6PylYTjrBL1gucyMifMgIqpXYoQ+AAAMh+G+Au7eN3HC40T1VF91hnxn6qaxnn+r9PnuBdVNp9IicgvKLl0nInp00rznorctmmyrn910+JUZ++qdlx34ctFjncv8O8UrqIy6TWyrO/TmP3d/ceGK2lQ9ujI1h97cm3b4wnUiYtkLX375nbhnxg9J+/tql15H06mkkH8WnL/ZQaMmeUpWp62UOBgVuHb68KZ1n1XU3+wgsmJPEL3xx+hXBTaDFSVrlMUxm9PPRvHvXSM7Uk+PirbFvf+iE+k335iXYo9G304N+XB/2WWmtg9TPAAAMAxwVKmHZ5a+9CjRzU/lYa9v+vpCO0OpusOvzti+X/dbSEQ3L36xL3RGSjlTeSZtX2+csXHLYe3vpb6e3//ZaCxO3eFXfh+/RZsnEZH6ctWu95/zPXzB4qaZwcx2NX22Zsb2T8/f7CAiun2xrOitqUYxq/+dEiTb92W9tgB1qC59+XZ8UMQ3Azxrpq47lbCxkoiEq2Z25ZrmxGxOPxv3wxrZkXoi53e65yXXm45vnPHev8ouM7V9mOMBAIChhVSpp8mJW7eumjCG2ip2vB/0ZOBc33dTjzQb/8ZfLXhzXz2R3bww3Ximb9b6sIlUZf86fNWSVV0tCHm/SEXkNn/7N3tKf8w58U3sH9yI6ELKm8U/68r8kBqkXddLmYZlzu97fdMPg9lsi9qlvkmey3Qxd44f6oqZqj4uu0I0ZtHaz/6bU/rjns9y5zsTXdlf8KWlqSRR/dsbOq+AmyPZfkRhK9r87tYXx1oSszn9bKDt642yffVEzmvidrzaIy85WVbl1qPtXWOnhj0eAAAYUjgBZ8pYcdzWo39R1v371Edbc4vOf/uvFRv+xfF898twie78yKOz0lI/o1FjHEaziIiI5TDzj2tyi/52qerUBer6Fe9L06mPy4jIeUP2y9MctPUIVue+Kzx1qYM4ujKnj3+qIOL4vJvh70L6MtkvVU396Pyu4+eiV04ezIab366nI7MXTdOO5XKZGZN9oUry2U9lp6ravX2tiYgenzaBDl8awx5tZU1EVuNnvrzzu+euq0eNsR54kDd/Pq28/vITLPNjNqefO7V+nTDr/SIV2S16fUe0i6kzhsZtz6ivkh756YviL9tn+lrflXgAAGAoIVViZM1xmb8obv6i6NavUxa8/6mi7C2584Hj/o8REVnZOLSVbNya+vGFi6rbRkupLbnlT319PRE5e4gNR7rYPiGe/0RXfU3K60SkLAp9rKj74ur68000eWK/Wmea2e1yFrgYJj0uzm5EP9Hln5VEE4mIHnv19eh/x2/66L15Hz36Ow7HZbazcJ6372wXFlnM+Z0te/SHUtStdQVvvrdl//sBqrWfZcy0MTNmM/q505frtncQkduyHWnPmM5LurV9sqsbHTFo+7DHAwAAQ+r+OgGnrivJWBUgia4YylV8U3LkVMlpZecUlsMzkfkvuRHR+ZKSJu20G8cDw9/aVd/9t9CEm0Nyt0SdPtduKfPb1Scn/5y00v+mZGb/cfUaZ6umb9JWbHxuakr5wO7kyXJwWZwR5kPU8cWRL1sHPWYiolnb1vqwic7v27izuV8V3GvxAADAwNxPqdLF7JBV2RV1Dc2tQ3lLnfMFb63Y/pb8wBnDiezRdmSQmrSWfXqSiB71SU09ob/lz/aXHjVRW/0PdQajc879u8ZorrOzMxHVV5Yb3tyyta7kyKmSI3XaMSusiZwxRDTtpc/0KzL42/riYB5SsqhdNecNk566+vNERPbjdaePrtYdOVVy5JsLxHGZPdP31ZVxB7e/s4hIVZb6sdJEbf1x85ra7JjN6OcuDs/E5S1zJqp/e+PGf98w2XbDbUqnvzFq+/DHAwAAQ+p+SpUmBWWfTItZxh3SlbBmPiMkInXJ2yHF2svf1G0/FKze+yURsV3dTKcmHReOpCR9dNNo2sQJjxMRffvR32quERF1/Pjx1rd2GR9UmTjzRU8iqt+y4MPy1g4iUrfWpAZtfGvF9rf2K8doy0z3fZ5LdOaj16P0l+O1NxeE/NHrsUCvkKG+DaOpdul8uyko54w25rpTCUGf/UREnjOFujNTN878bftbK95bs1rfh62njg/GAzrUbT8UhKQVERHL2cWCbWFGPxtyWbQj29OObhYFxZu6JO3bpKDD+rYX/zmo6Ccimuc9y/QwrGGIBwAAhhLGKnXn4Bu57dSadbVXvkgLejLNYIbt/LRA3RhqBw9/z39Wld0sWr26aLV20qPPv/T0xY++NSj/zEtr7It2XK7fFT9vl26S87ynrb749qeuMmP9N//xuOyfFYqiN6YaDEVie27dNlM/rOeJ1dnLyiX76j96P+gjYihjvsq3nw7r8WPsEf3tymnmtouIiKY9LTr/2dqpnxlMejx8s7f+Vk9Oz8dJ/hVU0qMPXV98vsew5b7Uv73B6+1u0x71yXh5mvalWTGb089GbGaH73jnUtDbF1Ikf6aS9150MZp7pWzf2qn7DNu+IU5fz92IBwAAhtD9dFRpuDz+4sbswrClnhP0KcWjkzx93v0qJWb2aH2Rsf7ZKe8ufVxXgDVhafbWyFVPTDKuxyU6fusa50ksIiIr9uM+297dGTe1e5ri4vv+V7EbFj3euS63RS+lfxUuNrwVocuiPd8ZlGHZmihjrtvXlW0/df/rHFBlVruIiJz93/vq9efdtPeBHDXJ0+fdb4x+v1mzVx/4au1ST3ujdn230d+hZ10WGWXn5rEhb2uchdvCrH429virsVsXPUp0IUVmPMTKeVl63rJZXH3b5y1L/+69xV2HuIY9HgAAGFIjNBqN+aWvXLliZ2fX75UNcHEiIlKkLfQ+HdmwS3K3AoAHl8mbrQMAwF1n6e/7nTt3tC8++OADpjLr16/XvsBRJQAAAABGSJUAAAAAGCFVAgAAAGCEK+AAzDU7vPTH8LsdBAAADK/7LlXihn3ecLdjAAAAgAcFTsABAAAAMEKqBAAAAMAIqRIAAAAAI6RKAAAAAIyQKgEAAAAwQqoEAAAAwAipEgAAAAAjpEoAAAAAjJAqAQAAADBCqgQAAADACKkSDC+1orSw/KJadbbkWKXybgcDAADQF6RKwEytalMPbo0NaQHSaAVnEos9ifKWLgwvUt0jgcGAtKuwPQDgN2u4U6Urd9UwN7Z/iiL44gyFwYvyaG+JoPtffKlBSbMospf2rCck+yIVr3KWpZmoRpmzQsgPyLg4eE27mBERw074OIRPRLaSlMPy6hej8tosrqaXwJja0hvLurFv/YlhaCIZYooMsXN4ERFVxfCnCdaUDEadJeH2C01s2ZbCmGeFrvbOfHuhfE2h/mhkZwBmKE0w2O0DwuIKFe39CM+SNRINaGcYXMy71r0SIcC9bORwrszOzm44V/dbIYw6kBtORIqMRS80RpXFexERsWyJSi2qhivfdUDaTkQVsW4pvC+yQiYSEYvtSOUMC3D843Y7kHDSYLSBiEh9LHqTKvwzuaN+wpTw+MXi2OQa2UaBRRUZBVaaICmQlmwSWVJBRbygUFoTI7Zorfc8RWZILMVnBHOHfc3CiMOp8omSIau/KsZzdXXEZ9UnBdRSkfzicumq3RW7JCyL6mhXNrNlBw4Hc4lIrSxJXCedpyg8GTL4ndWfHXLwFgeAoYATcKa1q5QtSlWP/zvVbUpli6lzDe0qpdEpIbXKZDET1KoWpbLX00ksWw7HkcNx5HCIrPSv2dZ9RtW9Zn09bCticRx0r1nM5cmW7+3DZ3drZs8VmdlX7YUHj7iGBBtmRSzvUJkqPaeql8abZBCY8mJtc2vP3uu1V1sUta1KE8uY142Wrau3An1v+l70jFZ5tlpp4kiJ4a5ocSTqNsPpapWpDU1EHA+p0NFoOctWxLAL6VysrlYtCI8QsIhYjqKoLaGc0hKL9xkiInvd52iSQL4jUnouM/tsHwGo25S9BWaKRTukiY1oenEDxqEO9k47oH0S4DcLqVIPquJoP1eut2x2gIQrkEZX6EbTtFXEiwXuwgD5bG93e7/4UhUR0cUMmSAhNydExJ0m3lBBpMgQe8fn5IYI3IRuseUt2XL7gOyWrqrL3xBK4mo63zbkhIjsxdLZATKBULQ0t6E/0TYXrvEWeQbIPcUCXkhunW6q8mCExF4omR0gE7i5zk2q6vMkV1NhpEAsnR0g5buJFukjuZghs48o1r4QJ+QmB7gLFspnewvs/RIr1V1N0PWVM99e4K49M0gNGXN1fdUVVWlJofMCSbdjVB5Sqbqios5omuEZgeJVznxtDN3isY8oJipe5SxeW0GHVvDtnbvOL5hsS6eiCL7bmxWUv8Lemd91rsd0N6oqk4KchJLZAXKhkC+IyGuh7uoy5Pp+NrEu5g3R1wZqyHhWIH2jgmEkl6p4jVi7Ldzt/WJKVdoTQwF7rtXGPMu3d+avKum+KzK3xfROWBTBX5qQOFco8gyQ8t1c52ZUFSVIncTS2QslXIE8rXtDOzdZ8Srn8My88M7+X5rbeWqHocnKvFXeuo8bXxySU0M9sdgcKskr0HeGR2RhtyOCpbHuTrEGB0eV2XOdww72PgyORaRSqYlIVR7t58r1lnf7vLc3ZC8VC/h+8tkLJVxxSE73JquKIkQGu0pnP5i7Q5r6PjG9uI4iQ+wdGRcl4nvLZ/sJueLIgqrcpWKRMEDuKRYIoorN3bW0BdwkswPkQrFoaW5t54y+dmaAB5jGEj///LNF5e9DTakynii1/pZGo9FobtWniviB2a0ajabsdfepK4+1aTQajaYtN5Q3IeaMRqO5sHvBeP6MPxzQldc07RbxeU+GHvi+XaPRaDTtR//An/XOeV3VPx0IHC/P+km/pp+yloyXpX6vfXN+s7tuRZrj4TzR7ibDF5quytceN4j1eDhvvPvafF1QR1e68/5wrF2j0XyfOGtC6AHditpOrhRNXVnc3rVY8drxst0Xut6fXMnnTQg/elWj0Wg0V4+tncAPzW3X6FoXflLfzAXb6rWV1G+T6QK7dSx0vFxX1a3iDRMkm7/XaDSa9txQnii1XtuwdyS8lcW6jl15rGd/d2+UdvHnDrRqNBpNefQE+RI/9+ivNRqNpjU7iPfC5+2GgemqLe67LYYMFu+tG28dCx0vi/taO11Tnyoz3hwajab98xf4vtvqO7egtiEnV/IXpDZpetkQTNN1W7x+t7frjD8Vt/XoLJ1vE2eNDz+qXTg3tDOqrvVqeuyKTG3pZSccL1p7vE2j0WhulUc/yec9qe/V71MXjA868JPRtutcdc/+121chiY3pcp4ovgz2vK36lO9+TzjnVOrNT/Gdzz/965BG1KL9Z81wwDOb3Y32NBfx8yYEFPWrQrDT9Ot1rJ3ZLwnY85oNJr/i5naFfDnoeO1O1v7yZVdn3fN1WNrJ4iiv+5aY9vx8Bnj5bu/N7FxzNwhTX+f9FjcsOLdIj7Pe7d2b2vKCOJ1fSTbjq50n/r6mV76uav5F3Yv6NoT2uu3yXjjtdvO9M4McN+wND/5VS+JWWcZHFUyVpOdUrtgYxhfe3rLmh928kyyP5uIxFurqndJqEWpbFGqPSQidXW17oCEb+wuOd/gdJh0S7LcRXtei+UXFUrpOdr/d2vSUyrmh3aN1HEMyr38eYiDUtmiVLZwRHPsK0pryVIOQWH+2jNRbL9lEqpTKIlqcvLUy4IkpK1ZLQiWcQ7lMQ1I0nIKDfWzJSIiW6ncnxStPS/j9w0L5WtbxfdfwKuvbiCiVoWCnHjaA0XWPMHEZsVFIiLWJI59/cG0nBpFm1qwsbhhV+coFrOGl7D8ZdLSwop2osq8PI/A+GBBXk4VkbriUIVosajPKsxoSw+mulFdkFvoFRgyUa1sUSpblOzFwdL6g4VGI45ZThPtGzPTc88qVO2CqKr6FB+jWpk2RK8bqDpt0fI0l7TCHRKjU59G0fK4VJETV9LQpmYvSWsoZxxw07krMrall53QQR7mwyYishZJfYj85bpedZHKnCuKz5nV/zJ/aqxTMHdFTXZKrTQqUqgtb80P2x7qZKpOjn98oeJM3nZfOhIrM3FYSxAW61uYnqskIlIfS85hhQaaGIhWv8nb3plv78zn+sWeFqWWxQuJyCu+ujnZWxtYu7vE61p1pYLaC3MOccKipLpNYCtNqvk8arKummsFsfIXG8PKDoS4MHYCU4d07pDM3ye9kYYH8YmIiDvH15Vc5Yu1H0m232LJtdJqhRmf/ZrMzNo5oVEe2pax+BGbQx20c/rYmQEeaMM6rPs+cFnR6iqcbDDBms2xJiJSlSbIl+aqXESSyWyiZoNj4ywba6MqrGwNfs2nBIdN9sw8GCleUpudTqFfSA3mNeQuXR5fyRb4uDux6No5NZn3zWuEbd/zB1XZ1Hy5IEp+xGBVDtLeMwy2A+Pvsp5BM1ksXW2TRJKJm5LigvihPPWJhLR6X+2Qc/KIzzuckZi4Tra2Uc12D/pod6wXm2XLplalkohjVK3axLAIa5HUa92xUuKVlnDnhwrmqPnxx2u2Xjt2QiTfzulZ3PK29FzGVDe2NlNpUtDs9K5JDrxuQ5eFWz/PSktKWbUwpl7NmhyUdjhGbGtQA8OG6G0DqRqrW0m0y723NjjK08ooLTolSFB9mXjSLalpgXyTBTt3Rea2MO+Exn3iOpmnf8kyf1/qLMnQ5MuKVleRh8FEF3cBMVxJZ83m+4Qk+YQk1KXJPddl+H8eYnAyl70kJHBtVMbZoCiH3PQjvlE7TF0o4Bxd3DOtbKuInxuWq+KL5/BsiJq1+UqrUkGugQafR5Ytp6stp6sVk5dIzP60mtwhmb9PemP03UI8XmcP6Cf3+dlXNjW7znE3mMJ3n67r8d53ZoAHGlIlY04C59qKSnXIJP2XSbtKqWZxbBvSVmVyt5zJCGQTEdWlSfflm1chRx7qGxufXqyqyJkcWj6la4b6YFLUOdmBxhghEREdW+VcOEht4E7m2bDjS7YOw0U0XHcP+9wTSSH7lOzJsvjzkX7WpB1qypoeknQ4hEitzIkQL02SNccLXXg2ldUKkhslO+211fWuou6/OhzRfNfk0ryKArZ8P5ccJTL26oqDVO3sG+VIw4Y7iUfTA3OPBjFnZ2pVC0sYlpgdRtSuzH3ZMyxuQfVWYVcNDBuioZcNxF6SfJgiPJenlR0Ic2HISdpVagdZ1H55FJG6MkE6b2PunCx5rz3D1Jah2wm7B2C6yQ3V3T5uddU1RN0KKdIWep8Irdkv0x2qdZHKJm6pqqMQo3FvoqBQWpiY5+6Q1PBKmszs3/ia5KjMSTFV++VsIqKGNPHBPCKaxOVRZsVZ8tZ/YNVtSjVLdy0FLzYrcp9f0Cpu4S6p5Vm5brX9/T7pQ5+ffe5kXu2JanUYV9/jDdWnibz63pkBHmg4AWeMLwt2LUzUj4Vsq4jxnBbb/TYqqmOJmY1m18haEhrYlr5iQ7U0VJslKI+lZXeNtWwnIlLXpaUcGqwmEH9xIHdPQlqdWhftKrHojX5dMNQXZeaK1Ye4svDQmI+z0raHeut/rRuSA4TzMhqIiFgsW5aNdqqHTEZ5ucY3OFAX5BVOlIh63I+A6yOhlKhElXYWV+SvSnw1g/xFPc80sWzZVFlSZdE9clhsNlWXVPZ1mc8c+ZK6lHjdaGJ1Q/JC10W5xifzGtLmTdOdDLJm2djadKuAaUP0voFYLiHZH/MyPAMy6oiI1HUVx0oVRldXFkSJhbphvCzbrmM/bLZN7QmGkeC9t2UIdsJuGJrMlwW7Fm6IOqb9OLQ3pK1Nb+6xLNdH4nQiPbFS1zJVQUpGk6/Mq3sxQWi46Mi61XvYQWH9/CdBVZCSUa99KZEvU2fH67uoJTuEH5DW1FmQ7b0rK6xutXRVSc/etnyHNPo+6c/+bKDPzz5/caDriYTIrj3hzfRW7Zw+dmaABxpSpW64YVlZPiVBfIG7QOzOD6nwz0pcwiIShG0PbFg7zV3g7e7klzMneIEFVQpjdyywmhgavoRFRHQxLyUmIfccsZZExkzMDeAKJQKh6KXLQaGug9aGSSHZH4tyPd3cBd7u9tNi2yKzh+a/Q87i8CVsRfWRwrz4dfLZ3gJ73a+7YOPuRId0P3uhRCAUvlwr3x8pJO3//eyc5DyDXxdFduJxUVSwiZMlLgtkDh2s+b7aWQJ/CYtYEn8TBTmLN4Ta5gZwtZd9mcdRFhnKzp3n1nVtnUnWkoSj4dc2THPleYuc3GQ5ooy9xofESBC1fzMnZa4rz1vkNC3irDxto3E/M22IvjYQ2yc5O4ES5kYca6PyxOUHWziGx5dYSxKzAmvD+EKRQOjqmcnZHqc9pCSMiJGeixXam7qjIENbhnAn7IahydywrKzA2gi+s7tA6MpdXhMeZ+KT5RKZu9e9ZN40V563hCcQvlwrO5zoZ92jmKM8PtaV5kSGWXIiWxARH3guVugklvCE0kxJyGLtZJb3jqxYShLbC0UCoatbCmv77iijavkhh3eLilYEJTd0y7jN2yEZv0/6sz8b6vOzPykk+7Cs9uVpfCexu71bUGVovK7Jfe3MAA+yERqNxvzSV65ceUBuI9muUrapWbZGty/S3qKGuk/skzJ7rmduYFlusIkzOeo2pYrYHFuzxjtbqH/RWqAmzjuoLbFaf7S/Kto7oDW+axB3u0rZRmyjWzdVxfBWq3YdS/Fha0+sSPctyTsZYnqgzT2jz23UVwGmDWHOBqqK4aVLatJMZAYmurdvJkMdyp2w+/pNN9m8tvQVZ0WMUxjtr0roccCp77CYau5XJ5u/2iH7hPZZM2OBYdwZAAaVpfnJnTt3tC8++OADpjLr16/XvsBYJdP0o7mNsdiOfQ8r7q4uM+20b8xh0wuybDmW12imfkVrCXWbilQqFRGbtM9lU9mwDY7bm+hDYcLRUJnn8oyyz4MoLSyFl1Z2r+dJ5myjvgowbQgzNlBddXNgqIk8iXEX7YPJUIdyJ+y+KtNNNq8tvcepPpiR4xD0ueV5Um8196uTzV/tkH1C+6yZscAw7gwA9w+kSkNMXZycTeFZpn/t7nPCjWnyuSFCJ7aTLYvalUqHoIyjfR20dwnJuxxCRERheaZuNwhGXEIyNt3tGO4Piuz049LYRMsekQMAYA6cgIMBUrcpVe1E1jhoDwAAdwlOwMG9jGXL4eD+KwAA8FuFK+AAAAAAGCFVAgAAAGCEVAkAAACAEVIlAAAAAEZIlR5salVbr8/3aFf19fiP+0e7StXf50UA/Aaoe/+wAwATpEoPMmXOCiE/IOMi0/yqGP40wZp+PWBhUFzMkPX+7BELKHNfnCacl2HyEe7Fq0w9DOQeVxTBF5tuDhNTzVRkiJ3Duz/l8D40kF2FuSfvyx2DSWWsiO8W+RvY1gDDD6nSg4zjH7f7423yHk+r1RNGHE49ECthmj0QisyQkMzh/BHiSLfs3r1LrnvgbmmCJLpiGNf+m6TIXhqSzZhn3xOGfjcb0k6oiBcklPd/cePYPMIz9n4S5d5G5k0AACAASURBVDNIoQE8UJAqWUitalEqex7HblcpW5Qmzu8wTSdStxnWo1aZLsawOv1T6oyKtZg6WWYcgLrNuJgt39uHz2YoTEQcD6nQse94ulfbVxhEpDxbrbT8dFjfK2LGdpF4u+jaqrxY29zasxrm3jYjNJNbkClgyxvSZ2xMBSxrFGNgJvZkZU3p5R4le91jGT4Lfa/dwu7tCtHUbtbrRuk9wp6tM9kJxnr7EugKw8TaWxS1rUpze7jvDcQR+gsNH1rC3N6BfBAAfouQKhnrdj6i623xKufwzLxwgVg6O0DKdxMtzdX/r6oqjvZz5XrLZgdIuAJpdIWq+/SFRtOLIvhLExLnCkWeAVK+m+vcjKqiBKmTWDp7oYQrkKc16NcrjMnMCHISS2YHSPluruKE8jYi7YkGQUJuToiIO028oYKI1HXZIQI3kWeA3FMsEITk1nVG7h0ZFyXie8tn+wm54siCqtylYpFQWyyquLM2/WkLVVGUSNcKZ+kbumg7T0AwNr+tIl4scBcGyGd7C+yd+U5iydLsbv/F96hZkSF2DthzrTbmWb69M39VCZXGujvFGvz3rMye6xx2UGVUS1tV4lyhu2ChfLa3u704/KCy25YzPFdSvMqZ33k6Rt9GRdpC7dPai1c5i9dW0KEVfHvnrjMvTYWRna1blNvQfccoCbdfaHCmsvOtIkPsF5+TJueJ9Ru6St17wG1ViXOFAr6ffLafyMkvPjNBtwm6nQYyeNuQEyKyF0tnB8gEQtHSnrGR8mCExF4omR0gE7i5zk2qajOc7iaZHSAXikVLc2t7LGikLjdEIBB5Bshne7t37kgXM2ROsdlpy9353vLZfqLOPflihsz+hRx1bcI0Z7697jOiKkqQ2rvpwjDcY03W0I3BjuRu7xdfqi3SR/d2deOJ5h419tjNmNpIRNRc8oafu2ChfLafiCsOyenZx6Y62VQndCmK4C9Ky13j7c73034GO6stXuUcllkYLxYI+MuzLxK1N2QvFeva0lmsKILv9mYF5a+wd+br9z2GDW3qK8hEbAb7sMk19vYtB/CA01ji559/tqj8/adpt4i/9riJtydX8nkTwo9e1Wg0Gs3VY2sn6KY3pcp4otT6WxqNRqO5VZ8q4gdmt+qme+unXz0TJ+IvSG3SaDSa4+G88aK1x9s0Go3mVnn0k3zek/pqv09dMD7owE+69XZN17QdXSniPXegVaPRXNi9YDx/xh8O6NdYvHaCaG1+m7Zca3bo1CcjT97S1+C9u17bjIwg3nj+gm317bra3Ke+fkajqy38pEaj0Zzf7Mpfm6+N9vPQ8bLdF3St1obN1Pzz70im/qm4XbuWVDnvD8fau3dpHzXryrjzQ3P1i34dM2NCTJlReO1H/8Bf8JczunZ+v3uBvp5O7bmhui7SlEdPkC/xc4/+WtsnQbwXPm/XbpGVxbrtavDaZOu6gtEpXmu0xs63TbtF/K4d4PtUfWBMAbefXOk+9QVtnBrN1WNrn+TztG08Hs4T7e7ska63P2UtGS9L/b6ro7Q7WFeB7xNnTQg98JNuVzm5UjR1ZXG7rvdkcV9rQ2iv3ybjjTfsc11P6Pfw1iw//oJt9brVvCMx2t9WHmszCFgXQLc+ubB7wXhZ6vfafms78xcZz3t3Ux81dCl73X2qvkxbbihvQswZTW/dy9iNxox3M4Y2Hg83+HRo2r9PXTBepN15uhZn6uTuO4aBXqvljZdt/r/Wdo2uLV3989OB0AmiDcfbNUb7v6aXGJi+gph3WsY1Mn3MAe4DluYnv+olMessg6NK5nMKDfXTPsHDVirzp8Y6BVFNdkrtgo1hfO3TcK35YSfPJPuzddOj9NNthVFRvrWZebr/3RzkYT5sIiJrkdSHyF+uq9ZFKnOuKD6nW51rVKRuOrH9tsdISzPzdEc1fGN3ybU1qwuy8ycGR/jrzitxAsODrA/mntDVIA0P4hMREXeOryu5yhfzWdraFkuulVYb/7/I4btQRXpScZ1KbStLu/x5SI8BTKaaT8qmZu5knvbZb1wXJ6pTdD/aY0bNRIKwWN/C9FwlEZH6WHIOKzRQbDi/vfDgEVFQKFfdolS2KJVsWcic2twCoxaw/GXS0sKKdqLKvDyPwPhgQV5OFZG64lCFaLGoz6fTGbZO7k+K1h7tYCaNCtFtaBepzLm2qo454PbCnEPsoFi57jyIrTRpi28ftTsG5V7+PMRBqWxRKls4ojn2FaVGh4dqcvLUy4IkpC2gFgTLOIfyyolqMjNr54RGeWj3DRY/YnOoQy+r4QQdrc8L5ShblMoWJcdLYl9aoX+csWtYrJRtEHBFel7Pgw01mZm1i8PDXLQ9zRbGhkrP5eTVmVuDeGtV9S4JtSiVLUq1h0Skrq7WH8Mz2b0Wd2MfbVwQGaH9dBDLJSwxnJWTaXQ1A1Mn94WxWqfwzVFeHBZp28IJidL3j6M8PJR1cJ+JaykYYmD6CmLW6xpNfswBHnR4Bpz52A5dX0D6n97LilZX4WSDQtZsjrWJ6axJXPv6WgURn4jY9obfZK6TeZ2lDH/ReS5cw2qtqKGhiWgiEbFsrHWTla3NNEWXDxEREZc/mUou6r7drIyeX8vjdeYoJhIHjnzvUUpOSlnkvaKVePNj0j6S841LmGo+ief71m5IyPWJl7AaM+LznfxDudRN3zUTEXtJSODaqIyzQVEOuelHfKN2GD8hvlWpoKrEeQFpXZOc+P7GVViLpF7rjpUSr7SEOz9UMEfNjz9es/XasRMi+XYO9cWwdZYy6Gf9FmQKuFWpIPfAKV1TWVPcedT7mbGG3KXL4yvZAh93JxZdO6cmF6PZyqbm/7+9+4+K6rz3Pf4lIoMYh0YZaC6j7WWGtEPMXYNxdTCcglWJChgbMSqYWrBJwJso6a2QeyrktAHPOaL9AU2vEnuFmiOYH9gSARNRo+RYYV0j3KXCamC4bYA2MMSUIUHGgNw/+P1jw4wyIvH9WvzB7P3s5/nuPePwce9n9rSWJEedGPKkeoepRCwNTYZlxiFLdcZHZZxPM5rz42J2VqkXhxjnq6StxiYDL8shrxwRladKrtQ3iox4oi0NTYZHDYOP3X191fXVH4v429WD9Xx61IYCq78pZKFapGno32eFw+voYRx3H/XGoa9Jtbdazg8L/UoHeQLK3Q6+3losjWKIHvKcav39pKRxzCM8Vg1Kb0HKlEdU+mcO3OuISqPdaLP1v0tYLWPMqhjKN0BfU3HRFreg/12l02qxqTSeI5fbPm5s1ZtGR4Rx1Nc2yvL+d8tO6w3R6eaPbKNd4CdZFdUS0p8sGs1XxC9eK+Lo/wVt1k5N5MsHol4W6axMW/JUan5IXvTECUMeMRpsx/KeXZ/ZqTUlvFUUGzCqhZ09m2LiZU1GkdF7r/mHByJHfP/uAq2fBMS8/3aMz6jtBmlMqw2Z54sqStRRb2rFJyRSva3imFTpVySPt5X9rJb+OUDSab0xflvFgrV+kltxWUL7/8zbLlfVD/xJsrYOvNwGboFjO7Y3+Urk2/UpgSIicvJZfemIHhf6zVGnlf3CNGIk80K/mjNVtgRtf+/mqg9FghUK7izau70+8t3K1MUiIlKSqDsxsK6+/mMJ7c86tjabLPQbFYhFO2K4zqYmq8Hkb2cP1QeezdXuu5QTrRYRqT0QdrRYoVCRvsOrfBiVjLOPdVXmIdHE2mIVf+3Q16jSQZ7ARN2OuS+NtfXySNyYR3isGsxVY78FKR8N5RHHmKIFgGndo2iNwXNKjxb1/sWylmQXtIzfXhcZayjN6J9f2VaRsmRR6unRy0uTdp4yJUaOfvsbR03aSzm1vX8vLUXPppcGx0aOvnS1LGpdZ15WfqNNRMRmznwpuzM67hY+D9xZlvzw40mnrdL7v1J7/ztZkbZknzU8Nj45I6fw16mbAsc4M6PQs1o9p+bMsOm9AfE7TCde3PZ7dUzC6D9IIVGbGjNTSnvb22oPRHptLmge2Ui7PESykjOsIaYFIqI1hVsznsuRcNPow67yVMvFskoHPoJnCA1uKjpa2Xecs7NLJ2ivVHBI1CZb9vYD5t6h20qTdp7q22JhiKmlqOCiTUSk05yTdWpYf519/WT9YeRIuiejtb9PP9D3UrGefDbI9JPK3uWGM+lJJX0lmDNfyp7gxSwifaMfyBiaVGoyt+f0FdxclLjzlCm+95U8R62qqeibf907XHbGxb5/Oie3D33FKvUwJuvJjNz6CepUPozDjX6ZKexjcepPyvpKv7g3OcsWHTvsHhlKB3nEQRhlgm4H9iUvraCx/ylOzrJFx4eIiKjUaqkqu2gbtwalt6BxalMecWzWytyck6P+uQH3EKLSCIEvZ6678lKgV2CIX2BYSVTykxO01yYcObK8LEYXYAwIMuriKsKPZKxTDV8eaNAl10cfOWDPSZohIpLXla0NNAYEGb2WpLREvX04aozt3UP2vpdiS1sa4Btk8n04Mts34720QMf2uLefsIzCyJqNi4wBoUavlTkL9qTZVa0pLt1ovVhaWpKXunZ9iFZveqFs5BuzQs+BiSlhV1IDvYbc4s8nKi3VIMuSEvxHD6QK3XcksS010CswJCAwYMkxU+H+qNHnivwjIr1vqFav6D21FRAeohJVSPjoE12ieXJnvGfBem3/B6Mmponat0uT/VSAb5DJNyhZtSNJP357pYJVoa8eyfDOfVwbYAwI1OmytbtjDQO7n67JW/WwMSDIqHtJlbyzd7lqXVLK/IL12sCQgEDTD1pj4g0jh1oQl/eGqWDJw8aAUKPXotS2pLxfBPYtL4ys2bJI5xtk9Ho45mJ82jgvZvfIpHRtwapAY0CQUbfNEhs7ZJiIhE1lMdpAU0Cg7uFUa+xb/a/kwIR9K6q3L+r7fNaCuLxCU9mqRQa/UKPXouTayCODr1ilHgYEJPwm2rx9kTEg1Oj7eP6y2IgJng7lwzjcsJfZOPsYvDPZPd3kFRjiFxC4qsjvtePpi+07yCMOwgj62ITxu+3fl1TZG6oNNAUEBizJ1/7mSF8zn8ikeHXBqof7Ps6pUIPSW5Bybcojjq0qb+fu7BNMWsI9zKWnp8f+1teuXZs7d64z67lL2NosNpVGPf4l/6E6rZY2m8pz1CadVkubqH3UDl71b8wJWlq5uy5rudjaLFZRj3c6vb9ge5pNxGZttsrovVDSWZqgzQ652n+Zqa0gTpcbcmnMidv29FyR4psgb1amK10kuvXjOVkcPD7jFDyw/OOcyEVVSa2ZoeO2t+P5VarNkZpHjz5Ynp39jGrmQA+Td3hvbZOJe3OkwtOJul3Gc+VxWjuLtHdfFGpQeguahBGB6cDRfNLd3d37y69+9SulNj/+8Y97f2Gu0phUnnZfg+qlNJVywimWdlRiz+kdO5tN2I3ax5Fu2qxWsVmtIj4DD9UK77sT92w7lpPvHXN8nJw0Gcfz9jh4fG7hhaGw3I7nV6k2R2oe7/Da2c84zSbsYfIO761tMnFvjldof5H27otCDZN7KIB7xwMPPPDZZ5+NXv7ggw8O/E5Uwq3ziUr7TVHMkoAD3hq12KwtEvibI2NcF7NLY172qbDUjDGulgEA4CTf+ta3ysvHuPfHN7/5zYHfuQCH29X/FSuOnfwHAGCy3PIFuO7u7qNHj7a0DPvci0ajiY6OnjFjRu9DohIAAJjebjkqiUhXV9f58+fr6+vb29vnzJnj5+cXHBzs6jp42Y2oBAAAprfbiUoT4mYBAAAAiohKAAAAiohKAAAAiohKAAAAiohKAAAAiohKAAAAiohKAAAAiohKAAAAiohKAAAAiohKAAAAiohKAAAAiohKAAAAiohKAAAAiohKAAAAiohKAAAAiohKAAAAiohKAAAAiohKAAAAiohKAAAAilynuoC7y7Vr16a6BKeYO3fuVJcAAMC0RFQahkgBAACG4gIcAACAIqISAACAIqISAACAIqISAACAIqISAACAIqISAACAIm4WAACYNrqbP/n8jbyOkne66mqnuhZMAle9v0f4E/dvjJnh8/WprkURUQkAMD10N3/S+sJz7v8U4vWb12b6PzTV5WASfFn7UUfJO60vPOf16mt3bVpy6enpsb/1tWvXuEkjAGBKtGX9UnpueibunOpCMMlu/5l1NJ90d3fb35i5SgCA6aGj5B2P8CemugpMPo/VkR0niqa6CkVEJQDA9NBVV8t1t6+kmf4P3c2Tz4hKAAAAiohKAAAAiohKAAAAiohK4zmdqPNKPDfVVQAAgClDVFJiazOXn2kSaSo7XW3pHKvBx6Vpax83eul1Xnqdb1DUs3mVbSPbWC/m7VgaaPDS67z0Br/HY3aVNo7V1YTs6WeyxgIAAIO4r9IYmot2fC+5uOXGkEVufvEHCnaHqAcWXN4b9r3s+hEbqiMOVWaGevY9sp5ODNtY3Dqijfe6QxcyBtrYw55+JmssALh7Neh959c1TXUVY+iytd2w2gYfq709VFNZz3R0m08u91W6ozrLkpa8WNxyw83bFPukUcQQ9qSfm9yoz94a9pPK/kbVGVuy60W8Vu852Vhnbq2rvrAnTC1iLU7NrO5r0lyQsLG4VcSw40h5X5v96+aLtBxLfqVSefhR7OlnssYCANyC63lrPl0SOPjzsG9D3MHPrFNdFiYJUWmkMwXHrCLesXnVR1I3+Yr4RR88WfHaChFp/X1u37yljyvKGkQkIuP1KJ27iIjKPyrtZaOINJ2paBQREcuZYxUismxP3ssmTV+bsL1vxvuKtP4++6Tdl8bs6WeyxgIA3DKd21uV8y5UzrtQ6bn/KZcPfvb5tje/mOqaMCmISiNY2lpFRNRe6iEL1eFJRw7v3384RtsbO7xDUg7v31+4I2hIG818XxGR/lxia7OKiGGZaWg/4m8yioicKj1vbz329DNZYwEAbp2LxttD4+2h8VaH/dojWiUVhdcHL8p1Xre0dFhahiwZqndt28C8jxtWpcbj9zO2TmtLh6Wlw5FNMBRRaQTNYqOviNTtS3ylcvDKs7suKDzs8XBT7zmkvofBuqHXoqvPV4nInGCjdsjCmjMVw87A1lZUiYhIU4vFoars6WeyxgIA3K6ZvlqRlpsWEZGOsn9pDNC1Lgn8dElg68PGvxXUdfW1ev/vet+mvQf/FtS7NqA56MVPrXWWOGPzov7GRS39jeV6xb80Bg7pJ+fD6yJiOdyk923Ye3Vw7Op/bdD7NhW0icgN8+G/BflaFvVdFmxM/9P1O38spj+i0kj+STnpBhGpyXoqcEuxSFPZebN1wmtYbUVZWU0ivjEJgb0LtOHrDCJy5qWYVyp6P0Bnqy1N2pDdO2fN2mZvurenn8kaCwAwGazvf55rFt/vuWulq/pfP936u56wX3leMj94tXJ2vKb7pTWWssG/KjezfylJ5+ZdqHxg/xPS+lbHotDO1g2zz1bOO/uWm8HS/eJ//4dFRKTLfPDTzb/r0T4/+2zlvAvnZq1Tde9+4lpBi2g2qFaIFBX+o7/Dz/J/J7JSFekp1sLWlf/crX1+9gXzg1erPfes7Ml96tOchik6KNMYUWk0XcLxyndfiVg4R0REqnLXrgzUBsXsKlU+OWPOWftiqYjXD3+d7N+/bEFcZl/k2hyk1eu89AFLth1ri0iK93OsGnv6mayxAAC3ymxbb2wINTaEGhsWPd1lXaQ69FO1SFv2b8X3mfszN6jV7q4q77lJh1QGa1f2Ox0D263497lReg+N9/1hv5q1QkQWuR/66Vytt4f2MZ9XfiBy4csaEZG2rJ/1yNJZR346V+vtodF7ZRx3N8rN9F9+Ju73R62Upt919n2I50+2IptEP/M1lbQX/KJbls469NO5GndXlac66pBHhPRk/fazKTtE0xVRaUzqxTFZZyvNhyNEfI2Peom0VmRvC1lbMFZaMuesXJN+RWThrrxfBA5doUs4Xn441jS/N3K5+QbHH6rM8GupFxE/f+0YPSmwp5/JGgsAcGs0rjv+fVbKz2eqLeL2hEflcW+diDR014tY3vw8tD9Fha6xmUWsbQMfVXcxLXLv+9XdRSUi2vs0A13qXPp+a+iuFzEsVQ1OSfV2j9BJ+4dfNop72DMz59i+PPahiHRVvPNlu2pm5GOuIjeqzCIXrq8ZGNrYUSbS3nbzDh6UrwbXqS7grqYSEeOO9zIDSxLDthS3nk/PvBiVvnhIg7aylKVb8xtEFu48+W6cblQHmvCUvPCUIQsqUkpExBS60LFC7OlnssYCANwC9YyQVV5a6VJf+Pvm1zsLfi4x3n1rAjbMil8yvK1+5u0PaBMRTxeViDzmFqn6suita2mP9uS9Lr7Pu5v623gtVaVsGH5SZL77WJ1hHJxVGq4xb0NoSEBoUsmw+T3q8B1xehFptw65H7etNi8ucGt+g3it/nX52QTd8BdfY25cSEBo1MBtlkRExHosJ98m8mhEiI/dBdnRz2SNBQC4Xa6m51UGubn3l9dERObP8BMx2+4LW+XV97PIVUTmqB3MK/NdjSqpOWsb/PROw/Vis/guUmlEROZGPyPtb94oe/dGsUjkhq+JiIibUSetFhfjwNBLVWoRtWrG5O7wPYCoNJzW17OpqaXpWHbR8GttrY0N0neaSUTEZs6NC1nycpnVzbjjrdLXIzWjOwoOkJamqrStCflmW+8mJclRz50SmRORHDWyfVtFWlCAzisg5IUyq+P9ODYWAMCZ5quTnpD21ztyGkTEc8fPXNpf/yLu4LXGlg5LXWvymvZtP+6yedvRzzBz4//ZRc5eX/9iq7mlo/GqJXGNrUZmJD3fd0UuYIObr+3LhB91iU4Vre9dNifq565elzo3v9hqbumwNFzLefofm39ka3Q0pYEvNhmlNidyye4aEa9HYxMXV6Vmz0l6I6xxV3p+3Q2ZH3+8MilARE4n6zYeU9jekHLpeNwCERHzgTWPp9SMWO33wyMFvxh+AyQRS+76oJ29H+03pl19O2b4eSB7+rF/LACYru7aLzZpzwn5x25RnS3z7psbWtccGnrD+oRH+f55KrleefCzbT/r7v3qKTeda+bbmjBvV+m9WcDT3bvKtXHzezf7NNG3o/gJj7r983ofNx5sXPqzGYeaHgwRkRH9aGakve0dpR+YRvNF3pprL18S47/NfXvL7P6FXZZ3LZt/1NX3LVyaGbv+9wNxj866Q0fFMXfzF5sQlUazXtwbtyq7avhCN33sgfdS+r5P7XSibmOxwtaDUUlELOf3pv4k71xd+w2ROfNNUbv3JIdrx/hmoLaKtJVxuXXiu+lA0asho8ONPf3YOxYATFN3bVSyR6e15aZN5arxdLvj/dywtnTZVPdpPO/m80lEpWnIZj5fWnZgb/oJMe2Ij38yLOgRDbEDAKbStI5KGN/dHJX4BJwClS44UtdZmn5C4l+OCZ3qagAAwNQgKo1neaa5daprAAAAU4hPwAEAACgiKgEAACgiKgEAACgiKgEAACgiKgEApgdXvf+XtR9NdRWYfF/WfuSq95/qKhQRlQAA04NH+BMdJe9MdRWYfB0nijxWR051FYq4WQAAYHq4f2NM6wvPict9HqsjZ/o/NNXlYBJ8WftRx4mizg/Oer362lTXooi7dQMApo3u5k8+P/ofHSeKuupqp7oWTAJXvb/H6sj7Nz09w+frt9MPX2wCAACgyKlRiblKAAAAiohKAAAAiohKAAAAiohKAAAAiohKAAAAiohKAAAAiohKAAAAiohKAAAAiohKAAAAiohKAAAAiohKAAAAiohKAAAAihyLSi4uLjdv3nRaMQAAAI65efOmi4uL8/p3LCq5urp2dXU5rRgAAADHdHV1ubq6Oq9/x6LSjBkzOKsEAADuHt3d3XdRVJo1a1ZHR4fTigEAAHDM9evX3d3dnde/w3OVZs+e3d7e7rR6AAAA7NXe3j579uy7aK6SiKhUKjc3N9ISAACYWu3t7W5ubiqVyqmjuPT09NzCZjab7Ysvvpg1a9aMGTNcXV3vu4+bDgAAAKe7efNmV1dXd3f39evXZ8+efWs5qbu72/7GtxiVRKSnp+f69evd3d1dXV233AkAAID9XFxcXF1dZ8yYMWvWrFu+7naHohIAAMB05FBU4sIZAACAIqISAACAIqISAACAIqISAACAIqISAACAIqISAACAIqISAACAIqISAACAIqISAACAIqISAACAIqISAACAIqISAACAIqISAACAIqISAACAIqISAACAIqISAACAIqISAACAIqISAACAIqISAACAIqISAACAIqISAACAIqISAACAIqISAACAIqISAACAIqISAACAIqISAACAIqISAACAIqISAACAIqISAACAIqISAACAIqISAACAIqISAACAIqISAACAIqISAACAIqISAACAIqISAACAIqISAACAIqISAACAIqISAACAIldHN/ikufnwG2/8saT4o7o655QEAAAwsYf0+u+HR2zZuPHrPj7OG8Wlp6fH/tafNDfHvfDC0n8K/n54xLf8/Z1XFgAAwPj+XFv7x5Lis/95PufVVx1KS93d3fY3diwqZWRl9fTcfCnxRfs3AQAAcJ5bCCcORSXH5ir9saT4++ERDm0CAADgPGtXry48ccJ5/Tt2VslLr2utMzuvGgAAAEc5mk+ceFYJAADgnkJUAgAAUERUAgAAUERUAgAAUERUAgAAUERUAqYVm7W24mRJ6cnT1Y1tNmcN0laZtys976LVWf2PwWa5XHaypPTcZcvQvarOT07KLLPcwTpkanYfwF3M4S82ATBFLCWpMVvy64cs8Vq268DBuEDPyR7pYm5qdrG0hMQsDpnsrsdSWxC38qWygWSi/m7GezlR/iIiljPHjl02JCbekTIG3OHdB3CXc/pZpcr6mvI//19njwJ81VlPJ0ZuyW98NPbQhUvVrXXmxgtH0r8rZ3avX5vTeLt9WwrW6nXPlg0uWJ52/I1Dx/fdmaBQnbHhpTKJBNv5pgAACvxJREFU2H/1qrm1rvrCLpPtg+QNe6vvyNhju6O7D+Cu58So1CM9H1y9GJf1Uy/115w3CnBPqMjYUtyq31n0Xkqov1olIu6aoIScnB2+ciXrwPmhLW3WZoul2ap0cc7WNnqtzdo8opU6YHlIwMiTVRP0rDSgtdliabZYOxXWN9dUNYhXdOzjPioRUfnHpSQbfW3VVR8Pb9ZptTRbLGNdc7S1WZRWjb/h4NqRO+XY7k9QAIBpr8cR83R+9jcuu/J/nns1tfZvf3FoCACjndrhN08XX9A5cvn1tpZPWtqu9z2qy4v/7jydX99P2K7ilv5257bP023Pu7TnccPA2lf+s22g5yE/O8729PT89VDEPF3E/oaevt/D9p86vt3Q38YQ+/ZHvd02HDLp/J45N1jP0A17etpOpa0Y7NkUm1c31r6d2z5P52faX3d9jHVnn9H5mfa/lxf7nf5+vvP8ubaB1f8ofyXUOFD8d546dOkfQzYM3f/e/qhv96/9tintbP/ahv2RfvN2vF2cNNCtnyH2yEf9h9fe3e/p6Wk5/rRp+AHU+ZkONdjznAKYRA7lk56eni5HOOus0od1V7Yf3J207kf6B7/hpCGAe0Zjbb2IwbRYNXKFu1rjo1G7S+8Vupjtp2yr95y8eqH80pGUYGv+ljUpFwfbFm/fVvNkzrmrF8ov7AlT1+du2FsuIsFp5VffiteLrP51+dUL5VfTgsYYv37vxizVvvfKr144VxhvaPkg+YW8iadaX94buTHXunrPSfNVc+OFIzs0Zds3J50efeolJDHd6Fa373FtaMwLOSeHT+sWEanbl5gdkHnpQvnV9zJWe7Ue3ZpyuneFOWft5twr2vjCs+VXL5w8vE59Zvf6LQWDhV3Zty3DK/X9vrXautytKw8M+d6D4uQtNZFv9O7UrpDOD1KXJp9sG3NPFHffkp+ceEITW3ihuvVqeWG8QcSQftZcHqed8OAAmEacEpXar3+x94+H7nf3OHKu6OdHfzv053+dyG/r+NwZgwJfXdYWq4if74JxmjQW7CpunR+f83qUzkejWWCKK8yMVrXmpw2JDsuSMhNMWh+Nxj8qbbdJbBVVtX1hS9OfujQ+6lFxTETEN37P3nCdxkejDU5K++Ec+bCicqKaz2VlN3nHHng9SuepEndN0Mv7U/Stx7KKRmcsXcLbVZcOpTypqT66e9v3lgQExOUM+/TZd9MLk4IWaDQ+uqiDKWEiVeerRUROZ6VfkbDXjiQHazU+Gl14Rt4+o5xPzxxMh77xhQdiHulbW/DaCqnbl3l6sN+w146kLu/dqbicwnhfW3FW/tjzvpR2v/rMB6JfFxesUYlKExwdpZeaD+vH7AHANOaUT8Dd7+6xI+IHz7+W9tRjK3UPjnx7d3Od6YxBga8utbdapL7pYxHFtFRfWSfypClgcIkpLFzy/1BRLVGhIiJiWGZS96/TeHuJVFR/LOJvVwHGZYEDv2v8tRMVIyKN9ZdFWgoSA0oHFllbRGTsqU6qBSFxB0PiDtrMp7PSn81OX7VZLh2P6+1fbzIOTBtyV7uJNDW0DjnTNrBPolkWYZDdVRcbZbFWRMQ7MvKRwSHUwWEmOVVf2yjLe0/6rIgMH9xWHlkRosrO/7BeZIxTQkq7r5nvKyVV1W2i9RRpq6lskDnBc8Y5KACmJadEJRcXl8cMgftik7KKXv/n9fHf8P4vzhgFuGdoFxvnSH7ZeWvcAvWwFc3VJz9sUvuHBI2VeGwiolKpx1gzuZSnMy+MSk42uQ1d4umnGbFxbcW5WpsuOETnKSIq3fKknNetxrX5BSWNcQm9qUU15omusQqx2UQ0nvY2v30BiSkR2du26cp8vdXWlqZ2dcShlwPt2A7AtOLET8At+29B6x9buWnf//hLS5PzRgHuBYujY+ZL2a7Uc8Mm01jPpWzdtiW1tE0lYgh6VOR82eB1sc6yohKRZSEBY/U3adxFLpsHJgDZLlbU9P2q9XtEpNbmFR72eN+PUSsi6pEX+FQf523bsjW9ZMgVN7VaLaKeKPFoHzHOkZqy84MbNp4urhdf4+L+MNZSVHR5sL31fGmFiJ//wEmjU0VDB718qswmhkf9HNp7c352qc0Q+1pa3JORyW+8U16dGTrp97gCMOWcGJVcXFxWGB/75db/2dD6d+eNAtwTApLf3GWwFm9dsjktt8LcbGm8XJrzg/Vb/9Dq9WRG4mIR0UQlr/NqyU1Ym1P+scVSW5a2NqHY5hufHGbHORaV2kekJDvjWOnJ82ZHPvKuNS3zlbp9ia9UNDZbzKfTY1IqBq4/hSbvMtjyE3vraTaffGHzmi2pZTbNyD6Wx0arpWz7+qQSs6XZYqktTdqS3SSmqGWjWo4QHJ+4cGDDxurcxKiUGlmWlDB4gq0pe21cxum+tWHPnZKFuxKXD3ZQ+tz6pPzq3sqjvpfdpI5IinZkQnZb0d6UqhtirTlR1jjf4GVr5X4BwFeT0+/WveTbRmcPAdwL/OMKLmnTtiTn7tycu7N3kW9Y+lsZCYG9l9hUyzOKDqtituzevGi3iIjKEFt4JPmRcfvso4nat6d0bWr2cxWi33WuXGd/Xgh4+VDK+fXpWZtDs0TEGP9uiu+ql+r7C857VxIH6hG/6MPH0xeP7iMwvfKQam1i7paVx0RExM17Rcq7GVE+Ew6ujSt8S57dlt63oZvv6j0nX48cvOCo37k/sSJ148psERGZ82j822/G6QY3j8go1BxY+0Ro36ARme87eE7IMzIpPfdcSqOItSprb2mnpcl6w2vTobJXQ+7cJUAAd4BLT0+P/a299LrWOrMdDQE4S6fV0mYTd7XCpBybtdlqU1zrFLY2i7VTpVb49Nz4awdNsF8TbKjy7LtpQq9zz+q3Xt51rjxOKzZrs1WGr208sCY0xe9Qa2bo7RyuztIE7TbLvgsFsX0nwKpfCV2Tpc24esSOnAdgUjmaT7q7u+1vzHfAAdOMu1rjPs5qldpnoktXk03lqdEon48Zf+2gCfbrljcc/4DcxuFqaWwU0YycdD5HxXQl4CuGqAQAt2JBWNTC3enbg0KOhpnmq2wNFaXnm7w2pYXdWuADcNciKgH46tEsW7duoU7poprKP2LdJs1tn3zTxp29ZCopKCipqDrTpFkWlvxGbMxyLROVgK8a5ioBAIDpzalzlZx4swAAAIDpjqgEAACgiKgEAACgyLGo9JBe/+faWqcVAwAA4Jg/19Y+pNc7r3/HotL3wyP+WFLstGIAAAAcU3jixNrVq53Xv2M3C9iycWPcCy+4uNy3dvXqb/mP9V3mAAAAd8Sfa2sLT5x4/4MPcl591XmjOHazABH5pLn590fzC0+c+KiuzmlVAQAATOAhvX7t6tU/3BT9dR/Hvk/IoZsFOByVAAAApjXuqwQAADA5iEoAAACKiEoAAACKiEoAAACKiEoAAACKHLuvEgAAwFfGu+++W1NTM3q5wWBYtWpV7++cVQIAAPeoOoWbRA5dTlQCAAD3qKCgoAmXE5UAAMA9avHixVqtdsRCrVa7ePHigYdEJQAAcO+KiIiYOXPmwMOZM2dGREQMbUBUAgAA9y4PD4+lS5cOPFy6dKmHh8fQBnwCDgAA3NMWLlzY0tLy17/+9Rvf+MbChQtHrOXrcgEAwL2Fr8sFAACYHA5fgPtTx//7j88u/uXGp5/fvOGckgAAACZ2/31u33Sb9/QDix/z+K/OG8WxC3AffGHe9Umx86oBAABw1O6vR3x3ts7+9g5dgPv/0pkVWlhhyjgAAAAASUVORK5CYII=' height='300'/>


    Order is placed and received a message - Thank you for your order!


    <br>Screenshot<br><img src='data:image/png;base64,iVBORw0KGgoAAAANSUhEUgAAAw4AAAG7CAIAAADluFX1AAAAAXNSR0IArs4c6QAAIABJREFUeJzs3X9clHW+///XDD+GVAaTH1ag5Yye3SFbQd0dzA1WC/sBbkexEjqnxFMLnc8K7UnZ8zlC329C+/2E9tm087kJZ89HqD1iv9Btg1rFXKF1k10L2gxOKpQCJQxZDP6YAWbm+8cMMMBcCAIC+rjf/IO5fryv1/W+rmGeXtd7LlQOh0MAAACuGzabbegLq8eyEgAAgMmNqAQAAKCIqAQAAKCIqAQAAKDIe7wLAAAAGGeHDh36+uuvb7755uXLl/ebRVQCAADXtePHj3/yySci0tLSEhISMn/+fPe53IADAADXr4sXLx4+fLjn5eHDhy9evOi+AFEJAABcv0pLSzs7O3tednZ2lpaWui9AVAIAANepY8eONTY29pvY2Nh47NixnpdEJQAAcJ06evToZacTlQAAwHVq7ty5l52u4m/AAQCA6wp/Aw4AAGB0EJUAAAAUEZUAAAAUEZUAAAAUEZUAAAAUEZUAAAAUEZUAAAAUEZUAAAAUEZUAAAAUEZUAAAAUEZUAAAAUEZUAAAAUEZUAAAAUEZUAAAAUEZUAAAAUEZUAAAAUEZUAAAAUEZUAAAAUEZUAAAAUEZUAAAAUEZUAAAAUEZUAAAAUEZUAAAAUEZUAAAAUEZUAAAAUEZUAAAAUEZUAAAAUEZUAAAAUEZUAAAAUEZUAAAAUEZUAAAAUEZUAAAAUEZUAAAAUEZUAAAAUEZUAAAAUEZUAAAAUEZUAAAAUEZUAAAAUEZUAAAAUEZUAAAAUEZUAAAAUEZUAAAAUEZUAAAAUEZUAAAAUEZVwFZQ/OVcfNOi/qIJG17IVac4pT1aMW7nvp+uD5uqDVhacGbcSJhJzVV5qrC6892CN46HBmGnMW6kPmqsPSi+/etvsfrPzXsME5z3eBQCYyGq2rFyzo2m8q8C1TaebPd4lAIMgKuEqCE/buXNV94uWkpyNpU0iESk7U5Z2TwzQBY9bdRhETclrTSIi2oh1z6YYQ0REZJZhvKsCgKuIqISrIPiO2BV3dL8407hDSptEQpfHrrh7fOvCZbU2toiIhK7bkrUufLyLAYDxwFglAJelDdGOdwm49ugi5453CcBQEJUwcVkaD2x+NDbUOfAzMuHJoqo2T4u11RRvfrRn3LFBtyJpc3Fd/yVdA0jT3hdpqyp6ck2EczxpaFTCz8saLZctxVz+ZJSz/fjtddbh70rNlhh90Fx9UEzuSQ8zcyPn6oPm6u8tMinvV0T4mrTCKnO/Vc8UxDurymvsO6OxIGokQ7B7xtuuLxURkdrMnww+rNv8aXH2gytcvRoUafxJetGx/sX2VKsPmmsITy0+KSImt0M8cC8u70o61tJYnpeeEB7pdsIMPAcUv17g+o5C7xcRxmS/egypY3uP11x96MrsI2YRc1VhekLPYPz+e2Gu2ZPV3QPhEZ7b7Dak7nL/6kZk/OZKs4j5WFHaTyINromDjhYPCeP+OyY0ohImqLbiTQt/8lR+Zb0rmLRX73t2TWR6eb8MdLIgQf/TjPzKenOHc0KHub4y/5crBi7pnNtQkhb5UNa+6nbna2tr9WtPxdxXUDdYKda67Y+u39cqIrrHdxel6zXD35vwlDSjiEhTUV5l/3lH9hQ1iIjEpiT0fGCYj23tt1/tLdWlGx+KDM/wuF/jyly1ZY1x2S8Lj9S7elXaW4+XZt230PjzCqVP4I6WgxlbSsqfWel2iK/EcDtWmkvSFv5kfWZpdYur2A5zfWX+UzFhawo8hK1hG639ErnCjhVrbeHP88v3PLVmY2l198nTV13BvVErN+zp7oGO9uOlWfetSH3NU5NK3RWeXKzYXe21+Rl57xen3vds6fF2jxX0pw3ioiUmNMYqYYI6VLpXfHWrNqWvCvNtqSzMLaxsETGXpm9Jqn7R2L1QTe7Dz1eLSM+SYqrcvqPwo9YBS7qUbXxaJMi4NiXpgTA5U7I9s7ReRI4/v3VvUt5qzxGoLm/NiuxaEQlatav4ReMV/k6fmZD2eM6jr7S3v1Jw4HnjCr+eGdYDeXvaRWRWSlpPAc3Fqfflu/ZreXLyuoggS2PJjh2lx9ulZe/6Bw3lh5PDrqyMoTKkvrozXkSkMv+xwmqR0FVbMld1542+w7pNe55as6NaRER0sWnrVi8O7jhTkpddWmuV1tfWJ80/XJLaXWxIdOarYWaxVmx5es8pkY+2ZrW0Bi1al55uDBIREe284V9cGFbHSlXmkqdLzSIiQYtWp6bEhvqZKvPzi440dUh1zr0ZuprcGD+FDQ1iLPZrWB3bfbzqCzO2HmqXhpKs3CbfuXEZGfGhzt1xO2SNeU/nfOQMMLq4nLT42ZrWI4Xb8ytrjw8soSb3vqdLW0Q0htiUxNWLg0Wk9VhxUf7BWvMHGfdm6eqzI7sXdX1142RxRvbBdmkq2bijqbt9EREJZaQbJjMHcHWd3hUXqNcF6jcc9Di7fEOgXheo1wUaNxxs65383YENt+h1gXqdIfez3qZ2rzNE32WITilqcWuh7Z2HBiyp1OyJnc5idP+jvHfiwTRdoF4XGL/rtKPtYNqPAvW6QP2P/uEd921ciRO5dwXqdYH61QUtg0/88F8iPJTqsJx6KV4XqNcF6lOKLd094OrMuJ0NfTfWsMuo1wXqdU+UO0bE1W8D2u9xdLPzuMxJO/yd2+RLp3Y6CwhM2X+p/zqHn3DO0v/oifK2/jOHb8gd21KQoHPtzin3BtpK0xYE6nWB+rue6zlluk+YAR3oKt64a2CPjOp+XUnHNux0nSG6mF2n+s90+thzsydcJ5IuMO1w9zRLcYouUK8LTHqh+MD+Urd/xdmr+52HPU73tBO/68Rl97HlrZ8qdiYwtrqGgxtwmKAWpWXd7XYFJyA2ea2/iEhLY++4k9lJBTXlFTXl2x8wH3237IDrX6U5ILT/kj2WburT7LzYeOfA0uN1A4eTNB7KSniktFVE5m8u+m38SIdTzFuXukhEpHp7YU33tKN5RU0iIvekrO1pvqrktXYRkeWZW91LFY0+PTNRIyJSdmjAzabxcqykxCoiErstNybAbbqfPvXFRH8RkYNlR5RWjkjPiR6FOy9D7VhTxb5qEZGQlNxUvXsD2gcyMxaJiDQdqrzyUUW9RmO/RtSx/onPJ+s9zjlZWWkVEYl4NrNPs/OSMx/377ds+XsHRUSkMv9nTz31mNu/nxU6L3YdPVIjCvwfz0yed9mdDA5yPn7iCq7kAVcTUQkT1Oz+Iz2D53m66XSyODU8PFx/76Nuv8qz9ik/MjEkuG+zGte9GQ8ju2sLN+6pFxExZr+u8MEzPMEJKfeIiDQUFTk/5Cxlha+0i0hoWprbnaN2s1VExLA8YsAdwVD9LBGFYDc+2sztIiIG4+IBxc7SOQ9Y7UmlYkNDZ45KEUPsWKu5WURElhoH3AwKDnU+AvF47aCj1oZoNPZrRB0b5jpPBjpTWy8i4m+Y3z/5h/V/fzU2fXqZGtvN7UqzwuaFXmZld/P0Y3xDGRgZohImMUvFpnt/WdYypJGjw2fY9Opmg4hIZdYjg4/7HirN6uREjYi078krs4qYXssvExGJSE1hIMeIjEXHXsHg/WvTqp11rac8//tN9AjbjvnN6LQDjC2iEiYv0778vWYREUPK7qONvb/B3xpwK+HKaOYnF70eFyQix59PelL5O0fDYExKCRUReS+/+ExNwfZqEZH7UxL6XITw12pERGoPVQ/4BlV91SkREZnf/b/w2XqdiIhYrVbPS461AK2/iEht5bEBxZ6srhUREYPHy4GjbCgdq9E6Xx6pHHDfqLHeeQVlvqH78qEu3PXIH6vnJcfaGHXsbINORKS99nj/u9ON/a9RhYU6Hxv7bsXRfotazKZmk6nZZL78UzaAawJRCZOXtc2ZXkKj1xqDe+6ztBXnv6J4X2C4tHdvL8oxiEjrvvUJz1SOPC2Fp6REiIhU5z38dH6DiISmZMT2vYARGe8clXUoZ9P77hu01m3f6nzKUezynm/2uXJVfeFe94//ujzXkmNucXy8c/jUxr5PMbDU5W12lnBP7FKllUfTEDo2OHpVhIhIS35GXp+rhOZ3t24/JSISutzYnT66c9W+4hK3/TK/vzXv6mTQMerYeZFGjYhI9ZacPs2eLMgZ8K6JXH6XiIh1T06fZ4mZyzesiLp9SdTtWf0j1LDVFT8cpQ+aa4jKOTrhHoEBuOFhAZi8wubpRGpFmvIfedSasc4YIq3Higt2HGwUX5FRuyunT92966MV6/e11r/yaNK8/SWpIxu2NDMhbdXW9fvam07Vi4gsSkm+o/8iURmZxld+WSmtpY9E1fZ7WICIzN+c2fvt98j4tf57XmmXhvyEKHPWs9FBYq0uzMk/1DqiIofBmL7NuGdDpZhL1+tr+32nXUQMOZk9o4WsJyvLT5pFpNL1Z+SbKt4tc30Gz4pYccfIxs0PoWOD121O3PLQHrPUZt5r3NfvYQEi2tXZGT037IKjV0XIkWqRg+lLkmtykiL8pPXdrdmv1Q88scZmv4bRsdJcc+CjJhFp/ciZrc1Vh8pCnSOmA3QxS92fBGZMzTLsyax1Nuv+sICBZ0xw4qaU3A/yG6Q2+17jvrj0tPhQv+6HcfQfB2aqebe6UURaql0VfFRx4F3njmv1y416TwO3G/OezjjUKiIdpwpTt8RVvxjpYSFgIiAqYRK7e1Pm/NKc4yItlYUbKwudE7Vxu7Zp1v9s7+htRhvzm92ZJ+/NOS61mY+mzTuw4+6RfL1JE5ORZnj3eecHXp+nI/aYmZD3h/rk+/KrpaP+UH7WIbdZsxJ3v93noUpR6WmGV56vFek4tSfrsT3Oib6LNqfPfn7rvhGUOWTBiTvfOrk+aUd1h9SX7Xi2zG2W7vHdRb3P/hHT+zlPZda6za8ufOwp11FbtavuNyP8iuEQOlYicz58ybzs6dIWaf1ob477SaK9K3d/n4cqBa9NW71l/V6zSMsH+T/7wDU1ZHXmqtqcfPe9GKv9GnrHyvH8px5zv4zYVLrxKdfruZvLj/YZNB2W+lLmvpU5H3WI1JdmPt29miEzS5eT3e9aZHjGH16qX/J0mVnaj5fm/Kx3ru+izQXPuo8Dq8177Kk+Fex79ql93S1//I5+9pX1ATAxcAMOk1lY8uEPd6YYdVpfERHx1y1N2VW1PWaxwXDZVYdHn3x4f+Z8EWktfeTRvJMjewzzvKS05SL9n47Yh3bxpuK63+f27pqv/1zj6m1vVlVlRwX0XXR2cslnO9ct1TnHZ/lqI+K2vVm5Pzl61nC+gjQi2shn36r84ws9NYj465auzv7Dx2VX/MTOKzOEjpWZ8Ts+PrwrJy4ixFWsf0hEbNrO8pqChH5fbveL3lr1ZvaqCNdyGp0xZWf5x7lJiyZ7x+qT9x99a1tPD/j6z0/c+fFbyQ84hzH1NTM+r6Z/dzlPsJF/JzQs9aXc5UEi4jt3Xd6zXFLCBKZyOBzjXQNwfTlTEL/w+VqRiG0fFq+b4H/8qiItaH2piCHH/dnQE9Vk6lgA48pmsw19Ya4qAVfZ0e07aqXf0xEnrJH+GbOraVJ1LIDJg7FKwFXVXLzDw9MRJ5buccrWpj07rtI36UZuMnQsgEmJqARcTTX5Oyploj92csA4ZWPyqol+921SdCyASYkbcMDVY6nIy28SD09HnLD8g+bH5X64a6JXO/k6FsDkwbBuAABwfWFYNwAAwOggKgEAACgiKgEAACgiKgEAACgiKgEAACgiKgEAACgiKgEAACgiKgEAACgiKgEAACgiKgEAACgiKgEAACgiKgEAACgiKgEAACgiKgEAACgiKgEAACgiKgEAACgiKgEAACgiKgEAACgiKgEAACgiKgEAACgiKgEAACgiKgEAACgiKgEAACgiKgEAACgiKgEAACgiKgEAACgiKgGTkbXNOt4lXBus5rHsyZEfJquFAw2MN6ISnKzvZ8VGba1ym2Lakxr9cLFpHGvqVv7k3Pi8xitatbEgam7a+6NXyvvp+qiCKytlFJwpiA9KLxeRY1lG/e2bRnG/hmjEuz+CQ3lZFWlBKwvODG8d0571kfo1BWfc+nYUz5mRH6YzBQlh43GgPanLW2MImjue57+S8X1X4npAVIKT5u7EWGv+1j090ahy+8bKiJT44PEtCx4tTit49c2Mu0exxcaih5OLhpkzrgHBD2zZ9fpLCbPHpvWRH6bZCbmvX1kLldnhOUdHsOUBqgqy6xLePlV3NDlseCuOxak16nsHDIqohG7h6dvianILa0RExFS4dc/izKy7Nc551jaTqdlktgyjOWub2fOdA4tZsSmL2W261dxsMnm8f6HcguJGFVqztplMzf1X8TjR04qealCqTbFm5d0crJ7gyAcie1PssBsfON1Uc6R1wHKKtSl00dA3p2y4+zLI6TQUAfqYu/XaoS492DnZpwbXy76HSclgu6ANv3sILQwsrLmxtsU0SI8P/8xvN1vD9LOuoBGPp5Ybz7s/6DmjsHfDPC2BISMqoYfm7k3pmvwde80ilds3NyZmJQSLiKWu6OGocP2KhGUrjGFRyXvqRAbepOh9Wf7k3NTCsuyo8HD9owP+K2ku37zCEBYTv2xldFh47OZKs3Py++n6h4sObF5hCFuYVNgoIqa96dFBt0cvW5MQGWV8uLi2twVTyZMxhrCYhGUro8PCE7ZUOVsYdKMixwsSdFHxy1bG6m+PfaZ7oyeLk8PDjUvWJCyLiQhPLj7ZXeHPoyLCVyYsi4kIWpF5xOypn5oqnlkREb6yb4co1jZIzWmFJWnhUbHL1sTqbzc+XOzhDkJbVe69ka7OD12Rfaipe0bvzSbz+xnGsJj4ZWuiw+Z2711jQVRkZmFBUmhU9LI1sfrbDVE5R9tca9btSTYGRcUuWxMfHml8uLjOdV/voT3W2pyFc/VBruNofj8n1nUIIt1XF2kq+3mMccmahCVR4bqefnMessjoZWviw2833Lu1qs19usdDOZD56OYVhrCYhGVr3E8P5Y5ydWz8sjXR+qjkPTUDW3S/31f+5Fy96xab2+223vtul+Gh3waeuv3P5O7DdCQrIjSr9+72ya3Rro0qnTM9eg604jtOThYkdPe88cHiOmdVt/+yUkrXB83VD7wp2VaZHRUeEbnGeZJnu07ywc/8irSg9aXiPEPSy4f+9vF0arnxfMQ97JE7z3s3vNMSGCYH4OZPmQsicvcXJH3/oXfaHA6Hw3L4iYgfPXGgzTn37Fsptxg3HrQ4HA27jPoNB3tW6315+Am9LjD+hT+1WAa03bAzXhez89Qlh8PhcHz38RajPm5ng8PhcBxM0wXq45472uKcdXpXXGD8lr86t2k59VK8LtC15GfPRS946K0WZ3PflW+YE7HhoGXQjTbsMup1xu6NntgZFxj9wgmHw9Gye4U+7qVTzoU+ey5a99O3WhwOx99y7wpM2+9wOByOtuIUnXFXQ7/2nKW+dMq5IcuJnXGBxs1/dQxS22A135K2/zvn9AMbbnHvTyfL4Sci3NY9sGGOXheYdtjhcDjKNwTG7zrtcDg+e8Gg31DqXOCdFNfEhl1GvW5Od+OOtv1PGF07eHb36sD4nSdc+/1ChD6xyNl8T4O9h2DnCUvvIXCufjBNFxixobStu9kI3T8csDgcjhO5d92S8tZZ1+YOP2Fc8ES5ZdBD6cGfMhf0dsg7KYERzo5V6qiGnfE6Y/bHzumXTu2M0evcd8G5yeIUV+WOo5tvSVi9wtVmS1GS7qF3uitMO+z+Q/9z2+EYpN/6nbr9XrofpoiIzX9yNfbZc9EL/uXoIOeGm54WlN5xlnce0t/jOpM/eyGie5ne3envw3+JWND9jm4rTtHdkvnxUM78PmfIsN4+fU8td56PuMIeueu3d8M9LQGHw9E1HFxVQh9L07JmFzy1sTE5K14rIpayPfuCkzNiXXcoZiakpWj2vlYxeBuhaS9kLA3W9J9cU7SjNi4jVe8nIiIBkRkZ99QWlrj+yxiSkvusMdhPRKSmsLB2eUrGYuc2Nfr0F1JCXC2UvGaNT4mWZpOp2WSyGJISg0v3VQ66URGR2Ixk10bnxSfMbWo8IyLBSftPlaQEm5pNpmZT8NLooCOVNSISoguTyj1bKurarNrVeQrDMuI2peudG9LMS81N0+wprFCubdCaU1JWBDh7Izb+Aak/2fe6kqVszz5tkvPanogExG7dds+AYoL186Qyf2v5SbM1ID6v9Z3k7mE3hoxNrsZFu+LlzNgjhSVnRGYmFbe+kxxiMjWbTM3BxuVBlUc8XOipKSysXZWWOk/TfQjeqvqP7nMgJCn1Aa2r2bXRcrLRJFKzp8S6NilanM1aw9fFB+8rOTrYofRkaXZ10/YYZyOWiOil7dXHGpU7qqZoR21sxqZI53Q/ferLKaEDmtQ8EB97pKzSInKspGRxYva68JI9VSLWyn2VxlVGj2eLZ4P0m9up6+GlS3j8Km3JXudxryl5TZLWGQc/N4ZMEzorqL4wv/jTRrMlPKPq1I7LDWyKerGq+jeujVoXRxut1dVnhnjm9xjJ28eN5yM+7D2SYZ6WwLB5j3cBmGCCE1JiM5ojku4QEZEWU6MYEuf1zg6bp5N3GxvFMEgT2hCPYz9aG1sMkfN7X2tmhwWdqm0U0YuINqhnHVNDk2F5hNvHmD5ikVS4Wmit2LDGPamFrtIMulEREd8AD5+JdXuSkzZWaxdHR8zSSFutVXQiIjMT8j6UvM07ksKrW0UXu21nXqK+/5pzI9wnaUO0cqTRJKJQ21Br9lBii6lRIhLv6J2guSNCJ/2STXDCq/tl+9YdD8asbxHd/Zl5v01wlqeb5/Y55af1lbq6BpHZdcUPP5p9TBt+d0SoRtqPW2WeDGRqaDIscj/EGu3M7gLdjpT78q3vZiS857YTIbGawQ6lJ22V2femFpv1Uct1/iJNbreNPHVUa2OLwbjYre15EeED2/Yzxi59+sAR0R2pCLs/JXy5VZ99sObF9gOHjAkvD+sbC8r91q9DPPWPiISnpOhvLzjwvHHFR3uKNPFFd1zmfB66yBff2Z23dceTKzNPWTXzk/LezowKGGx585GchIeLzfOM0fO1Ik2uNDqUM9/Nlb993Ckc8eHukQzztASGjaiE/tx/l8wO00lh5acS0/2B3XiyXu5w/Wexo83avbTZ5HFUTx+h4XNrK49Zk2d3DxU/09g61zjwV2nYfF3toWpralh3IXXVH4ksdbbgr32xPGfpSHdRLCVbN9TH/6Eqa7GIiLybrn/POd1sDYnPeCMhQ8R6LCf2vmeLl+9OmNl33VPVdSI9McTcYpZ5YcGKtdVdec0DOt/6aXV9/0xlNVuC45/NS3hWxFKVveShrD3RRYkiIvUnG+Xu7jIt5g7R62eJde/WjOPxb9VnRoqIyIEn55Z52vKAQ2A1N1s1M7VKHzNh83X+2uyKF439d17xUHpQsz2jcHZm1RsJWhGRuryovSWD9U7/00lOVteI9K9Ago33G7YfKal8V5vwRpjMjI7XPlW5V6rn3pMxc2CbiobYb4OZGZu09Nm975q1R0r06QfC5UrOZ0/vOKu5WROZmluUKmIxFT+2JHVLXPWLkcpt1OQ9WRi27eOCRK2IyMm82NdKZYhnfo+RvH3cS/F8xIe7R4qUTktg2LgBh0FFJ6y1FmUXN1pERKwn8zJ2WBNTokXCIpb6l71W4hoR+m5+cctlm9LHrzOU5XaPrGwr27TxoDE9fuAlev2qRMOhnE3vOtu21m3/ZX5LTwthxZvz6iyuFtJ0UZnHRrJ3VhERS11ebqnr9bsZUZEZ5W0iIpoAz5cHREqznqlw7fixrRk7rInropVrG0nN0QlrrfkbetfdtPFg/0UsFRm3r9j0vllExE/rfgOyNvuXBSed3/oxlTyZU7Z0XXzPV+K7j+aOfT2L+2s1tZXdg3n1qxINh/Jzj7n28ugzKyI3DnZjSL8qMeyVnDzX5swHnowyPlM16KG01h0pO3pG8UtJ5nd3FJwavHP08esMZRszDjhPJ0td3ob8Jk/Lhd0dLTsycs3RxtkiEmZ8wJz7swJ5wDjMb7w7tyID+m3oguMfv6fstYzCV/QJ9wd378LQzw2ld1xd3n0LE/LqRET8NP4B/q7FNVqtVFccG/xrX+YDuYX1IkM+8/sZ4tunz6mlWErvEVfYI3dD2jvF0xIYNq4qYVCamH/fnfXwozFhOUEh0tqijX15d85iEZHIZ7evXrI+MignVCvWB7ZnrCq97NeIwlJ3725Yk6QP14RorC2iT9ldlOjpJsjs5KK3mxIeXKjXBPlbWzX3v5S96umi7hbyGtbEh+VrQ8Tcool6efeOxVe0W37xm3L2JNwXWRyilTZtwvPrDBtNIqJZnbv7ozXJ+sie9j38n3jpxgy/HGOQKVhrbTIHx/3HO84OUaptBDVrYv59d+7Dj64I2+Efomlv0ae8vM6woe8zQf1ic9+uTHhwYURIqLQ0aZa/UJQYLNIoInEZqysejNwuWmlplUUpb72RECwiqzdl5q9ZE1YcGiJmbUJGiiHL9YkbmbrtnqQNC/UbDJkfv5PsPAT3LTRoQ7XWJvOsdbv3D3rnYnZy0etNCUtuz+sp4zeRMtihrNz+YPGKxlj3NsLTsxOXpEaGbg3VWK2LM5NXlQ56Vcl1OiXr52pC/K0tmtj/2BL3sz0elpsXFx+SX3T/PeHOrTwQrdlREv1A+BCPgZNGsd+G1UhS3M/Wl96/c3v3STWsc0PhHRee8cYLtQ/ea8h1HamC/ZEiIjPjN6UUJt93e6HE7WrdHtPbTHjqy4nxjyyMyA6VNmvktnVx+0qHeub3GN7bp9+p5VaK5yOusEfuFPeuL6XTEhgulcPhGO8aMAlYzKY20Q64BWNtM1k1wdr+g1ivpKkBrOZmswR4anyoLVxpJUNpf7jrjqTmy6/br68aC6J+UvX8qR13i7XNZBZtcN/RWh4nKjVr9RvDvw1NAAAgAElEQVTKkh7LUJ5+LMu4Pbritx7i15Br6zZaJ8MQDLu2IRpsFyrSgrZGuiUMpXfcMGtTOFLD6sxROtWVKh+93lb+TYLrmc1mG/rCRCXgmtMblSamurzk4sUFGVd2RfC60lacrC+M7nsxBsAoGFZUYqwSgKtMn0pOurzGvJV6/S9r7k+JJycB44urSgAA4PrCVSUAAIDRQVQCAABQRFQCAABQRFQCAABQRFQCAABQRFQCAABQRFQCcG16P10fVdA42q02FiZHbx7sL+IBuNYQlQBMJkdylJNKZXZ4ztGxLsDS2tRymT/UCuCaQlQCrhEWs6nZZLYMnGE1N5tMbZ4+3S1mU7P5Cj72rW0mj9uytpk8N3jZDSkUP7BB05laxaTS3FjbYho4T6GqwbqltxLFXgVw3SAqAZPbmYL40KyivEcj9DEJy1YYw8JjN1eau2ea38+JDbo9etma+PDbDVE5R9u6V4nKKd6+JiJ8ZcKymPCgFbnHrCKmonvnJhSaels+khURubWm3+YsdUUPR4XrVyQsWxkdFpW8p841/WRxcni4ccmahGUxEeHJxScH2VA/5qObVxjCYhKWrYwOm6sPijSGJxedEWmryr030rliRFBU2l6TiJQ/OTdqQ6XsW68Pmtv/5tr76frbf1kppeuD5uqDVhaccU5tKvt5jHHJmoQlUeG67qpETHvTo4MiXd1y79aqtu4WHi46sHmFIWxhUmGjiKnkyZjuwsITtlSZB5QO4PrgADCZnd4VF6j/0RMH2pwvvzuwYY4+saile1b8zhMWh8PhcLR9/G/xuphdDd2rxL10yjnj1EvxOuOuBofDUpyii8j9zNVuy1s/1a8uaOm7McvhJyIWuG/rFuPmvzocjpbdK/RxL51yTv7suWjdT99qUd5QHydy77pl0+FLrn1ZHZiy/5LD4bDs/wd93L997NrQiV1xgfG7TjscDkfDznjdE+XKXZF2uOflwTRdYMSGUmcbbfufiND9wwGLa4spb511LtR2+AnjgifKLa7l9XHPHW255NqLBQ+95dr/78o3zInYcNBymQIATBZdw8FVJWDyM6RmxWqdPwbEbt12T2V+SaNITWFh7aq01HkaERHRRmalxB7fU+K6snJPaoreOUP/QJzuVHWdiGZ1WooUFR0REZGThduP3JOyNrjPdixle/YFp2a4bavmnYz5IhKctP9USUqwqdlkajYFL40OOlLZfTnKw4b6ONPYNMug9xMRkdn6UGlqahGxlO19z5iUEmZtNpmaTSZtfPLy2uJ3hz9EOyQp9QFnsdoVa6PlZKNJpGZPiXVtUrSYTM0mU7M1fF188L4S1winkJTcZ43BfiJSU/KaNT4lWpwFWAxJicGl+xjNDVyXvMe7AAAjptO5/fF5TYBGjtc3ilgbmgyLDL0z/EJDtfU1Z0TmiYjG369nBY3G9VN4cro+antJxtL4mrwiSdu9wk/6aDE1iiFxnvu2gp3r1u1JTtpYrV0cHTFLI221VtH1LOJpQ26WxseeysrZE529XFOXv7V0VnTqbJEzpkapyr1vTV7vcqH6B4bfMdog7YBppoam1nczEt5zqyUkVtN/+dbGltaKDWsq3FYMXaURkeCQ0OHXAWAyIyoBk199/RmJ6U5L1jarzNeFiVjn62oPVVtTw1w5wNLUZDYY5w3WUPDalNiNOXnvmytf0ad+Ft5/9uwwnRRWfioxd/Rsy2TVBGulZOuG+vg/VGUtFhGRd9P17w29eF3EfGtx/i8Tss1hy9e9dTgp3LWh8KQ/vpU0c+jtDFXYfJ2/NrviReOgS4WGz/XXvlies7T/DM0DuUfv9hD5AFyzuAEHTH612zcU1Dm/pdVckr7xoDElPkxEvyrRcCg/95hzOLL5wIacsqXr4mcP2pJfbMrj1vxHnq2+PyXBQ0yJTlhrLcoudo39bi5K1q/Ja+iZaxURsdTl5ZYOvfSjG1dubYlOzkjJfXv39ucTIgN6NtS4PbPMWbr1ZF580KPFzSIimgCtHKuo8viVNI1WK9UVHkaO96FflRj2Sk7eSedi5gNPRhmfqRq4VPy6sOLNea5ebStL00VlHhMRMR8vKTnCCG/gekJUAia/uNS1FUlhkcbwSP3tWeZ1b+YlBouIzE4uettYcd9Cgy4mImhhxsn43a8mBF+urcjns+MkNCUj1tOVE03Mv+/Okq1RQZHG8EjD7Ts0L+/KmCfiF78pJ6z4vsiI8KgI/VOmdesMHtb1LCp9U0Rbbdm7ZUUbH02IjNSHZ5S3iYgmZtvu9LasyKDI6PDI8CV7jW/vdEa34FUbUwKK14TN1T9Z0b+tmfGbUrTF992uD0ovH2STs5OLXjcWL7k9IjwmImhhVtumohcjBy4Vlro7b+ne+LBIY3ikQZ/V/vzunMUiIjWFOTm5JaP+ZEsAE5fK4XCMdw0ArtyZgviF1Ztat8eI1dxsloBgbb8BRorTPTMVronas/ro/qTBQpXFbGoT7Uyt5rITL8N64B9vz7/7w+J1zq2Zix9eWLD8cElq2AjaHOqmh9QtY1gAgPFjs9mGvjBjlYBrhUY702O8UZruUU3B9urYrN2XWcFPGzwwYXiceBnmdrNY28wirqhkbhNtgFssuZI2h2ho3TKGBQCYJIhKAHpY3y8skpSi1VftGkpwwrYXSh6817A9NNhPrG0mWfpCUeLQgx0AjD1uwAEYb1az8w+P+GmDA7jTBWDsDesGHFEJAABcX4YVlfgGHAAAgCKiEgAAgCKiEgAAgCKiEgAAgCKiEgAAgCKiEgAAgCKiEgAAgCKiEgAAgCKiEgAAgCKiEgAAgCKiEgAAgCKiEgAAgCKiEgAAgCKiEgAAgCKiEgAAgCKiEgAAgCKiEgAAgCKiEgAAgCKiEgAAgCKiEgAAgCKiEgAAgCLv8S4AAABg3HR1df3pT3/64osv2tvb/f39dTrd0qVLvb17A5LK4XCMa4UAAABXlc1mc/7w9ddf79+//9tvv3WfO2PGjPvvvz8kJMT5khtwAADgOvXll1/2y0kicu7cubq6up6XRCUAAHCd+vzzzz1OP336dM/PRCUAAHCdMpvNHqd/8803PT8TlQAAwHWqZ9BSPx0dHT0/E5UAAAAUEZUAAAAUEZUAAAAUEZUAAAAUEZUAAAAUEZUAAAAUEZUAAAAUEZUAAAAUEZUAAAAUEZUAAAAUEZUAAAAUEZUAAAAUEZUAAAAUEZUAAAAUEZUAAAAUEZUAAAAUEZUAAAAUEZUAAAAUEZUAAAAUEZUAAAAUEZUAAAAUEZUAAAAUEZUAAAAUEZUAAAAUEZUAAAAUEZUAAAAUEZUAAAAUEZUAAAAUEZUAAAAUEZUAAAAUEZUAAAAUEZUAAAAUEZUAAAAUEZUAAAAUEZUAAAAUEZUAAAAUEZUAAAAUEZUAAAAUEZUAAAAUEZUAAAAUEZUAAAAUEZUAAAAUEZUAAAAUeQ93hT9f/OK/vj32Zcc35+0dY1MSAADA5U1T+97mG/gPNy6+c8qcsdvK8K4qfXCh7l+/fue45WtyEgAAGF/n7R3HLV//69fvfHChbuy2MryotPvbj8asEgAAgCsxpvlkeFHpdOe5MasEAADgSoxpPhleVLrAfTcAADDBjGk+4RtwAAAAiohKAAAAiohKAAAAiohKAAAAiohKwHXNfv5C17nef7ZRGBl54fzrB5oOmC6zVIfV0+a6bKNTAwCMmmE/rRvANcT87aaC5vo+k7wWx972fLjmytu0WQ/Xts36u9AVwYMt9cmhE5kntDnpYT90m3j20y8er/DrNxEAxhVRCbjuhS2+bWuEr4iIzVp+qCGv7IsdN34/7ebxLgsAJgRuwAHXPd8p3jOmes+Y6j1DO3VVdFCY2GvPut8Ec92kO9/lYd0Oq+Ks0TL4JvrfyOuyjWOpAK5FXFUC4M7a1SkyS+v61XCurmnTe22NNuervvfmLrT96vWm8nbXq5m6W55fOX1W/9bO/+rVM+VTAl9aM9NwBff0zn33//7uqw+7NxF2R9jW5doZIiId+3af+u2MmY+Ym3eddZZ2Q2rSbN2nX2yu7ugUEZHvL77t+aVTpomISMe5c88Vnz12sbudiFu3x0ydNvxyAFyXiErAde/C2fN/rvMWEblw8fXKcx233vJPerWIiKn56ZK2Dt0t/7lCO1M6Dx/44sWyr0punRM/VcR6/ldFTeXi/8w/3rxYIxdOf72p7KtNh3xfWz6lt13r+W2vnimXgBzFnNR5rM7c6fb63Fmb++q/Kv7qQ9cm7A0nvvr/Khr/WW7r2cSFE82HF9/6SrzG9+J3m4ta8n77uUzxf+Yfb1ussR079MWLx878Vvf9p24Wsbb96rdnP7kpMDcpeIHG0XDiq01lpzdp5+6M9B2b7gRwjSEqAde95i9NeV+LiHRYbd+KJu6Oac6LQx2aaanx02bdOnWWt4hoViwNer2+pfx0V3y499mas+UXfR5OmrVihojIjPBZz3c17WvtbBBxXViyWV9/60yZaHMeC/2h4vWkS78rafydwrz+m4i87X9+W5vxacsB420rpoqIiH/gxqVTbxKRqUEbF3/zz8fscfc7F/Zesfymsvqv/na2Q272PVtj+lCmPvP3MxdoRERmhc965nRN5tFvaiNvNoxyRwK4JhGVgOueLmpOzyWW83WNT5ScPP/g9/7tNrWvduoPLpzL+93XfzPbRERs9mYRX6tdRBrOdohof+D2HTf9D0I3urVZXlJXLprU5DDlnCQiA74BV3Xq8QrXzwM3sUDnL5+a/2YSV1S6eaq+e9bUKV4iXrO0Pa+9bxQ539tO567dn/9X98wOq0iH7fzwOwrAdYmoBMDNNH1QrL/5jU/bN94WIF82PfF221TDTamR3iIi5rYdFe2Xb0JERGLunNnw5+bXy9tiVgbMGK3ibCKi8r2CMU9Tpj0SEzCzzyRfveLSAOCOb8AB6KOruTsOfVLb9q1o/2nFjDv12jv12u97dX3bvZA+9AaRC8e+7l2t7m9N2w61NfS8Dg7c+qBW6pv++b3zV3b9ZsAm7H890S4ybfGgj2saaNZNvnKxy+cmrXMv7tRPm6UR0agY1g1gaIhKwHXvwtnzf64z/7nO/Oe6cztePVMu6tg7/H1FZmh9RNoP1FjPXeg629i8udIytXuVGeHBsVNsvyv5cl9jx7kLHZ9Ufbn5j23HxMf9G3DTbgvbGq359sSZTVXWK6iq7yasfy0//dwJx8zFwXcO81r4TeE3xUy59HJx05/PdZ270PFJ1ZlNxY37zF4M6gYwNNyAA657zSfOPnfC9fPUG6f8fXzYU7epRUS/OPThxi/fKKv7UES8fP/+72/+tvgr13Uj72kbk8J8ixvzik/liYiodBGzt8ZM6dfyrMjbcs6ezKz44lfaef+m9xpeWR42cevWpX7D3j3NtH9LCptW3Pjcb9tERMRrcfRt/zOc330AhkjlcDiGvnR03Y6xLAbAxNNh7TrfpZo21fNlmMHnXoUCrn47ACakCn3a0Be22VxPJvn1r3+ttMwvfvEL5w/8zwrAoHw13jOUR1IPPvcqFHD12wFwnWGsEgAAgCKiEgAAgCKiEgAAgCKiEgAAgCKiEgAAgKLhRaWpar5lCwAAJpYxzSfDi0q3+ozaH3MCAAAYFWOaT4YXlR69cdGYVQIAAHAlxjSfDC8q3TVV/79uXjnf7+Zp3IkDAADjaprad77fzf/r5pV3TdWP3VaG/bTuO6fMuXPKnLEpBgAAYGLhG3AAAACKiEoAAACKiEoAAACKiEoAAACKiEoAAACKiEoAAACKiEoAAACKiEoAAACKiEoAAACKiEoAAACKiEoAAACKiEoAAACKiEoAAACKiEoAAACKiEoAAACKiEoAAACKiEoAAACKiEoAAACKiEoAAACKiEoAAACKiEoAAACKiEoAAACKiEoAAACKiEoAAACKiEoAAACKiEoAAACKiEoAAACKiEoAAACKiEoAAACKiEoAAACKiEoAAACKiEoAAACKiEoAAACKiEoAAACKiEoAAACKiEoAAACKiEoAAACKiEoAAACKiEoAAACKiEoAAACKiEoAAACKiEoAAACKiEoAAACKiEoAAACKiEoAAACKiEoAAACKiEoAAACKiEoAAACKiEoAAACKvIPm6se7BgAAgKun+fMTQ1+Yq0oAAACKiEoAAACKiEoAAACKiEoAAACKiEoAAACKiEoAAACKiEoAAACKiEoAAACKiEoAAACKiEoAAACKiEoAAACKiEoAAACKiEoAAACKiEoAAACKiEoAAACKiEoAAACKiEoAAACKiEoAAACKiEoAAACKiEoAAACKiEoAAACKiEoAAACKiEoAAACKiEoAAACKiEoAAACKiEoAAACKiEoAAACKiEoAAACKiEoAAACKiEoAAACKiEoAAACKiEoAAACKiEoAAACKiEoAAACKiEoAAACKiEoAAACKiEoAAACKiEoAAACKvMe7AABX6KabbzIYfxAQcavlewEXgry6VDL1gkz5ytJV/VXjX078reoTqprgVQGYFFSBet141wBgeHT6OfNX/bhzQXD7Tb52taj6znWI44YLjqmnL7Uf/Pyv7394/nw7VU20qgCMr+bPTzh/+PWvf620zC9+8QvnD0QlYDIJnDFj6RMrv4kJuehr81V5eau8PC7mEEeHo8vmcNzcZG/9z6N/+dNRqpogVQGYCIYVlbymzLjxahUGYETuiPiBYcvqxgU3ePt4+aq81SrFsYYqUXmrvHxUXmatqO+6deH0W09Xn7DZbFQ1vlUBmCA2bdjg/OHoUcX/HS1ZssT5A8O6gckh6id33phzr+km1TS1Rj3kd65G5e3lrW548Kb7s//J19eXqsaxKgCTFFEJmATC5xt8Mn5s8RON2me466pENVWt+WKh3wP/87GrX5VKrVL7eHn5eqt9vNVevb9wrlpVah8vtY+3SjWENceyKgCTF1EJmOimTw+Yk/HAJR+bj8Jom6GYqvZt+HHAff/44NWrSqXy8vO1d3RdPPNN+6nmC/UtHeaL0jezjHVVah8vy9ffXTjdqlKrZYhxaQyqAjCp8bAAYKKLWf/TMzc7pqhHdEtIJSoftdeFtd+bc2TOF/VfjHlVKpXaS/11aVVT8THr2TZ7h93R0Rm61qh/6m6btfPqVKX29W7a+9fT//mB3doZlhR12/poe+eQRiCNelUAJjWuKgET2rzvzWu57+Yb1EP6X43ax9vLz8f1z9dbnJd2fF13vrxEfd63a0HS8qtQlZfG++z+v/131r72T5s62y7Z2i91tF7s/O5i/y/rj1lVKrXKbun8+ndVlua2rvPWr39f1fHNBbX3UH/jjWJVACY7ohIwoYX/9E6LqkvV/VZVqVVqH08BRaVS+3qfr2s+vavixAslX/zfcnPtV2pfb7WX+ru/nbnwhcmZlvzUPt8sDbx19uzRrap/LWqV7VLH129Xi5faa4qvOMQvdPoN+kDfG6eKw8PyY1KVw+Gl8Zn+wzlitdsvdQYsvNXbX+Owe9q8gtGqCsBkxw04YOIKCQnuiAz27R5ko/ZSW862WZrbbvyhzmbpFEfvB7/aW/3V3r/W/58/dn13UbzUYrc3/PbDkHtvtzabfW6cqktZ5lpMVOe9Ow3LFp1+5cxoVTWQylnnV9+qfL1sFztvfeKu0IRFjk6HWuNl6+gauPxYVOVwiMNmvy35x9MXhInI9Mjb1N5edpt96A2OSlUArgFcVQImrnDjgvZg755nJ6q8vaznzn+66fWvfveRl6+3l8bHGQy8fL2/++T0yf99wGbp8NL6eU319fL3E5v96zePtX3a6KO9wd7R1XPny0tUfhGho1iVO5VKVGqVqNX2DpvN0iUiKh91yDLDDbfc6DdT66O9wT3euRuLquw2u492yk33LbjpvgU+06e6cpJK5aVx3aNU+3irfbx6blkOvFw38qoAXAO4qgRMXNN/pGtx+1scDrvDe4rG3tH1ec4731WdDl3zQ63hFrW3l5fGu/WDk45LnV5av96V1SqvqT5evt7TF4TdcMt0R/cFFS+V2hpywyhW5c5hczjsNpVDHF2ucKb2Vndd6rCd77B1dDrTnsc2x6IqL413/c5D5pomlZdac1OAPnW5j/8N1m8vnNh5sOObC/Yu+4woXdCPv3e29JMLX5q8p2pujltw46I57te9Rl4VgGsAUQmYuDr0WvfPfkdX11RdcOiaRWd2/an57arWw58HLJw9PfLWKbMCz3/+tcq3/9vZdsk23XhLyL0/6Gq39Ez0Uqk7Aob6tfmhVNXbsq/3N38+WZ932GuKt83a5ejsUnt5iUpObvuDl5+37VLXLQkLQx9c5PEe3JhUpVa11zSZDtSqfb2mGm6y2+yiVjk6bOcq6y1nvhW1ynq2renNY5fqW9R+vvYu2zflJ+7432unR9za8x29kVcF4BpAVAImrvagPu9QlUrVdd4SuuZHXlP8mt74i83See6Dk+cqToqISuOl9vPwdlZrfBx9vyGvEpXVb+CCV16V28ZUne2Wto/PeE3zVXmp1L7ezos8F041O2wO2/mO0IcWi9pz8hijqlS+3t7+GpWP2kvjo+rektcUX69pvmpfb0vDt+Kt8ps1o/O7iz5Tfbu+u9jwWmXAHWEqles+4cirAnANICoBE5fNy6Fyv6fkpe5qt/z3r0pUXmq1r5ej0yZTBn0opd0+VRfsYbJqGF8Eu3xV7hwOh80u9j4jkhw2h3TZVGq5IXSwvzg5hlV51GnzCZzyvX9bOXV2YM1z+9qPf626wef8ibOWlna/mdqefDnCqgBcA4hKwMTld1GsU3pf2jttfrfcGJqw6PPnfm+71Ok1ZdA/cuIQlcZ7+oLZ/b6f7xCHd+eIbir1q6q35Y6u6YvmLC56UuXjbfnq25Pb3rNZbWqVfD8rfsptIY4u21RdsMPT3bcxrUqJzWqbETE7eJlBpZKgnxjMnzSpfH26LlhtFzp6nus98qoAXAOISsDE5X/6ktXQ5/Pf3mkLuuv73r/yPXvw+Hcf1tssHUp/r8N2sWN6lE47P8ze2SedOMThd3FEV0oGVuWqze7QzJjqN1Or8vG6OH2KqNRi7xS12v/7twTMD7NZu+wdXXaFJxuNXVWDcN6ddIh4+2t66nD/jt7IqwJwDeBhAcDEZa9pcfS9KKRWq+znLc3vHz//+Vm73WZ3KDwoqMvmpfG67bE7vfx8+j13scth15zr9LzWlVbVO8tmt1k67ZYum7U3n9k7umyWLpulc5AnQI5pVYp6UpFCYSOvCsA1gKgETFynj9bccEnlngDsNrv39Cm3PvbjaX83UxMS4OPv4UlF9i6bzWq77X8sv/GHepul/ye9zeFQ1303ulWN3LVaFYBrAFEJmLhqP62d9sUFq93tDppKpVKppn3v5tufS5jzZIyX9oY+T6B2OGwXOtRqtf6ZFbPWLul3681JLaqzR2pHuaoRu1arAnANYKwSMHF1dnZ+t79Gvh8hzidh2x3f/qXuXGW9tbW9o7X9wqkWe0eXeHvZO22OLrt02VQa7xvv1N+WfNf0yFvtHV0Db3h1OLqCW1Tlf/1k1KoaDWNXlaOjq6vdqvb1slk7XX3hENvFDtv5DrvVZu8eY+7osne1W9U2u9jtPVfpRqUqANcAohIwoVWW/enuhxY0h3ZpxFvUqumRs72m+JjK/9tyts17+hTbxQ61SuU1TeMb7D9tXkhQ9PcCfjDbS+Mz8L6bk8Ph6Nz72cVLl0atKtUo/A4Zo6ocXfaZ8REBC28Vlcpn+hQvXy+HzeY1xfvWdT/uutAhdvvU24IcXXYR8Q8Pnfev96m81CpvL58bp4jNPopVAZjsiErAhGaxWs8VVqo33+kQh8ohKl+fGxfOufGHetsFa8e587ZLnaISrxt8fW+c6jXFVxxi7+zqedh0PxftHbd+2vH23j+MclXDeprRVazK3mWbGTtf5Xzopd1h7+yyd9nVN2jCEn7kLNlhczjvUWq/f3PA/DARcXag3WYfxaoATHaMVQImug//eOSm3zddtHeIczRSR5ftUofKW+138/SpupCpc0L8bgpQeattlk6bVfFbZh32rhlmddX23zsU/mDtiKoayOGwXbTaLnTYzlsH+eLbWFdl7+iyWTptlk5bR5drCw6HzdrpnNgzlsveZXctZu102B2jXhWASY2oBEwCpf/n9TkfXWq3W3q+4eWwO+ydNntnl72zy95pGySOOIfd+Hap2n/9wenTZ8a0KheHw3uaX+iaH4Yl/Sg0Kcp3+lSH3cNDDa52VUMzRlUBmLyISsAkYLPZ3vt/CnQftFsdXV0O2xDW6HXR3qFtV3XklP/lT5VXpyp7l803aNq8p+/9Xkb83226XzNTa+/sX/PVr2ooxq4qAJMXUQmYHCxW6++2/N8Z//n51AuqC3arXRQePummw9F1yd4R9t/W+n95869H/nI1q3LYe+9z9bviNY5VDeIqVAVgkvKaMmOwP2AJYEKpP37CcbTx74LCrCF+F9VdzhCgUqmcY6sdIg6HvVNsHQ6bTewzG+3e/1Vz6OW3vvnmHFVNkKoATASbNmxw/nD06FGlZZYsWeL8QRWo112twgCMmjlzbpt35w+mLJptuUnT4e9t9VM51A7vLtUN5+0+31i9vmw/+0HN3/5afclioaqJWRWAcdT8+QnnD7/+9a+VlvnFL37h/IGHBQCT0hdffPnFF1/K7vGuoy+qAnDtYawSAACAIqISAACAIqISAACAIqISAACAIqISAACAIqISAACAIqISAACAIqISAACAIqISAACAIqISAACAIqISAACAIqISAACAIqISAACAIqISAACAIqISAACAIqISAACAIqISAACAIqISAACAIqISAACAIqISAACAIqISAACAIqISAACAIqISAACAIqISMLEZopcbxrsGTEahxuXG0PGtYOldxlnjWsFQjX9fYUIjKl0L5idu/8P+A82S8uAAABeGSURBVB+++dYf3jzw8eG3Xt0Yp/DrKfTxlw7UfVbXeqqu9ePytzdH9865K/P1/VWNp+paT9U1fnzgPxIN7rPePlzVeqqu9VRN3f7tj/f8PtnyTuNnNb3/Du96fOAGe9etqzu8O+eu0d3vy3t8V3nj77OHuHDK7qrW/bmjs+GU3Z99dvTtFPdJuR+eqnp7nYjIy/vr6nav67tC9h/dOrNu/+5tic6Ojnt9V8Ebu3d76NtRLztx18e9NVR99vudaVf9eA3RILv8+K7yPqflZzWNn9V8vCvxqtfoSei6tz+saz018OjLrMTtH35c4+FdNgI5O4ve2F3w8sga8djVfTr546Mf7spc5bHgzXlvFxS98cLIKhiObb93O+4fl//hpcT5gy7f804clb7CNcx7vAvACIWm7CxYKwUb7k1vM8Yu9m3c94F51ebcV3cFP7a+sKHvorM25z0fqzm0NWlzoXnpS9u3Jee+Xhv1yF6R0Mw/5iXPMx3ITS081B66Li1jbXbR25r4BwubRFa/nps8v7Ho509lHdFu+vedqc/vNB36aU6DyOP6ML/Gkid3lLtat7Ye61/b6tdzkxeZS36+Mv2Idt3zL2Skbt/dsPDR/KvUMyIifhqtn0ZzFTfoFLotLmqmRmbGZUp+ztBW0fhprMcLMvOrRSRs+brktdnFs6xRj+wtzS+MaZGSV66ojm2/r1lUHb7s2SGWoAnQmA6l5+4TEW34qnVJz+a9E7JiZWbTFW17nBzKz9lQ7CsiqzbtWGoq2FhYJSKW1urxrktERNYlLA2uKYxZubFfl4ZmvpoZH1Kd92DG1jZj9rbMpBd3WU/dm3FkZFvL31MQoqsbpezfh59G62cqf3JriYhIWEzKuqSXd2lbBhZcWJQXrD+5YwwqUKDRaKw1roOuNcSnJuW8vVujf7TwsiuOXV/h2kBUmuTWZa+VvGVF4X/4sGa+xtwm2pel7rX0ldnB7/xmc9l9z/f5lZwRHW6tzn6ssFJEXnu6KDE6a7ZRZK+kvZR0h/Xo5p885QwxGx+tbHuzLD0le23h+tcSExYHN76/Juu1JhHZ+vOK+KpowwMi+SKLg7Rn6ov3lVYqFxc1O9j8UX76a7UiUvjYVuPHueHLEyV/j3OuYXmcLsDaeuxgZYNyE24My+N0AdJ+srTi+MDpw2inW6jx/oggP3P9vg9q+81Yek9EiKajpbrsSNNQlh/YcuqicPORsrpFscZtodL/c1GZtal0X6mIyL5SU8iHWxcnJMrePYfyMw65L2SIXqXzt7RWv1fZ//N26T0RIRr3/ombFazx6xsUZxljFwf5ttWXHvK8E9a20tJ9IiKl+yq0fyxPujtNMn/p2rCnflbqfMWDMv+uuJBWpa0Ptc1BVm6oLHOutTxth3Q07istvYKq5t8VN0/b05OG5XG6gH7H/fIng6ezSKsRs+nkwPMh1jBb0/h+xtYjTSJ7s+4zGOqSDKtEjvRpauCZL2KIXhVkUqqhYU/Oz/ouPZrvIGt7d9+W7rOG1mUaU4xypPvIdPfnnsynL9/S/Lvi5mkHvN0Uq72cnoNeWnoorLwqNj5LCrNF+X0tMpy+wnWKqDS5ZcVpjz9duW3n1nn12UseLWwQWb6z/I3cXceWVMib6bMkw/13X35O2rsdA/97nXi3XnOmcofbxZ6m7NKqdZn6B4zyWsWOn6drGjx82MeFaK1t5tjXf589TyttTdWFORmv9P+NbbZYtfPjUuYX5h8XkdKnFnZ/bC3f8s5vksI1VquIxs9aU5i+cuMHIi8caI01be657OT2cn7KrlfTYmaL1SIav9zG97cmPVLYJCL/f3v3F9PU+f8B/LNk/g4x8ZBlFLP04BarWXrAhCpbMc0KXxzoKJvB7uukJtqaaDWZ4BKoF7RerOXCwjKpJtKZSL/+wp85wbgVv3P8ZNClkSb4q4lQskFNBqcXUG7objjf7OJ30QIFegoomz/1/QoX/fOc53zO85zTfnrOcx5K6m9dNqm2iuIcMRkk3HUYjnWsJTGRm6+327QciSIxzGVhwH70hDu+HCP/9kHvPpbmiMlgYo/ba/5xwUdEOca2H62FmfHy0QH7p/PlU9HUaXdFg5+fCTAjFk21nM4/xWmZiCgmHpnbgg1ZvVn7LcvCziCaE8WxLr6TiBj5nQe9e1gihsmwx9vT+WBcv5OI9OEZPc0G7Iqjvea2rgY1OydSBtM45XMeWHHecWkIMVGkDCLJdv7A+aBFvzPeKQudKFHY3Ba0bRn0s0X7OGas65Ff6TNSa9YniVNu1d+FLrBe1X7LTokOXVKnGLovrLtB1xBVz97RtnCdbEzgCjiaY5gMZ7i7XSgwFGWTSAxzOdx1bL+lbw07Q47OfsNu2MWKc2LSXnTxpxm9gkjRMB5uCHdl7bcsLhCNzRFXUKfLOdczSUQNnyoa5ququnrTWpZo5OboUKvlQIOPjG3hOtYfYEu0XEa4i4loryhDJ/eeuE1ERJpLA3e0Qv3uo+6/8AhaiWGyaHl7nnc+GC+ddqg6tIOpI/zA/nOzYRcjzhFlMOLC4ZYqWmr63mekdtUntsROe+j6iFPx0FR07BfJmCZFkRiGkeqRZKu01dOsHV4mGKv0QtPlMeJwxLSHjw61J772+s4UZe090UmNY/+Rly8tPfxLz8KpiJzaij2s8LibiFTZbGwysPSXuicyTWymkigS+Pfi7yptQz43F/a5iYhU2TJmV0Vp5pNej3dUlFd81dZmXj5ewWFvH5zlLf3jwf/97qrt0Pz4J7ndZuBnvSYul+dyTXdjvLHOmm4r1c5rdUXUW63K5blc7cle2lfX4pATqZubTIrpVlNWLs/lausfseV1TnO6iuYdsldr2YcOLZfLc0Utw7Kiarsu8Ran2haoS6zIG91pcH57iIjUDcbCjIA9UZ4tMlanGUuiPp7PTY16O8l9NyTuVFs0awlpCeWRL60aLjbc27G0YotZyzy0ablcnvu4fYzEYdf8xTWOZzx6Lpfniux+4o9Um4kse3fY/TEa61Jk7VAojnpIbTWrGb+D53J5VUsoU2uwpNkIudp8taKAwkPdku1sq67YGfWq5jux8rSRKF2nZPBFO0edB4sUe89HanuCc7y6KRGAuZxnHgeaJ6WWVTsbTCqx15roFx+j4dn1teiaoiIiIkaxc8apyuW5Iuv9mOKQSTXtquByec7knVbobfVr2RmMV+yGbaPO4h08l6s43CpsMzTfMRKdL8vqClNssH6HYkmeREQ9Dqc3nFnhCo4MPmhzmhfHF5uvWcsYX3zDFYe7Ynkm62V1PE6+ZHvIflSbtd/S6Q5MyPgjhxKbejyfm3rUteQy94YfQUly1MYbRlVmNBQ/Ibq8PYmISCJCeVOdYVfMeziX53L5w72xXYY6h2S08X1Ga4tvPskdxsKtIV+9dKaSd8j+Y6liLhRwS/VIShu0dnjJIFV6obEZDBGxGSSKM+tZTm68YlCJgdZT6S5lLFdy0VoiC99uchMR5dN0eNBzuujAuUZXU82BYut9sdBcp162SF/D0d1lhs9bBqdlhTVOr3DPWUJEEds/digOdjCVOl2lbov/SZQ4ZZphyxqjemds0B3/wU2R2+dOH7a4/k2kMeZviwY7H22p1OkqdfnTXYMTLF++lvG73Sdyd6jqw/mVOl1lfmgsLG6VFyXeigU9iyuy9QmyAn0VkTAREzOVhhu1VSVs44Fcxd40J4p0Zg0XHe7qJiJXx+AUl398eatIYTXW8Mx4eGbce6WCHWqtObhsiIUyK5NiE/Ef/aPh6RiTuX3+LWHQ7h4lIop47o7GMlhFiuqFyKzI5lVdtVVpM5s+5XaUnU2xEYqq8fDMeHhmoN2WH+t2mM4GJNt57I8YydTXLpo/UoePFSviI0LSdYowcPaMJ3Htw907LPJ74sl1bWkeBfsuRKSW1RjVO8Xg7TMdSf2yxiZNWGtURESC3+WZJKJIR9+TGMVCHfGG/cU5JNA23rj6zlBbsYcV7lvc8R8YfQ0Ov8DmlUp9M8dF/nWuTPGx6UtvmLZXNLT5RtqMOYmWCfm9sQKdrlKny/QFhkVFQSLhEPrOn3HHf/kE2ocEWV7FISIitbGAEx66u5du/kYfQUSk0Mdv1wi2WTTiYIvlRCelbE+SjjBS+4ki62g7E9+6QHiKuF1VktGS29UncBpzvBJLOU9DPbaVp0Uz1bZ4YP32ihzBW3/GMbmeHnnGtcPLChfgXmgdj2P6HOp6LOgLjFoK+Igop/5Wf2m0vjiw7b9inSkXklfdaLPsiXYdS4x2DE3H9Dn5cqKkjzddFkviRHTxhZL6W9f0soeOirPx7OqR47P9yZV29z2xFciURCuSr0igsynQ2UQ5uuY7zfqGi817zyuavm828sysIEyLRCxLlLjQk1Iey1I0kvQrebSvZ5SIzCxLskKbs3DxHTE6tpZmkxu/bbPsk4lTQjRGxMgYWtjSJSsKzIqUmcUTdVjP2DOcpo8MtvLTjrlYqHP+YtNKR/T81ljsYWnzN6VExIgipzHrKNCTuvQSMb9DddBD5rZgg1Loa/Atf9/jG6uzlH9nH/IMZlaY9rDC3YUvRPGP1YcARxzHHMwVY6nRWlZjF2dDXSc/sfUtLxTu2FF2ltSX77VX0ei/OiKJ9k/Vzp0nLNlXq42lNf+tt1BMuO8yfOaJSBVeEaTbEzBd0Vo05KzUqijktEt3aB7LkhBIuo8xMBQVy9dzXmnNURGROJu8C0cj8wPqFy6JRlbZGWRsRkx4uHgwBSZiYnkWv3qUoz7XeZ+LKM98605dzRWj56CMzWAUlc7GyqTwxsSVcQbsvlBQb6im7mmzapsQOLv0KNz4I4iIll1DXKwh5a6YOsLEhfiYMBkVidhMImIkoyXy1ftCQb3BJu8eM6u3CQO1qe4QmQ3Yl4/jXk+PPOPa4WWFs0ovNvcj0lxiTtm6RG3LyL2fHtwb6Ddwwx6Hv7aCjXhSfGbJjd/espWIvWdPLAwW9jwWaFv+kutER/T8VlHwJw8tMimGGw0HPfOfN1XNP9+7Wp1Ub14WSyRSsos/zYzcss0/m+xpGRIomyul2uojvHjXxCuKy/buL/M8SVqKYbLnH2rYxIDku9EYcdtti4WUJbpSjZzuRmMUHazN5bnFv6LPll6zSkljNe2ThVvKVLn7y/buNw3Fkt6TyZMuQKgzGZqdCREpS/JnblvKcnfzWR/X9aW7YmisypdNhUfnEk9nhsOxrUr9kdWDWuR29Y6xhcaLK05GyYUJQWQUFRecjTXK6F2bYV0nBUmpLYh6P99fqMhVFFsGZnmDrV6qaOBsx+CsotRipET7p2hnuebDLcOuT3fv5rOKDC2CbJ/ZXilZOMU6OrtCU1z+8Q9O7+Gj/g639IpW7gDqAtn67mp86l0lldV2htHoLMtpFntPvY1lZmdCaWo0twVn+q8uHIDD7t4xkc1WEo1GZynUWZYcdur7GScvBB4zfLn5UKVS9tjnXHbgb/gR9BRSRVhn0fNzvSZud9He/WV7O8Ji2miJaPKCd4hUldZms1b22OdYkehLWE+PbPza4aWAVOnFNtnQ6Jdb7/Cte8tMtd2Bod6Wk58Wfh613NA+sZ9b/kWao7P//IOtINp1bH/N7aRTSFbPwBRX+s11cx4Rkbyy/laDlh3zNrqIiJTV1wdv6GVDjoqD7qRh2z5B5Mpq2uKLUEl9c7kiOtS19FO2e3SCUVVeTUxtkme27uPEMd/8Dz5WTkQ5umZjPrtQ5xTDl9QriYiUZpuaS2xjR2CMVJVXq3KIiOTHr7fedJr3RGiyIzDGFtZcik8ipaxuC848uL6OpISNR9W8j0t+sbA6sVHy41edJVx8o7QWZ8sNpzGHiEZn5tMgreN62zdVS8epmCv2sIK/qebUucTfsYbBCZmqKv3ll2UCFk8gtrO0etmokSN22yFFbCzgu9tqr210uVYffhudEylHaU1MLaOtvtzScsUoJ6Lh6H9WWdTjuhtmNVVODUm1M3fc6rpxKX5FVZj8I5HvrqNTetx+gdPYtbuiodvd6ZaN7wDG+X6pvGQvSXSZ/Piltm+TpweT8Ky7yhIpd4bkpusdjnGa+vhUQ/Foo0Nd6e5Xd/vCc1yhoz4enrzykj6PER53x6viK50LG/6TMPKDI/UIM8ftIOVV1RTIQg9X3HHwVx1B6yMV4ZYcIpLrvqlSZaaNlih+MjK6rbRilxi8fWHNw8/X0yMbv3Z4KSBVetEFrP+s6VbaH1y3W7RZDK+3Xfrphj5q/8Sy4kdP1RW7YRdLmbzhZnw8yng4Mblc94nPGgdFtaV/PCyM+66ZFNNe++HzASKii80XtLIMRrbP6kssEp9HMdJ40uGdVlr6x0PCSPimSTHRbvmse1loNbWtg6R1xMv016lmfc6TbqIm1+0wW97sE0ZCQWf+xKP5gSc9NlcgtsvknRkJzfxgEn2Ds4l6LIcbB0jrCI6HhBHfV2rxfmONi4gClpOuQabUFRwJCePeC0rBszBgItn8oIr434OL5He0+mP86R9Cwki438wMhZJOK4UGhuU1/eMhYdz3VSkz3BrfKPfJxoHZfFtwJCSMtx5iQ55GB1HFPm2hpnTJ93T1h3xGOGBPzlEDniGB3aNb32DZ+Ikl89UllXe2+sZENnu7sqDCctnZ2j8+eMeYfqbCHpc3KPKm/vHwg4tE7hq7L7bH6hNGQjOtFZmhdntDmmXjJ5YqbLVyiXYOnLK1j8n0N8dDwoivIT923227vfZOISIK2APhrRw3EXAnCkgtG7AcbhyYzbfE++WaOtaX6DLtIW3hPm3p6g26jqhWlXJnSOY5WNM+wZmuDYSEEd+1CtnYykNjeZU19d7oNpMrOLKwiO1UgIg8n9vaJxJHme9aKeNvPC01zZWrJyhyHBP0ppic4hmPoA2yIsJGpzecGV/7QGNBJDiRPloiIuq0tfhjNOFzrWe2pvX0yMavHV4Gr72p2L6GYvBKWDqdzIYtkrJMjrq0IEtMPVXMdkpVoVzzYX42rZz9Ra75MD9bXMN0RyujYlLPJSMR21OuaKNUfxe6wHTN364sd3zfe5rxph4vkoZc/VF+lig5r1K6JVNuvkQzPktbSS377O2/gT24elVpdrB0dabYw5+iqnXVn25bkuaq+GtI7pCpo8358oeggVJM47kG62nGjV87/H8z9etv8Qdff/21VJkvvvgi/gCpEsCLwfF9+DTrPVxc00dEpGy65zWKi1MTAfwVNEb78azgqab0p8X+Nupv+tvLo07un89lTPXzXTtssHWlSrgDDuDFYG1s1zQbbo6Xzok0P3Un8iT4a/k9tmf8/yobKKeqWsMJfbbnk6k837XD84WzSgAvkPg/ZyB6in/kAgAA83BWCeBlFfH/D0ZJAAD8rXAHHAAAAIAkpEoAAAAAkpAqAQAAAEhCqgQAAAAgCakSAAAAgCSkSgAAAACSkCoBAAAASEKqBAAAACAJqRIAAACAJKRKAAAAAJKQKgEAAABIQqoEAAAAIAmpEgAAAIAkpEoAAAAAkpAqAQAAAEhCqgQAAAAgCakSAAAAgCSkSgAAAACSkCoBAADAK+qNN95I+fpbb7218BipEgAAALyi3n333ZSvv/POOwuPkSoBAADAK+r999/Pzs5e9qJMJnvvvfcWnr72pmL73x4YAAAAwHMz9etvC4///PNPv9//5MmTP/74Y8uWLdu3b9doNK+//vpCAaRKAAAA8GpJTpVWhQtwAAAAAJKQKgEAAABIQqoEAAAAIAmpEgAAAIAkpEoAAAAAkpAqAQAAAEh6fQ1lAAAAAF5CP/744+jo6MrXlUrlgQMH4o9xVgkAAABeUePj46u+jlQJAAAAXlGFhYWrvo5UCQAAAF5RBQUFHMcte5HjuIKCgoWnSJUAAADg1aXT6TZt2rTwdNOmTTqdLrkAUiUAAAB4dW3evLm4uHjhaXFx8ebNm5ML4A44AAAAeKXl5eVNT0///vvvb7/9dl5e3rJ3X3tTsf05BQYAAADwHEz9+tvaC+MCHAAAAIAkpEoAAAAAkpAqAQAAAEj6P3t4+BSV/PkNAAAAAElFTkSuQmCC' height='300'/>

  &amp#27;[32mWhen &amp#27;[0m&amp#27;[32mUser adds product to cart and place order&amp#27;[0m                              &amp#27;[90m# stepDefinitions.LoginSteps.userAddsProductToCartAndPlaceOrder()&amp#27;[0m
]]></system-out>
    <system-err><![CDATA[SLF4J: Failed to load class "org.slf4j.impl.StaticLoggerBinder".
SLF4J: Defaulting to no-operation (NOP) logger implementation
SLF4J: See http://www.slf4j.org/codes.html#StaticLoggerBinder for further details.
Jul 24, 2025 2:44:05 PM org.openqa.selenium.devtools.CdpVersionFinder findNearestMatch
WARNING: Unable to find CDP implementation matching 138
Jul 24, 2025 2:44:05 PM org.openqa.selenium.chromium.ChromiumDriver lambda$new$5
WARNING: Unable to find version of CDP to use for 138.0.7204.158. You may need to include a dependency on a specific version of the CDP using something similar to `org.seleniumhq.selenium:selenium-devtools-v86:4.21.0` where the version ("v86") matches the version of the chromium-based browser you're using and the version number of the artifact is the same as Selenium's.
]]></system-err>
  </testcase>
  <testcase name="runScenario[&quot;Place an order without adding product to cart&quot;, &quot;End to End Testing&quot;](2)" classname="testRunners.TestRunner" time="2.974">
    <failure message="Navigated to checkout without adding any items expected [true] but found [false]" type="java.lang.AssertionError"><![CDATA[java.lang.AssertionError: Navigated to checkout without adding any items expected [true] but found [false]
	at org.testng.Assert.fail(Assert.java:111)
	at org.testng.Assert.failNotEquals(Assert.java:1578)
	at org.testng.Assert.assertTrue(Assert.java:57)
	at stepDefinitions.LoginSteps.userDoNotAddProductToCartAndPlaceOrder(LoginSteps.java:87)
	at ✽.User do not add product to cart and place order(file:///E:/Manasa/Interview/Selenium_Java_Automation/Exact_Automation_Assesment/src/test/resources/features/Testing.feature:21)
]]></failure>
    <system-out><![CDATA[
Scenario: Place an order without adding product to cart                       &amp#27;[90m# src/test/resources/features/Testing.feature:20&amp#27;[0m
14:44:09 [main] INFO  stepDefinitions.LoginSteps - Navigated to SauceDemo login page
  &amp#27;[32mGiven &amp#27;[0m&amp#27;[32muser is on SauceDemo login page&amp#27;[0m                                       &amp#27;[90m# stepDefinitions.LoginSteps.user_is_on_login_page()&amp#27;[0m

    <br>Entered valid username and password<br><img src='data:image/png;base64,iVBORw0KGgoAAAANSUhEUgAAAw4AAAG7CAIAAADluFX1AAAAAXNSR0IArs4c6QAAIABJREFUeJzt3X9cVGX+9/GPqXNIZUhjoGJwc4hVCG1IdCwSXZU2lTKgdYXagt1Mq010v2o/1LZNrfxxr1m7Jf2CahPXDa1d0XYx78IoMb3FYsGWGEuH+sIQyKDGGS3vP4afwoWsSSPyej74gzlzzpnPOWfOzHuu65ozvapPHhcAAIAewyiGzs98UVdWAgAA0L0RlQAAAJSISgAAAEpEJQAAAKU+3i4AAADAy3bs2PH1119ffvnlEyZMOO0uohIAAOjRioqK9u/fLyKVlZUBAQEREREt76UDDgAA9FzHjx9/7733mm6+9957x4+3uo4SUQkAAPRcOTk5J06caLp54sSJnJycljMQlQAAQA+1Z88eh8Nx2kSHw7Fnz56mm0QlAADQQ+3ateuM04lKAACgh7rqqqvOOL0XvwEHAAB6FH4DDgAA4NwgKgEAACgRlQAAAJSISgAAAEpEJQAAACV+Aw4AAPRcJ0+e/OCDDw4ePFhXV+fr62uxWKKjo/v0aQ5IXCwAAAD0LE0XC/j666//+c9/1tTUtLx30KBBkydPDggI8NykAw4AAPRQX3zxxWk5SUSqq6vLysqabhKVAABAD/XZZ5+1O/3LL79s+p+oBAAAeiiXy9Xu9G+++abpf6ISAADoob777rt2p7vd7qb/iUoAAABKRCUAAAAlohIAAIASUQkAAECJqAQAAKBEVAIAAFAiKgEAACgRlQAAAJSISgAAAEpEJQAAACWiEgAAgBJRCQAAQImoBAAAoERUAgAAUCIqAQAAKBGVAAAAlIhKAAAASkQlAAAAJaISAACAElEJAABAiagEAACgRFQCuj/XgezlqT+PujZ0aETo0IjQqJtvX/6uQ/d2VT/IB3OHRoQOnZ93TleaNy8idGjE3HO7UgAXOqIS0M3ZX78t+raHXvvYXudumFJ3cPdraT+LSs60e7k0ALgAEJWAbu3AqrtX7HeL79gH//LB3tLPiko/Kyr6IOOeYSLuT5bfvabM2/UBQHdHVAK6M8fHO8tFZMLjf/6VzaR5pmmmUQteXzVWRMq3bSrxdoUA0M318XYBAH4QXUSChli01lONE+Y8Ms1UIhZvlQUAFwpalYDuzDwkTETKt+Wc3nqkWe9avuKp5YlhIiLFq28MHRpx+6aqxnvfnTs0or0prYdRtx4tfnV08oOb7K7263AVZs2/Jfq6hnHlrf4SMx3neqvboTvyXp87fdzVngcdft3P71tT4Oxg7neX/ermqxu3a27W/va3Sy/PvdDGywP4rxGVgG7thgceGSry1Qu33vzgpgNOxbt4+OhRIlK4v7zhdmF+roiI7N55oGGK/WCJiIy+IaxpmTajxd1Vn2x6+Jbx8z5okyrsmdPH/+Kxd0qq6s711nWSK++hG382c0XO/m8aa62zv/vyHTcktj+w/cDrv5iY9urug56Z3VWf5Dx2+8jpr58+rkv/4MEJP7+v7Xj5tnMCuKARlYDuLeSujL/cOUTk4KaHb7t+xHW3zHs9t6Tq9MgUNmq0iLvwE0/7jmP//oY3//0fF4uIiF7yiV3EMnaEqWGB8sx5K/a7xXfisnc+KfKMFt/719+EidRtXfRMYat1OzetWL7fLUOmPfdu47jybcsm+YvIFfe8VVT6WXaKuWv3gJ73+L2bvxEZes9r7xV9VlT6WVHpJ/98auKlIp8tf+Kttk1LOf9nhaN5FPzeD197cLS/yP4Vv1l9oOVszpyXN1WJBE1/uWm8/LtrE4aIHFjxaHNrHIALH1EJ6O6MtkX/KPog4/H4UUG+dSVbV9x36/iIqMQHt5c3BybTMGuQyIEDdhERvbDgM5GbZszwlfJPSpwiIiW7PxYR67DGoU3Oj/PqrvAf8ptXnrs1pHEUlNE676mZV4h8k7O9VaQo2ZkvIlPnL481N44rt9z69CMTRL7alNNqzi5SuPMzY9AVk55MX2Dzb6wgKHHNQ2NFZOeOgrYtbUG/+ctLTaPgNZPtV2+89JsgkfIXX2rZ/6jXuUTEMuOOmKbx8uaJK9YsSYifZhaiEtCDEJWAC4FmGpX0VMZ7e/bu3bbunolXSN1nm+7/+fiHmjrLhlmvEZFPSuwicqBgt8iwa1JGjxL5eOd+Eakqs9eJjBrd1P1muvWVHf/66J151taPEj56hIhUlbcOCqeNKG/BVfdjjOuxLfrHRzv+9XyCf+uqRsQME5HyqjbNSpYZ08JPmxQ2LWmIiHxS0GLIl3n0DUEi9mcXrypo0UoX9ssVTy1fkTCsC7YDwHmKb8ABFxLNaLlhwXP/mmN/6ReTny7ZPPvBSXufn6SJiHXsKNn6cYldRD7eXSf+Y0eFXCMW2VFQeEAmVe3eLTIk2mpquSpXYdaKVa/u2H3wDCOQYmZM9928Mef3c8YOW5Vo1kREt78194kdIr4JU67p4u1toDvefeaJlzft/qQzw6XChrX9XqDFEiZy8Ktyp0hTXgyb9/cX9Tt+95cX7hz/goj4Xurvb7FNmnbPXZPDTep4COCCQ1QCujFnybuF5WK03GBrfbUAzXL3c49s+9kTn23f/rFMukFETGEj/OXjgsIDuv6JXWTq6GFi1kf7yoadHztmSImIWIeFNK/AnjntluWd7D2zPvh0/Fu/2bzjoYkjH2ox2XfKqgW2c7WhHXHlzR8/852uGFJujHno73vmuRwHCw8ctBd8kLd/R86LH+e8uGb0k+vfSAjqggcEcD6iAw7oxpw5K+67P23upoNt7zIPGSINl10SEZGwETaRKvvB3J07REaNDRORa2LGihzYX3Jgf4nI6NHNnUr69qeXHxDxn/DUtoYRzQ3jmv84oZ0iSp57dLNbhowaPcTXM8HgPyLhyb+/t+YGY5ds9GkOpD/2Tp1I2MyMDz8palHtm/cowkzJgbbfi7PbS0TkiiBT29k1o3lYzKTJKYuWv7Lxo9Jtcy3yze6Hn+N35ICeg6gEdGMNg4c2vJTb5hv8Be/mi4jB6Ns4YZh1mMju1zMLm/varGNHieSnv/CZyJAYa/NYH2d5uYjI6OmJrRqrqrZs2NGmhAOr7n+5XEY99XrGG+985Ikp/85fvyLB8qPkJBGpKi8XkaEJM0a16hYr3JhV3v4C9g1vF582qeTtrIMivjfEtLhYQvpNEaFDr1tS0HpOy5AwEZGD5eqLNgG4wBCVgO4s5u57gkTq3rlv+qJce2MLkl5V8OqsezfUiVyRMqNptFDQ6LFXSN0n+w8297WZwkb4S93+/QdFRoS1GMBjCgoSEdm9Mbvpeou6PXte4kOFhtMLcHy8vbztOKcfk39QkIh8tmlD02UkdWfBmtt+9VZdm2IblL98x92vFzRchEp3Frx++90vl4sEzZjeosPQMmnSFSJ1G343K7NpWLdeVbD6uRwR8R0W5rXtBfBjY6wS0K0NW/DSssJfLd598O37Jr/d+q5LRz+5bkFzM4mEW0eIfCUiY8eOapgUNsomL+eIyOhRLWYUbdLcRcN2LD/QeviRYcSiNROy7n+6VfeV6QqLiP3g0zcNfbppPt8gf81/WMKM+2YlDPthbUs75k64sd0R1GEzM15J8nSwDZv12E1ZM98pefH2kS82z+Afv+4pffZDW9suOnT+k6MyH15xxw0rWk2+5sGX57f6XlvI/HWLdt+2fH/+8jvHL28166UJf5x72ncDAVzAaFUCujnLrW/s+OfLj9wU5t/Y1+Z7adiUB19+919vJLT+qtewa8JERIbGXNMUP4aNHS3S6uKTDStN2fjP5+4cFdSwSt+g0Xc8t2N9yjDt9OCiTZz/P0NaT3LXlX9VtX/HCw/fNnLaD7ywtbuu/Kuq9v7K3c0zGWNWv/fXJVOvadr8EVMfe+OfT92g+Jqa0X/sQ/9sMb/Bf8TUx97Yu/FXIafPaUnZ+N7bT97RNAaraceuiPmxehcBnAd6VZ887u0aAHRbzrduv2Hx7mF3/O31h6zN+UF3Fmyc+7sVu6sk4cWiFTFerRAA2jBKQw/9mjVrVPPMmzfP8w+tSgDOnmPr67tFLAm/srZqZ9FMtl/NmWRo+Q08AOimiEoAzp7JP0hE7C88ntnykta6q2z7ogc3uEWGWtte7hEAuhWGdQM4e9rUuYte2LH8QNuxzyIiYY+s6urfygWArkarEoAfwpLy9odvP/mbsddc4dv05XzfSy2j73jqrQ//fhdtSgC6PVqVAPxAxvCEea8kzPN2GQDQJWhVAgAAUCIqAQAAKBGVAAAAlIhKAAAASkQlAAAAJaISAACAElEJAABAiagEAACgRFQCAABQIioBAAAoEZUAAACUiEoAAABKRCUAAAAlohIAAIASUQkAAECJqAQAAKBEVAIAAFAiKgEAACgRlQAAAJSISgAAAEpEJQAAACWiEgAAgBJRCQAAQImoBAAAoERUAgAAUCIqAQAAKBGVAAAAlIhKAAAASkQlAAAAJaISAACAElEJAABAiagEAACgRFQCAABQIioBAAAoEZUAAACUiEoAAABKRCUAAAAlohIAAIASUQkAAECJqAQAAKDUx9sFnC9OnTol9Sd7fX/q1Hffy6lT3i4HAIBzpFevXr0vOtVbROvbq1cvb1fT/RCVREROuU/Ktycuvvji3obeffr0uegiGtsAABeI77///uTJk9999923rm9PXdy3l4G3/v8O+0tEP9nnOzEOGuTtOgAAOPcuuugig8EgIhdffLGrzvWdfCeG3t4uqjvp6c0np9wne38nRl9fbxcCAECXM/oae588dcp90tuFdCc9OiqdOnVKvj1BTgIA9BxGX1/59sQpRuV2Wo+OSqKf8Ln4Ym8XAQDAj+riiy8WnYalzurZUem7U316018LAOhZevfuLd997+0quo0eH5X6MLAdANCz9OnTR76jA66zenZUOnWK6wIAAHqaiy66iCsIdh5BAQAAQImoBAAAoERUAgAAUCIqAQAAKBGVAAAAlIhKAAAASkQlAAAAJaISAACAElEJAABAiagEAACgRFQCAABQIioBAAAoEZUAAACUiEoAAABKRCUAAAAlohIAAIASUQkAAECJqAQAAKBEVAIAAFAiKgEAACgRlQAAAJSISt3crqcnz37r8Nkvv/vJm+dudJzLigAAuJAQlX50e19M/nOht4sAAACdQlTqYu5j1TVHjrqbJ1RXflFzzH36XEePVLed2rB4O9OV84v7aM2R6qPtreloi/nbVPUDKB5R/RCtKgEA4PzWx9sFXMgOv73g/ledA/r3PXrkxLD7lq+cHPThyulLd4rI6sk7RYKSX1h3a/DRfz87/4ncI/0G9D1x9NglsX9Y/sDw/uJ4a+Yy5/Qx/0l/54ih7/GaY6Zb/7By1nCDiEjFe08+8mJeTb+B/U8clStnTezf/HDbHnvwxVLp30+OHZehd6148sZgkQ9XTt86dH7gtrVby02pzz893VyZu/IPz+48MuCSfu5jYpk5fsCZt6N84+x5ZSkbHx7T5qYj5/456yv69zMcq3UPvXvNkzcGi4hU5q78w7O7jg3o3/fokePBib9fkfLTAe1U0mX7HQCAc4eo1GXc76W/dOLW5zN/bRaxZ96V9rcPJ8+9fuHGFyxz77Enb1s42jPXJy+tet+ctn7d6AEiR7cv/8Xy9eM2zBwhIuW5G2Xl+g1XGkQOZ869589bp6y7NVjKN/7+Ofu1y/52/08HiLjtb8xLe1uCQkVEanL++NyRSc+/8WuziHyR/puFf9w2es3kS0Rk70t/u/WJP789/BKDyOE3n/ij3frHrJlhA0TcX7wyf+Hf5IphZ7uFuS++6r5lzZspQZ5H/MuuGx8eI2WZf0g/9osXN40PFJGju5+8+4lnh73w8BjDaZUAANAt0AHXZQymwP5fvb/+vZKKY25Lyqv/mHt9e3ONmJv55mKr1ByprjniHmYdduw/ZRWee66ZnnylJ1IETxplLv/isIjYc98qv2b6zJ96moIMltt/d4tfw4oGTl3zj6fvuORIdc2R6ppLRg7vd+DTLxruueX+WQ3p5Iutb3818ra7whqWv/LXc6cM/AFbGBjQz7Hzb7kHKo+6r5z1sqfZ6Yvt7x677hZr35oj1TVHqk/8dOrE/nl5xW0qAQCge6BVqetc/cDaRzZm/e2PaS863H0tExesuP/qtr1dRz99cd7v3ztmDh9puUTEWS0nTpzw3NO/f3Om6C/iFBGpPFITdPWwFlkjeOiVstfzb3nOw4+lH+wfEhFqHiDH7CLmhhFB/Qf2bZy9svrIFSNaLm8OtcjZjzEfcf/KpW/+7Y2nFz5bfsIwZPyjT8wcMaCy+sjxj55esLfFbAPHNG5GcyUAAHQPRKUu4z5W3T98+tzl00XcNf96/M5VGTGZDww/baYv3liZO/C+jBcn9RcRcbwx892PO1qn2WQu//cB963BjWnn8GdfiFwtIu7tmX9yjP7jhplhIiLy4bLpH7WzfFBg0FefHHBPNzcu7yi1i4zoxNYcO+oW8Sx1ouZYwxYerek/4rb7o24TcR/JWX7P469e/+b9QYFB/cbd/+L/nL6lAAB0S3TAdRnHW/OSFnkuWWToe4mhcfh1//795bP9JS2/A9bQjnTk/fW5Z7jCkXn8lCH705/eXS0iIm77G3/8e23L+0+4G6a/UdDu8kGxk3+y96XnPqzxLP/FK09vrTnzlgQNG95v784PPQ9anfdW7hHP9K82zk+d92a5ZwsH9u3X+BCm9198o8yzgTW7n5yR8uynZ34MAADOT7QqdRnL7cvuK33w3ts3XtLPfeR44E2P/G64iMigicm3vv3E7xJzZez8bQtH337/uPtX3nPLej/DMbHMjL1uZ4etShIU/8TvHfOfuP1mGdhfavpaf3f3qD9uExExTEq5552FD87IH9j/xNH+41NvuuKFY+0sHzztsRWORYvvnC6X9JMjfaPS7rpube4ZN2XEXffF3Lv69oTMgYYTcm3arLEf7hERufLXf7j7wMPzbnnTb4C79mhA7LK5V4tI8LRFjzoem5e4dcAlfY8e6TvsvuUP08IEAOi2elWfPO7tGrzmVO23gwYN6uIHcR+tOS79LxnQ0WDmzsxz2gJHjkq/QW0WUE1vs/yx6mMyYGCL0VDyRc7TOQdOn++ScXfdHtU48Nt99Ijb0E6R7T9oOw8BADhfVFdX9/K72NtVeI2xYUiJrFmzRjXPvHnzPP/QqtTVDAMGnjEtdGae0xa4pN2Ip5reZr7+g/77CGMY0P6X19p/0LN6CAAAzjdEJXhcOXXu/VO9XQQAAOcbhnUDAAAoEZUAAACUiEoAAABKRCUAAAAlohIAAIASUQkAAECJqAQAAKBEVAIAAFAiKgEAACgRlQAAAJSISgAAAEr8BlxXqa6u9nYJAIDubdCgTv0GOroUUamr8PwGAOACQAccAACAElEJAABAiagEAACgRFQCAABQIioBAAAoEZUAAACUiEoAAABKRCUAAAAlohIAAIASUQkAAECJqAQAAKBEVAIAAFAiKgEAACgRlQAAAJSISgAAAEpEJQAAACWiEgAAgBJRCQAAQImoBAAAoERUAgAAUCIqAQAAKBGVAAAAlIhKAAAASkQlAAAAJaISmk2+ebq3SwAA4PxCVAIAAFAiKgEAACgRlQAAAJSISgAAAEpEJQAAACWiEgAAgBJRqSu5Kz/J+/dht+KmuCs+zf/E4e76m1JtL9xz4Ii7czcBAECTPt4u4AL272fv/MPWYyL9r1/62twow2k35ZM/3/PgO8dF+sU89sLDIw1dd7N626LbnysVEcvda/48LaiDm97eYwAAnHdoVeoyFV8cOCYiIse+sFe2uSmVZZ8dFxGR4/aDzq68KfZPSz0V2T8rP+NNAADQElGpywSOv32sn4gMHJs8xdzmpgTEJl8/UEQuuT71pqCuvClRyXdZ+or0/ck9yaPPeBMAALTUq/rkcW/X4DWnar8dNGiQt6s4j0y+efq2f2z0dhUAgC5XXV3dy+9ib1fhNUYxeP5Zs0Y5+GTevHmef2hVAgAAUCIqAQAAKBGVAAAAlIhKAAAASkQlAAAAJaISAACAElEJzbhSAAAApyEqAQAAKBGVAAAAlIhKAAAASkQlAAAAJaISAACAElEJAABAiagEAACgRFQCAABQIioBAAAo9fF2ARes6upqb5cAAOjeBg0a5O0SQFTqMjy/AQC4ANABBwAAoERUAgAAUCIqAQAAKBGVAAAAlIhKAAAASkQlAAAAJaISAACAElEJAABAiagEAACgRFQCAABQIioBAAAoEZUAAACUiEoAAABKRCUAAAAlohIAAIASUQkAAECJqAQAAKBEVAIAAFAiKgEAACgRlQAAAJSISgAAAEpEJQAAACWiEgAAgBJRCQAAQImoBAAAoERUAgAAUCIqAQAAKBGVAAAAlIhKAAAASkQlAAAAJaISAACAElEJAABAiagEAACgRFQCAABQIioBAAAoEZUAAACUiEoAAABKRCUAAAAlohIAAIASUQkAAECJqAQAAKBEVAIAAFAiKgEAACgRlQAAAJSISgAAAEpEJQAAACWiEgAAgBJRCQAAQImoBAAAoERUAgAAUCIqAQAAKBGVAAAAlIhKAAAASkQlAAAApT7eLuBC9sEx+/ojew+6vzn2vdvbtQAAuof+FxmGGC791cBR1/W70tu1QGhV6kIfHj/4yP9uKar/mpwEAOi8Y9+7i+q/fvDrv390/Atv1wIhKnWhv9Ts8XYJAIBu7PWaj71dAoSo1IXK9CpvlwAA6Ma+dFd7uwQIUakLfXvqhLdLAAB0Y3Xf694uAUJUAgAA6AhRCQAAQImoBAAAoERUAgAAUCIqAQAAKBGVAAAAlIhKAAAASkQlAAAAJaISAACAElEJAABAiagEAACgRFQCAABQIioBAAAoEZUA/FDfHz32nftcrUw/vuX9ig+PnavVAcAPRFQC8AO5aha8dDDHdY7W9nXNs4XfvP6fcxa9AOCH6ePtAgCgpSuD/jH7MtF6e7sOAPAgKgHoYm795NGTIn0uGqSd3o7tucug9RnQ4rXI0E5O+v7ose/d7a0BALoYUQlA19GPPv/XQ2/VSH+DHHPLwJ9ctipuULDnZUc/9vxfv3yrptfAflJz/JRndkvMVc+H1N2bURE8LfyRK0Vc39yb8W18Yp+/vlVdIXLiO+k7cNDyX152jebdrQLQoxCVAHSV+pffOPT+oMteSh4U3EdEP/rMXw/dva139s1+A0T25x96q99lWXcOGiTirq5Ke70mKjn0NyaR08c81a17/5KHZ4aP0kR01xOvOZ7cZdwwrp+XtghAD0RjNoAu8kXVxrr+v57c2IykDZgTOyjQ7sx1iYjb/vWpqHC/QSIiYhhkvNH/xB5H+0O5x4+7fJSnGUkz/jK8d43j2//9ETcCQI9HVALQNf63pl78B4xo2Vl2+YBh4i6pFpE+A41S8r/1DdP1b/dX9Qq7zNDeavoGG5tv9O/HcG8APzI64AB4wUXjowNef/3LhK/7X2+Skv8cO2YJeu5ybxcFAO0gKgHoGpcN9JEq155jl8b1b5zkqNsjhl8NEpHvPiyoqrhs0PyofgaRcZFB15j6tNumBADeRgccgC5ypWm2/7fPvlVRoouIuF1HHttWYwi7bKpRxFnz8n++l2P1H5Z9Wy1y4tjJoye9XS0AtI9WJQDngHtdRvG6FrctMVc9H6nF33albDs8d903nonm4ebnJgwwiIhp4G9+6nzC2csgJw+U1Rz+8viB4xfFTrtq/pUMRQJwviEqAfiBjJc+n3Zp+3dp/eJvHRp/8rtq/VSr60x+Xbn6P/3m3/+T8Y1T9u8oWZh/5I4rL72s5drarPmyyKv+Gdl1WwIAbRGVAHS1Pr0HnfZSo3932u/hGnozGgDA+YmoBODHZ74ktt+hJzMOltguvab/qYr/OF/+z6lx0y65zNt1AehhBg4cWFNT03b65Zc3fyeXD3IAfnx9BsxPvWpZ1MXHyqtfzq8p6Tfw96k/fYSBSgB+bEOHDm13+pVXXtn0P61KALyij2FU5GWjvF0FgJ5t9OjRdru9srKy5USTyTRqVPPLE1EJAAD0UL179/7lL3+Zn59vt9vr6up8fX0tFkt0dHTv3s3N3EQlAADQc/Xp02fcuHHjxo1TzcBYJQAAACWiEgAAgBJRCQAAQImoBAAAoERUAgAAUCIqAQAAKBGVAAAAlIhKAAAASkSlruJ7kebtEgAA3RjvI+cJolJX+YlhkLdLAAB0Y7yPnCeISl3ljoFR3i4BANCN3TmQH5Q+LxCVusr1/YY8dfnNV/tc1q+Xwdu1AAC6jQEXaRE+l6+4/JYx/a70di0Qfi63a13fb8j1/YZ4uwoAAHD2aFUCAABQIioBAAAoEZUAAACUiEoAAABKRCUAAAAlohIAAIASUQkAAECJqAQAAKBEVAIAAFAiKgEAACgRlQAAAJSISgAAAEpEJQAAACWiEgAAgBJRCQAAQImoBAAAoERUAgAAUCIqAQAAKBGVAAAAlIhKAAAASkQlAAAAJaISAACAElEJAABAiagEAACgRFQCAABQIioBAAAoEZUAAACUiEoAAABKRCUAAAAlohIAAIASUQkAAECJqAQAAKBEVAIAAFAiKgEAACgRlQAAAJSISgAAAEpEJQAAACWiEgAAgBJRCQAAQImoBAAAoERUAgAAUCIqAQAAKBGVAAAAlIhKAAAASn28XYA39epzUXV1tberAADgx9arD20lndWj91Sty+XtEgAA8ALeATuvR7cqGfsN+OnoUd6uAgCAH9t/dn/s7RK6jR7dqgQAANAxohIAAIASUQkAAECJqAQAAKBEVAIAAFAiKgEAACgRlQAAAJSISgAAAEpEJQAAACWiEgAAgBJRCQAAQImoBAAAoERUAgAAUCIqAQAAKBGVAAAAlIhKAAAASkQlAAAAJaISAACAElEJAABAiagEAACgRFQCAABQIioBAAAoEZUAAACUiEoAAABKRCUAAAAlohIBCUvYAAAaaklEQVQAAIASUQkAAECJqAQAAKBEVAIAAFAiKgEAACgRlQAAAJSISgAAAEpEJQAAACWiEgAAgBJRCQAAQImoBAAAoERUAgAAUCIqAQAAKPXxdgEXOkPYjAVzkqwmze3MX79qaY7d2wX9cP6TF61dHhei6Y5tq9Lm55R7ux50W/62OQtmTbQYNRER0d3OirLCHTlbNheU694u7QfSrEnPPj472qS5Ctf9dmHm3rozLxI8NiUtOW6kxRRg1ERcRZlLZqYXuH6MYluXMWnxi4vjgjUR0SvthZsz1j6zvfFVy2CdtXblHKtRRHSXo6gge+2qrM5sGtDdEZW6lhZui4+7MdokInqAMzcrx/65dwvyt85IjI3wdRXtzN5QUHVWq9B8jKYAk8lHdGPDexxwVoxBEbYx0eYWzyLbjQnJaQvz1j6wMD3/7J6e5wnNGGgyB5rEx9/s05n5g6YuXLAwKbxpVxgrg7x0chlNAWZToIiIBJrMg31dpSVLtjV8INIC/E2BJqOIiMk0OMQk9pI7Mwu9UyfwIyIqda3QMFuoyfOvFhA2Zrhl0+debVcKsCbOmpU83OjMryvcXFDV3T+740Kh17p0Ec3PqIlog2NSFyYWTk8v6DnPT81sHmzSRKTeuW9rbmGlrpfmlf34TUoiUlmyJX2dM9hoHB4TF23W/Ez+AUYRT1Ryl+3IWqcVmnzMtvjYcD8xBVuMRhGv1An8mIhKXcoSYQsPaLzhY7ZOCAvabG/usTKGxSYlxEaH+IurfE/u+vSckhbvDUHRCXHxMdZgo1SW5W3IzMpv2dPlb5uRkjgl3F+cJVuz1m0orBMR8Q2LT4wbGSSHC/NKjTHxMWF+Lvu7W9Zv2GnXRYJtSfGTQgabrYONIqIFWOOWLIoV0Uvz1r+6s7yj1YqIiGaJmZEQNzHEt9ZRUNTJj7sGy+TkxOggTS8v2Lw+t8gtwbaE+EnhAeIs2r5lQ0G5iGiW2JSUuGizr7jK9+RmZ+YUtnrZbbceQ9jk5LjoIE2qirdt2bLHOC4lITY6PMhPXHvWP52lX5dkM0vVvh2FMnLqjdFmQ5u95xsxNTkl1hps1HSnfU/elsycQt0SMyMhJlScpXZ9eEykFG5Zl+uKTkmeaHLlZ69L78T+EV9rfHLiZFuQn15XWrAlc33u5+7O7aX26nE17PCYUE10e15W9i7dlpgSFxNhNvq47FnpSzcUus9QjyHsrpUrH40N99NcpXnr5p/fjTT1Zbnz703bbJeIpOdfW3rjYDEFW8NCDQVFbpEg211JiRPD/TW9rrJs14as7Pzy5j0bPDZpVlxMqEnTnSVbN2W0aiht74gEj01KiQnRdOfe7VsOBcVOsZo13ZGfk+sKi5scZpKq4m1bNuWX+4+cGhcfYws1SWVZwY6cLZsLq6RTR8R/5NS4+FjbYKnaU9jpmBdkuysuNtRiCTCKiOgup+v0Rc+6ng4ZLJOTk6fYLAGaXuso3JHT0Mysl+Sml+RKUOxqa1y0iIjmoxlEPGuryt+Uni8yMuX5ybHhfp57OxWVfEdOTZxiNWt62Y5N2Tvsbi0oZkZSTKimVxbmNpz1HZ9BhqAJiakzYix+enl+80ul78ipyVOsJk137t2evbnMHJ+cONlmCdT0irzMpel5h8/0ChM8acGfFqdGm7V6577NqxY+sOkCGCCBLkFU6kqWsOgwU3Pzu2aOsIUH5JRXioj4Rs9auXrOjaGNsWNKXFx8zMr5S7L2ukWzTF2+YklKZEN7lMTcGB8bm75sydLt5SKGiIQlqxckRpk8S46bEhcXn7HkgdV5lWZrfMrsKWYRPVW0xnsT45Iyls5cnhc6KTEtNdKvYY3G0NjkUBER/VOtcNvO8soOVisSPHXxnxanRjeUc2NnN99sjU9KTQjR6h2m0rzcIrth8NjEtNQxfuLaoxduLnBGJK1avSBuuLFpDyQmxa2dv8Tzpt7BZobFp6QmmDURmT1n4SHdNLhhDU7Ju+qgJXlWYoiPJM8Szadx702xRS6au3iD3S1BMUuWLp0V09QnMm5KYtxE65LlBTEpqcnDmyJgXNyMObqPURORKTFhwQvTFm93drB/AmyzVj+eNiWkYfmJsXFJCVsef3Txq4VnGsehqOe3y3PFEttYUuqsOY5aoznQs3qX9ul6o4irg3pERMxh0WEhfpqIGEPDbBHmjPyqzmY3L6p1VtXqIppoRk0TQ0TSsmcXJDY9QyQ2Lj52zKIHF7xa6BaDJX7xymXJkYEN942bEpeYtH7Jb5fnHlYekceLwmNnpI4LFNcezbXHmjY70ijiHC56aUxaSrgmjn8VHahbtnJpis3U9ORJSk6dkbHkgdV5WsdHxNc8a+nKJXEhngWnxHV2kwMssUmzUqMat9Ev5MaUEM+JWbB5Z7nLErts6VnVIx1FY6Mt5U+Pp00JadqzNybExUUtS5vfRVnBYI6KS02LNYte7FOSt8NeHhDWUHxFnjM/t/BwZEdnkNGatPzxhUnhDdVOjItLil07f0lmvh4SlZiaFmMSEZk9e5lDAs0N8xxy5fqJIaCjVxgRMQy2WiPMmoj4mMIjrCEBm+yVXbL96Pb4BlwXCg4bE2XWRKRi37/2uEREGxxmi/AXETHakhemNOYk3fMp0jg8MW1hqk0TS/ystBkNOUmv10VEfMzjUuakxVskeNLC1QuSPW+Q9bpeLyKaeWLq4mVJYc1tPZrnXs8NU1Ry2sKEK/QqZ6XTWdv4kare5apwOiucjkqXXi8drtaSsHBOcmNO0uvP1d4Jik1JiR1uFBHXobKyQy4R0UJjku+KsUjH9eh1rnJnheejt9aUk06jtRwg4hcem5QQaRTfCUmzUhpzSX3DbjdFxyb9bEjzieDZQB+j1nBcjCFRtpCwjna7ZXJKsudVvtZRVupweR4xJWFMgHRMWc8Uq0HXXZUOZ63n6Jsa3wUbnflp4LDnlzjqRUT0QyUFRY7zOif5GIMmpyxeveKVFxfHDfcMKC5zVIbEzUlpfJ/TG554PiGxKQnjAkQCbMmz4iIDRUR3lpY5KnQRzRQdlzTFahDlEbn22zL7YZeIGANCwkMb3laNASHhoSZNRGrLnT+ZNqcplzScQZp5YvKcOZOCOjwiA6JnLZjTmJPkv+k4rHc7K53OClfjmam7aj0nZrkuEhQ/6+zq6ZDBmjQrtTEnNbzCiDE8PjEx2ve/qPzc6fAMskxtzkkNTwNjaFzassVTg8VV63Qccro8E5tyUoMOX2FERMR9qLCkyCkiIq6yosIychJUiEpdxz/CZg3QRMT1eUHenjKXiPiFWKPDfEWCJk6NG2kSEb00e8H4yPDItPWfukTEFDUpdvy4mPiYEB8Rce5amxpjjkxclOcQEb8Q22Rb7IS42AjPgnnZmevXb8h+/5AuooVEx8VF9Wt8ZL1s07LE8Mi4/8kurhcRLSQ65tqK9Huvuy52Zva+WhER59702ddeN+bq62785eo8l1g6WO20ceM8A29ri7P/5zbbtbcv3VR2LsaQaA0NX+Is3rpq9p3Lsvc4nBUu3cdk0jqsJ8qVO//2cT9bmP2p581Fd7ybseDnY0L8rxozLb3wZOMuOJS7ctq4mOnrdlWIiBiDQyyDDebQ8BA/EdEdm5bEmSMTF+U6RERMIcMvG+BZ7FDuyvQCp4iIa9+6Z3IPiYhoftrgiR3Uc6nm49kU3ZGftWz63JWbip0VTqcY/QMMHe4BdT0jLebKnat++fOYOzN21YqISL1jV+aS5MirQvyvvW3xTmNH+8fzbucufHVu3E2pC347O3n8r8/r3jcREVNkQnJqSuK4KLPR0x+XuSlXgiJDPU+8fRnTx4VfN9tzjmiDw6yhvqJpDU+g2uLctXNT56/fdcjprHBpAb5GMSiPyEWHiw85dRHxCwoLbXhj1QIsYcFGEdEPH5Goa8N9RMS5b93sGPPVsTPX76sVEWP4xDibsYMjUhg4wRYeKCLifHddamRk7MwMzxPvzFwF6Xf+fMzP0rL3uEREKgrXTR835urrbvxleoFujYm3nVU9Ozs83mbLyCCTiIjz/cdvt5lvXuA5o/0sYREhHT9lu4b6eAUYDCNjEieEG0WktvhfmevXZ67fsscpIsbhtrgp4Y4ND9527e1Ltza8Irk+zV0382ar/1Uh196bVdTRK0yDw9uXTbsteeaSBdNuS6T3DR2gA67L+IdHh5n9RER3iSk8wN3URBGuFejBZpOPiLjK8nPzitwiOUt+lrPEs1zw1KWelpKKwtzNBVXirkr/9bh0z32+tiUJRh/xfDxKDI1pfjS/IHPwQIfn/3pH4ba8QpdbduQWlsaFD9dEMxn9msYbtOVrGhykWu3goZcN0jQR0Q8V5m4rrKuU3G2FyVNCQjr1vZ4O2Au2FRRPDIn0M42ZvS53tui1Tuehwtys3H26b6S6HnOwSaRFv1Zt8ZZnntnU5hvLzqK8vPzy8oCCksPJYwKN4mc0alKSnja7fsGclNjIKUu3VC1tnFcTrU/jZwa9KQXqui66LqKJ9L00qIN6/Mryc/NKrYmhRvOUBRlTRK91uWrLCjdn5xV13JTjVtbjo53WRKCX5mWuzCpo+NTb0fFquX/cRTs3FXVYwvmm3uU8XJKX+czKVwvdIktmpjkWzkqODk/duCu1eSZN0zQ5XJK7ozB2uM3kF5n8p38ki+6qcDqLCrI3F1SJ26U8IgdNReWuhBCTX0h4Y2e0NP7vdFYN9DeJiFSUbNmcVy4i7+bkFsVFRhu1gKCQQF/5vPlp1vqImPwDPN8GdRZvzdl12O2u3J6XEjcm0CQ/RIB/ePDZ1dMx+6YH5uqVc2ZPsY159I3CR0/bs8qXiS7j7uAMMsZ7XkVF/MJvTAlvsZTJHOpvahxwLiIizn0b0tduLmmsv4NXmJaPXl6wOetH2Ux0Z0SlrmIMsQ33NHFr5ujE5KbJV4VbIwwFP3j1eq3LVd/ijNedLv3ED15re6t1nxzUdPO/7H1ryB0+4vmoqjV9zNNFRMo3L1sorgVz4iIHG41+Rs3PZB4em7rQWVy0qukzcXub2bpJq77O2XIGacwYnv6s+hZ9IT7iP3nO4keTPQO29FqXLprR77/7Rna79biLshb/VnctTImNMJsCjZqf0eQXGZc227G3ZFWHzTmdr0fXXe12fZ55/3QL9WVb5t+btqH1p3rNmvTo4rQpZs3TX6yL+Blb9LCU5y1duLB2wZwkmznAaPLTjIFmY2Di7NqSwnuy7OojklFa5qyNMfl5niguZ62x6X/HwYpj/o0PfqaSWx8RvZ3/zqn/sp6O+dpmLVgy2zPER3fV6qIZjT/0k09nNb4EaC27yDs4gzKa9mi9y1Xb8sntcta2fq7X63W1rpY5T/0K82jO4S7dSlxw6IDrIobhVutVRhGRWkfxnn379uwrPqSLiASG2aKuOnLY079uDImOjYkwSPDUpf/3/5VVfV7m+PvSSHEccomIBFpj423+4mud9cr7VZ+XVX2+66+J/gfLnfUiIq7SLUunjRtz3dyMIpeI6LX24k9rGh7bx2ydbLWIWKJiraGa53Jxjkq3tGg00aTloIQ6Z6lytUV7vix36SKiDbbGTLSIFmabbO3cpWJcdbWeEUWmkGhrmBY0ZootpOmjvHnS4rf/tX5ZYrhesPLnY2Kmr3r/kC4iWkCIOUDvoJ7iT51ne0z8w6M9BbiK182OCbl54eZOfh37hKuj3T5g6rN/y31tQVxoXe78m61jZmfkO0VE/IIsV3XcqHDW9XR0vJr2T9CE+c9/9FGx4/+9//bjU6/yRr/KDxQaFuMZcnsod+lNY2zTn9l1qPlO3+hZr3z05spZNu3T9NnhYxL/Z0tZvWfsmsVstHRwRKpKS+y1je+wFWX7SptG7znsH5QeqPScemExU2z+IpaJU2MjPGdxeVlFB2P0XVWlVS4REVP4lJhITXyjx8ac4eh3QmVV2VnW0yFjuHVimElE6suyZ94cGXnv+r1nfU51ktvlGRMpminUGh5ssETHWoOb4t+QDo6X65DdUSsiolcWrp9/25irb1uy2e4SEb2qvMje0QeR4A5eYRpPB82a9Ozf3i/7d/G///78HJt/B2tDD0erUtcwhEfYQgJFRBz56QvvzCoRg3VOxrpHbSYxhUSHXbwor6A0LmS4poUmrnondoluNPqJiLiKCnJ35bquTHRONJnENCZtXW6K7rnYjNQ79m0tyH3fEVkUExJlNEUlP7MrcVm95vk46CwqKTl8Iqzh0bWQhJXZExc3fljUHXsKSg6LiNTVlpfXSqSfGKNT1xUn6vWNFwXO35KnWu0He/RPHXGhIZpfePKzb8atbrj4TSdUOYrKnfWRRh8tJGll9hSXtFzQWeWoF1OgSQITl7weVlavhQzWRETXna5at72DeirDU157fPZIsxZoFBEJtKVtfH92vas4/dG0ZzpurdN13fPuYgyJX7AuSjdHhLc/JryNyt3qeg5/o1W6jYEmo5iSV79iPaybPFfSqndVVXacfDqsJyJh5eo5MaENTwxjRPLajxJ13b5l0cJl28o72j+HPZ+rLdb42HGhJk3EHB0bF52V+3nJeT2yu616vc7TATrYlvrsG4k+IeGDm++sq3DVidEUqJkS5qwNner0MXviu15b7tJdegdH5LC9uNQVN9gkInplSWGpcVyUURORyvJi+0eFOwodE2PNp516opfl5xX6JKx8R3lEivfuK6u1mfzEPHFBRvEs/Zy00+jFBWdbT4er1fWGweAhsQuffnOOMWR4c6rzjZ61dnVKuFFrfCzTmIWv5M3R9cq8dTNfcaUtWzjBrPlongfVhieu/L+xuriKNyxbuLSjAVLOQyVllRIyWIxRqes+SnRJy/1TV6U+Xu69eVt2lI1JCtEGx8x+/f3UWl3z00RELy0o/lSPWfLK4hlhJj+TJiI+5tjlb+5a4nLmZy55ILOwsqNXGM8DG6ImxU2JNPuJ+IWPi58amVmQyzWi0C5albqEFhIWbfEMnCzLLykTEXEX791XVisiYo6wWbXcjPQt+zwDP30aXuykomD9ysy8SnfhhoyMdz0DFTVjwwuWq2xrevqGEvfh7Rlr1+861PBdGM/LjX4oN+OZ7NMu5GL0a3gxcn2am5G5paFvoyhvy9Z9roY1m0yBJnNAkCYiHa3WviU9K9fz4dvHaOxsThIRsW/Nys53NKzUz6g1fY9JRPTC7Gey/lWqi4gxNDzS01lZ79iVmZ37eYf1iGYKMJsCm/piGjbEFOB7hsLq6/Zt3ZJXqouIFhgSGRVu8ulsZ5X7qw72T1VBZsb6fIfeuFqzn+d4bcre0fGPvnRYj2b0Dzabmva2j9EYaDIF+Bt9NDnD8fIs4KqqbLzCaL2zyuU633NS2yPxeUHuu4VOERGjeXhkeKhRWnY1fp6dsS63uLbh3shQkyaiVxRsycw9wxHRnfbDTl08X50rKSkq97w5ug6X2UuPlmRlZmwqazxBGna+69MtGelb7B0ekbr8rMwszxcCRPM7V/1Z7rOupyN6Yd7WguJaaTz1zEZp+cTzNwWbTIHNm6D5GU2BJnOASfPTjH5mc6Cp+UFFMwaaTIEtylBtyd7cTVsb9o/4GI0+Lb9L2/EZZN+09pnsPc7GYjxj+cty12Vmf65pfv7mQFPrUs3mQH/tjK8wnqpqy6sqG0+YynJnN+y7xo+kV/XJ496uwWtO1X7709GjumLNLa8Ol5mVd7hhYmxKgi1Yk8qS3A2bCipFgsemLEyODfXXxK1XFmevXLWpeSCwr3XGnNT48CA/g+h19q0Za5svhCiGiKmpsxJjQn01cbsO7cte+UzO526RsKTXnl82xSz1ZdlLN+kjbZZAqfp0S8bKTa2v6+hrjU+MHdnwswktL0GpWK2IiATYkhamxIUa9YrivM15zsG2yGBx5Oes33amtgotLHZWUly02VBbVrB5uz1gbEyo1voSlEmx0SFBfprUluVmZq7fYW9aoaKeINuMuNiI0xrL9bIdWVk7yg1XTUpOsnmuK7h+W4m7aebGfW6ImJo2K9E6WNMryvK25ToDbJHB4thf/HW/8FGhmn64ILfIaGu4GmFBXcQkW7DWtIs62j/iGxafnDzZGhRo1Oqd9q1Z614t6Myv47Vfz97t2e9KTMqkyIDWb0B6eUFW86X5OqxHRLPEpKQkjtSKt2Wt33zGKzx5RePVRFtvVwtBtrtmpSSEGOtd5UV5W/L1sAlhppbnVPDYpIbrLop+aF92+jM5RWc+Io3XLawq27Ylu8KSnBTT4gnjuTZj6uyUGIufQfQq+9bsdZnb7bqI0Tr1DEekYcEgcZUX5W7J18ImWExNJ3vHAsYufm1tapRRKgpW3pmavrfV1RfPtp6O9nzQhOS0lNggP91VWpC7tUyLtoVoVcXbsjcdCktKiQlpE3z0ysLczDx9YmLcyLa/uNJ4YckzPKivdcasZM8VU9/dklcZEhMdJC0uQdnRGWS0JixMiRseZNREr7XnpT+TvqPcc13K5AmW0+pxFm1v/tWmDl9hRMR3ZMLslFhzbV52euOTquf4z+6Pe/ld7O0qvMYo/8W4BKJSl0Ql72gRlR749cLN/I4tcN4LtiWlTArxM9smx4YHihzKXXpnWuYZvjsJnAtEpc7PzFglAPAW39BJiSnNl9F3Hi4sKSUnAecZotIFRHdVOh0VmuaqctZ6uxYAnaB7LqPvua764YKMldk96EeCge6CDrgLqAMOAIDOoQOu8zPzDTgAAAAlohIAAIASUQkAAECJqAQAAKBEVAIAAFAiKgEAACgRlQAAAJSISgAAAEpcrRsAAPRQ77zzTklJSdvpYWFhN910k+d/WpUAAEAP9fnnn59xOlEJAAD0UGPGjDnjdKISAADooaKiosxm82kTzWZzVFRU002iEgAA6LmmTp3at2/fppt9+/adOnVqyxmISgAAoOfq16/f+PHjm26OHz++X79+LWfgG3AAAKBHi4iIqKys/PLLL3/yk59EREScdi9RCQAA9HQTJkxQ3UUHHAAAgBJRCQAAQImoBAAAoPT/Ae8og5tXgQlwAAAAAElFTkSuQmCC' height='300'/>

  &amp#27;[32mWhen &amp#27;[0m&amp#27;[32muser enters valid username &amp#27;[0m&amp#27;[32m&amp#27;[1m"standard_user"&amp#27;[0m&amp#27;[32m and password &amp#27;[0m&amp#27;[32m&amp#27;[1m"secret_sauce"&amp#27;[0m &amp#27;[90m# stepDefinitions.LoginSteps.user_enters_valid_credentials(java.lang.String,java.lang.String)&amp#27;[0m
14:44:10 [main] INFO  stepDefinitions.LoginSteps - Clicked on login button
  &amp#27;[32mAnd &amp#27;[0m&amp#27;[32mclicks on login button&amp#27;[0m                                                  &amp#27;[90m# stepDefinitions.LoginSteps.clicks_login()&amp#27;[0m
  &amp#27;[32mThen &amp#27;[0m&amp#27;[32muser should be navigated to homepage&amp#27;[0m                                   &amp#27;[90m# stepDefinitions.LoginSteps.user_should_be_navigated_to_homepage()&amp#27;[0m

    <br>Cart Page<br><img src='data:image/png;base64,iVBORw0KGgoAAAANSUhEUgAAAw4AAAG7CAIAAADluFX1AAAAAXNSR0IArs4c6QAAIABJREFUeJzs3XtcVHX+x/HPzMAMgXKLiwqaMbgGauGlQNnQ1bC8rSlupf4ycSu1Naldod0Va0vc34ruFnYRtBWtn1IWmiVakq3gkrJp2qqQCeQFNIRUbsoMzMzvD5CbHAFhFPX1fPjHzDnfc87nzOPh+Pb7/Z7vqCwWiwAAANw2TCZT6xurrVkJAADAzY2oBAAAoIioBAAAoIioBAAAoMjmRhcAAABwg3311Vdnzpzp3r37yJEjm+wiKgEAgNva4cOHv/vuOxE5e/ash4dH//79G+5lAA4AANy+Ll68uGvXrrq3u3btunjxYsMGRCUAAHD7SklJqaqqqntbVVWVkpLSsAFRCQAA3Kb27duXn5/fZGN+fv6+ffvq3hKVAADAbWrv3r0tbicqAQCA25Svr2+L21X8BhwAALit8BtwAAAAHYOoBAAAoIioBAAAoIjVugEAQIeZ/uwzZeXlInJvv34xC6NvdDkdgGndAACgw+gHDSwpLa15nbH98759+tzoiprRpmndRCUAANBhMvfvq6qqfnP1qp1paT29vHp6ebX+WFtb25V//4eHm5s1C5QmUam6uvrf//73jz/+WFZW1rVrVx8fn+DgYBub+mE3ohJw8yvNSloRE5d8IKfMKCLS1Sc4LPLNyNG9dDe6sGuX9ozvrM0y7sOcFaM67qQ7I/SPp8ikNbmrQzrupACa893hw6MenXgNB65ftfrhkSOtUFEjdVHpzJkzX3zxxfnz5xvudXV1HTNmjIeHR81bpnUDN7ncxIeDJjy/NrM2J4lIWV7G2rmDBobF597g0gDctu7r3/9XDz7Y1qP0vXtfh5zU0PHjx5vkJBE5d+5cbm79FyhRCbipZb02K2a/URwfjN6yJ6s4J7c4Jzd/z/r5fiLGg9GzYo/d6PoA3LZ+/9zv2nrIKy/90Tq1KDp69Giz20+cOFH3ur1PwK1+b9258xfadIi7m9us6dPbeV0AIiL5mV8ViEjo8vjw4MvDbXbuQS+vjzs8KOKrgq1JWVEv+9/gGgHcnobef//9gwZ98+23rWx//6BBY0NDrVxUU6WXZ6A38fPPP9e9bldUyj99+k+vvXYNB44bPdrT3b09lwZQo1JEvHz6NJmW5BgatXCyR7Z0xidPANw2Fvxu3uO/ndXKxn97+RUrl9MMpUfhjEZj3et2RSWv7t2XREdfKGk+kSlxc3UlJwEdw9tngEhOwdbNWVEDGvUe6YaELxty+c2hZSG/SigIXrp3S1jNX70dz/jO3SxyxZbG06gbzxbXuQVMioxdEqZ3aqaO0n0bohesSD9cXHbFLr+YXVvneHfoXTfDcDJ9w+IV8dsOFhtERNvVN2Ta3xdHBSt801Tm71j80rK1mXkGEZ1bwNj50cunDWzmvgz525ZFvXZLzZcHrqtRw4f37dPn6LGW5wJMeOSR+/r3vy5FtVm7opJKpZo9M7zjigHQVsOjFvptXpK94tehZ5fGLRrv79ncv+IDAgMlYdO+g/lSE4wOpG8TEZGM9CwJGy4ikpt3SEQCh9d/UeUmPjwhZn/9f6vEUHzwg5dGb0tfcyBueONUkRs/ZXz0QaPcMKU7o0If31Rcv8FYlvNlwsQv02O+2DpHf0XzrMRHZsUcvvzOUHxw88tTNm+K3vNxeKNOOEPavOGzPmhw1tr58pnRez4Lp7sOaKU/RrwQPq/lSUuv/vFP16Wca8G0buDm1id8w5aZPiJ5H7w0oV+/gBERiduyiiqbNPILChYxHDx4UkRETh48aKjZfjDzkIiIVGYfzBHxfTDAs/aA/PgXYvYbxfGh2D1Hcmtmi+d+NLu/SGlKVOyBRucuTI6JPmgUn8nv7bo8r/yL2DFuIuI1/9Pc4hyrdylVpkfP2FQs4jd//d78nNzinNziI2lvPuQmkh0dk1x4RfvNy2NO1s+CzzqyPjrYTeRgzGPLshrd19aED4pFvKZ+WDdfftfKJ3xEsmMWJBdZ95aAW8jAe+9tsc1vn3yyl7fVO5+vGVEJuNk5Bken5u9Zv3xyYM+uZYdTYmb8Osh74Ph5qfn1gcndb7CXSHbWMRERw77MbJFxT03tKgUHDxeJiBzO3CsiQ/wv98AUZX5V6uXhM3tjfFjdLCingVFvzvYSKd78ZaNIcTg9XUQmRS4b613b1E4ftjo6VKTgg5RGLa1kf3q2k5fXmKWJLwe629Vs0nlPjVs0UkR2p2YYrjjAa/aWxPBg95pqdZ6B4VvWzO4pciohfmeDVobSUhHxnRo+yv3yfXmPfuuNxU9MntxTiEpAay2NixORbp6ewx54oNk/v33yyUULIm90mVfTrgE4s9kcPm/e+QtNFyS4OlcXl8S33lapVO25NICG7NyDZsYGzRRDSe7euGWLVnyZ/cHc4V9NXrMntmawzH9IgEjBwcO5MkqflZEp4jdwTqBxXVLqVwdlamjRsbwykcBgv8uncw/bmBZ25VUGBAZIQsHZ/MZBQXniTknplTml4wVHp2Zd+TNTuoCRfvJVdv7ZIpHG/1n1nRo2oElj/7CZPgmL8w5mZMmoy1O+egWG9JTsnBVRrw2Mj6oLYf7T3oqdZq07AW45x/LykpI/FpH1Cas67VSkFrUrKh0/dTJlxxfXcGD+6dNtWukcQOvonPTDX45Pj8qNf+ThZYc3zZoXmvV+qE5EBocESkrm4TwRycwoE4+QwD4B4iupGQezJLQoI1PEJ2RIo0nQpfs2LF68NjUj78qZ2o2MmjrVcVPS5kVzRvrFTfXWiUhlbvIzMakiXZ8YP9DK91urMn9HbEzCB5kHz7ZQrIjIAP8rpy/p+/iJ5BWcajgzyT9q1xrDxIi1K6YHrRCRrm4e7vrg0LD5M8cPcGdeN9AqievXi0jI0GE3b05qb1S6u9dd1/YEHDkJ6BCFWTv2F4iTz/BgfaN/vO30c95buHXQkuztqXsldLiIePoFeEhmxsGsSsPBHJFJgf7ibQjuKuvSM09OlcMiEuDXYKpybvyE0dHZrSti4KLVk5Mf35T6/Aj/5xtsdhwX93JgR93o1ZSkzx84K6VtX0Ot4xSyaNeBqJL83H3Zeccy0746mLo5IXNzQmzw0uQtYZ13XgXQedjYaEQkfc/Xbr5X/helqeR17w0PDr4udbUNT8ABN7GzKTEzEgo8Zn+WFdl0ocleeh+RbKkbAfMPCBbZnJu3rShVJHCkn4gMHBUi61IOHM6WwyLBgfVnqExdFp0t4hb65vq4qQ1CWOXWOd4vpDYtIituwSaj+AQGS1ZNF9RVlxXocFlxi1JKRfrPXv/h/KAGDwBmvTZ8woqCZg44lJUrIU2+tXOPZYuIV89mfqNT5+TtP8rbf1To+Dkikhsf9PCyjJfidoYt68AfpwNuVc/N+u2n27fnnz59owtpl/au1g3gBqqdPLQhftvsFWMdG+3KSE0XEZ1j3Vb/wX6yOTMxwb1+rG1wSKCkpMcluIv4jAyoH347m58vIhI4dWqjzqqizUlX5CTJem1uwikJfHP9hqk3Zrm0olMFIuL3xNSgRgslHNiwtrmcJCI5ScmH5kQ1mq6Ulbw2T6RryKj6uJgbN3r04ryuT60/+PeGfWN6nwEiOZJ3qkiE5eGAlnTz9DyYvvs/3+43GqtabNzfz6/FNjcET8ABN7OQOfO9RMpSZkyJ3JZ7uQfJUJSRGP5kUpmI1+ypdbOFvINDvKTs4P68+rE2T78ADynbfzBPJKB/g34Wj5qndjOTkvLrzpmbFDH++QPapgXkZ24ruHKe0/Xk3tNLRLI/SDpQUrvFUJgZ+/D05NIriq1VkDAxPDGjyHC5ceLEWQmnRHpOm9ag618/NtRLpGxdRHh85uXFFwxFGctWbBaRrn79yUlA62z4+OM3V60qLSv9ZVDQlX8CBgz4Mm3X+o829vL2dna6Lj3RbaeyWCzXfDBPwAE3Xm7yxOlRGcVX7nALXrphS1iDBJQ6321uioiMfCNr4/iaHpi0Z3xnbRaRwNgj68M8G5y0mblK2oCYuNC1c5fljFtTHDe8dqNhx5P95m5v3M7Ry93O3f+JqfMjwvyv9ZuvpjCto9flR88a6z97w8ZptbOFmp2r5DF5zSLDrOdTGq0VvjNC/3iK36KlgQkvrT3b5IwBVyxBqbi0ptsTa1LfCnG8YjuApt59770/vvZqzev34xPGPPRQkwbjn3h87759IuLs5LTvq39dt7RU93smr7/+ulKbF198seZFuwbgCs+evbYn4Ip+/tnDrZlJAQDaTB+2JS1w54bYxQmXf1ekq1v/kDmLIqeN8m78oJbfwP6Sclj8RgbUbfcfGSibMxsuPll70jkfp/VaFrUwOfNUmYh07RkYtuSNRWMNiR80ubpu9MsLfLYvz2uwyVhaUFBaULDiYOqKte1c2NpYWlDQ7Hztkw1WIXAKWXHgo6AFS2I3H6y5/YBJkdHLpw3cF9XsOR09Qhbt+Uhf1175h030cz7ODE6Oi05Irn0MUOmDBaDgaE5O3etv//vdlVGprsGFkpJTBQWds2OpXb1KInIoK6tE4Vd5lbi6uPj37dueiwLoLIqSJw6NyvCb+fn6RUPq+1kMhZkbno2IySiWJ9bkvhVyQysEcOMcOHQodNKjItLFwWHXZ1t79+rVpMHf3nhj+VtvisjQ++//LKnp/8Ws5/r1KonIAP+mz90AuH2c3JqYIeI7OXxIo/EonWdgeFRo7MQk4/VYgxJAZzVwwIA9O1J3pqWNf/hh7x49rmzwxxdeGBxwX+HZov957LEbUWCr8AQcgGvn4e4tkp2TsCjeP3Zm3ZLWhtJj6YvnJRlF/Ab73OgSAdxQfXx8+vhc7YsgdMSvrmM514KoBODa2Y2PjElIjc5Oj54edOWPi/RfGGft38oFAGtjsQAA7aGf89mBfy2dPTLAy7Hu4fyubr6BM9/89MCu8JbX5wWATo5eJQDt5DggLGpjWPPPmwHAzY5eJQAAAEVEJQAAAEVEJQAAAEVEJQAAAEVEJQAAAEVEJQAAAEVEJQAAAEVEJQAAAEVEJQAAAEVEJQAAAEVEJQAAAEVEJQAAAEVEJQAAAEVEJQAAAEU2586du9E1AAAAXD9OTk6tb2zj6upqzWIAAAA6F5PJ1PrGDMABAAAoIioBAAAoIioBAAAoIioBAAAoIioBAAAoIioBAAAoIioBAAAoIioBAAAoIioBAAAoIioBAAAoIioBAAAoIioBAAAoIioBAAAoIioBAAAoIioBAAAoIioBAAAoIioBAAAoIioBAAAoIioBAAAoIioBAAAoaldUKkyNnRcVGZdZ2nizYV9i5Lyo6E257ayt9UoPpSbOmx7qPzzEf3joxIjYpKzSVhwFAADQgnZFJc8A/alNmxZHxR9quLUoeeGSTR9k64fo211daxRtfTJo4K/mxnyQWVTzPiMl4flfD/SP2FrYvhMXZu3YlprVzpMAAICbWvsG4NzDYmZ7SUFCbKqhblvGitj90nVS5LReHVBeSwxp8yZEbC92C174cW7Oway09Ky0g8XffjzfT86mREyMb1e/1uGEuTPmxh/uuGIBAMBNp71zlQbMjhopsj0m7ljN+6INryWVSUBUTIiurk1laVFhUVFhUWnlNV/GUNrs4cdWLPqgWHwXbNgSPtCpbqvjwJfXx40UyVket7PpSYoKi4pKDFecqEGpl/fmH8u75nIBAMAtot3Tuh3HL1/oJwUJr6UaLncpuT21cJpnzd7SA/Hhgd6DgvoNDeo3dKC3f+i81KLLR+bHT9C7TUg82eBkJxPHu/nqn0kXEZH0+W6++se2Fu1bFubWb2C/odEZTa+dlbS1QCQ0KvyKoT7H8e99u/fInpjg2vel+xLD/fsN7Dc0qN/QIH0/vwbDc/nxE/Ruw2P3FW19MkjvPSjo4Q35kj7fzXd4dLaIpDzuq3fz1Qcl5rf3gwIAADehDngCrte0yEldZXtM3LGi5NikMnlo0csDa/bkxk+fEr271Hfq4i1fpP1r5eyRjnkfzB3/THob5lxnxIx/JCG3Z+C4JyYP92iyz5B3uEDEL3CIrpkD7RzdPd0d7UREpDB5ziNL0isfnP3hF3uP7Pps+UOOZ1MiHlmWVd+6IPmxCRHbDQEjJ0+eqteJ35z3Vi6e5CUiAbNXrnxv5cq/h7hfwycDAABudjYdcA7d8JjIgM0vb3hsuu6UeM2fP75mLKwwOSY6W3rOTt4b6S8ioo/aGOj/2KCIzYvio9Ki+rTu3IbigW9+Gz/Vsbl9RUUnRcTHp6VJUUVfpeZ7eE1eHh81Sici7jPjYzN8Z21OTT8W6X+5jGKn8R9nRQ+0q33rPjbU8eQK2VzgNTJ09KjWfhAAAOBW0zHrKnlOi37KrexUXrE8FB3lX7vxcHq6iM/Myf717RzHzxwnUpC+s/XDWZOnNp+TRETETkQMZS1NgXKfGp+elRYzODdtW+qObak7tqUWiJdIXlaDsT+/2TPrchIAAECtjuhVEhEZOGemz7rleZOmjb4cOIpOFYiIX5/G84iaGyu7Gl8/5SUHvH36ixzOzjom4wdc9SQlmYsfDl+bYxTp6uXhKCKGkoImTXz6eLexMgAAcBvosNW6dbomKci9p5eIZB9r9MC+oenTZ6VFJQ13G5QfTmtG0MiHRAo2rM28cldW3JQQ/+HzN5WKyIHYiLU5xtA3v80tPpCelZaelRY7qS2XAQAAty0r/rBJ8PhQkby4tQfqN+VuWPGliFfIqLounILM/XWPxElWUlKbHtDXTZ4/u6eUrYuYv63xTPHCDTGLDxac9R4e7CgipWeLRXwChlweyCtJTd7c6mu0KbsBAIBbTEcNwDXDLjQyxi81OmnKwNLoReO97IrSX4tJyhG3JxZH9BER8Z40NSD65YMLpkdKZKiHFG9btnibwU2kuA3X8I/auDBz6JKUGYMyB0+eMzvUy06KM9bGJ2QWiDYg5rUwT7ncv5WXuGCZ3/KZ+sr0uBkvZercxNDCdbyHBHSV7JQF02Wbl67P+KgIHoIDAOD2Y8WoJKKf8/EOu4jwBSkxz6aIiIhbSMzKuDkDa4fqPKfFr8oc/2zKpgVzN4mIx4OxX0SmDZ2b0qZr9AlPzg1InPdC7PZNMc9uqtmm9Qic/ebKqFG13Uj+L6+JPTw96quEWUMTRMRt5NINM9NHz2jpOkMiE2OKIqK/TPlAxNcvIiKk7R8AAAC4yaksFovVL2IoLSw1iM7R07G5Wd2G0sJSg52ju1Nbp3w3exXROV1eTqmJytKiEoPiXgAAcJswmUw1L15//XWlNi+++GLNC6v2Kl2mc/S8yuDV1fd21FVE7BzdCUkAAKBNrDitGwAA4GZHVAIAAFBEVAIAAFBEVAIAAFBEVAIAAFBEVAIAAFBEVAIAAFBEVAIAAFBEVAIAAFBEVAIAAFBEVAIAAFBEVAIAAFBEVAIAAFBEVAIAAFBEVAIAAFBEVAIAAFBEVAIAAFBEVAIAAFBEVAIAAFBEVAIAAFBkc+7cuRtdAwAAwPXj5OTU+sY2rq6u1iwGAACgczGZTK1vzAAcAACAIqISAACAIqISAACAIqISAACAIqISAACAIqISAACAIqISAACAIqISAACAIqISAACAIqISAACAIqISAACAIqISAACAIqISAACAIqISAACAIqISAACAIqISAACAIqISAACAIqISAACAIqISAACAIqISAACAIqISAACAIqISAACAIqISAACAIqISAACAolskKhnLL5w7X/enwngDSqjI3rL6zS0/lF/TweXfp7z5dkr2tR0MAACsxuYajincu/pvq3d9f7ZKxNZj0G/+8MKj97qIiJz6+IVn152+onmP8JVvPCbrn5m7Jb/v0+uXj3a9vKOm/eCIxJiHHNp3FwWfLHgxsaDhlkaFXRdHPnk3NV0qBk/8xbC2H/zfT9dt2y3lg8f5BVmjNgAAcI3aHJVObYn83bsnqmx7DB7VR5ufte/bDS/NPb7o3ReGdRGHu+9/aNQFEanI+2bPj+ITeL9PFxFx9nEQcZn+/COpL32+Yf2h0c8PEBERY0bCutPiMTa8vTnpMq+x//jfRz1FRC7kp6cmJG146bcZz65YNsm7Y07fkgdmx/05VHoPaU3b8ztenPGux8KNf7ocjIY9E7t4lPgMtm6JAACgrdoYlYwZCe+eqHIYVpONRKR87xszl3z9j3dDh73Qz3Xw9D8Mlpruoj0/yvCZv3usQUy596mZgz9/Z9u6lOnLx7mK5G7YsF/sQ56Zpu+we3Hu4uLsKiLi7DrxmbdH3ffa08tXvbFjeIN+LDFWnKuoErHt4uKgbXJn5RfKq0Tr4NxF2/S8V9lVs9eode6iFVefANfm9pZXidjauzY8uOJiuYhHw3YuvYc0zUnG8vMXjXK1616lKgAA0CHaFpWM6bv2iwx++rmanCQiXYJmTu/79aqdqfte6NdCh0qXEeFhH+1P/ijx0Lg/9M1ITC6Svk/PDrLav/NdHpg+ymnPp6lphaMneYrIhX1v/+W1z09X1ex19p/3v38ZV5Pkyo+8ueCv2wpq9th6P/Ln13/Xr/b+Cnf9759Xp5+t3eUx6KmYV0f3FBH5z/9OWH726Vce2vvGW4dLvJ96ffUU2TjnxUSZtir+0Z5SsHHOi4k+zy2S9Yt3l9ScyaX/U4tfHafXytexjy3eLSKSv+SxdBF5cMH2qAdOffzCs+skfOUbNeGy/NDqF19Jza+t1WnAU5EvT/lFFxGRgo1zXkwNWvBY/up/ZJbU7n3uL7FjvKz1MQIAcHtr27TuwgtFIj3uvadhvnHW320vcjwvv+XD9dOeCnG4+OW6lK/Xbdgv9mOfGn1lN0wH0g/oJ3Li+x9FRHJXL1z0ecWQiNiPkjduefeVR12y3lrwxj6jiMh/1y3bVtD72ZX/t/2z/1v1dO/8z5clHBIRkfL//G/EO+kV/r+PW7X+vVVvRfhXfPvui28fqTv/qaRlCed7/+bpiNlB7s1cfvc7i/MfWBS3av17by19yt94eN1Lsf8pFxny3Kr1y8Z6iwyOWLX+vVXrnwtoemD+Jy/9OTXfe+zSd1etfy/2jw9qD62LXrT9Qv3+5OX/p5351nur1r/7yqN3lxx6553N563zCQIAcNtrW1Q6lXflrG1x8XRu7fHaB2Y/1UeOrlv8aZEMmhk+oE0Xb4//bPy0yOWRyJcf6t1FK1rPfrOjpnlXfL1+5wURMVZcFBGxFRFtz4mvfPTeG7P7ioic+nxDeoX7o39dGOrj7OrirH9o4eLnhg+tKsq9fNIK59C34xfOmhg8xLvZvrH7fv/XZ4b5OLu6eNw75S9Lf+1ekblhW75ouzi7dnEWEYcuzq4uzq5XjJ99vWFDntz3+7/OvNfT2dWl9/CoJc/2le/XffTfuhbOoX+MCta7OLt69pv9TKiDHDt01GqfHAAAt7e2DcD19Okhu5tuPF94QaS1acl1zDOPfhz1ydke4c+M6NKK9u1TJTUZKP90nkj57mXT9tbvKheRigoR5yHTnh5w6N1VT/9PonMP/eARj/56xPCaB/ryTosMG+BTfzq/Mb/zG1P/1mVwcM+rXHxQ8PAGd6gPCnD4NDU3X6SFaeYF+XkiXv3uqT/WeUhQj1XrfsgtlHs9RURkwH1+9UW4u4icyi8QYQwOAICO17ao5OnsLvLdf783Plbfj3Ih98eLIgE+rX3QrPeAvvLJ2d7e1n8w7b97j4j0uddHpEJEpOeDMx9r3I/l4OMuIuI9Ovb9EYXfZ329NzV990d/2/lRSsTbsQ+1HP4cXGytVntj5SKi1TJ9GwCA665tA3DakBGDRfa/+87XlxdLLN+7dv1RcRgV2qqH5K8jY976hJ0XZdDYUBcR7x4+IoVVzsNDgmv/DHAXEQcHrcjxlDfe/vv24573BEyaGfn6P//8kEPVoW9/EJF7+vYRObL/+/pzZm9/++9v7Mq92mUb+DYjrcGSkrl7D1ZID33LAdHrnnvspeDg9/XHFuzZe1o8/O+5fmtEAQCAWm1cLEAbPPvpT3737teLZxwfHNJHm5+172hRlcOwRU/3s1aBrVdxbF96Rp6IyIXcnamffHu6ynnYoshgrYjIA//z1F3p65ZFeUf+YZSX7fkjCUvi0itCl34QLNKjy/m0L9853sU78jfe2qr8r7+vEA8PDxFxHfObkKS/bvvLXzwXPveQt+TvfOe1dVnyyIg/tLag796MeEMipw32vPj9hrf/9nmRw4MLxtZEJQf7LiL7P16bauzj4nN/k6lO9075jc/Odf+IeEO7cOYAh7Npq5clFsjgiEc7blUFAADQWm1egrLnxGWrPVf/bfWu/TtPi4g4DFu08oVh1p921LIL36xa9o2IiNg6OPcY8vQr8yb2q3vCrueUv/xDli1e9+rMdSIitl7DF8U9c6+IiHZ4ZEzhkmWJf573iYiIuPR/eunM3iIi2oA/xS3QvhKX+Od5iVK7jsDS37U6FD74XIzDJ9GR82omTHk8+Fxs1AO1n5PL6N8/90306m3/WCbeT70+ZErjaUbe45Yuq3ptyYa/RXwtImLrPvi519u9oDkAALgWKovFcq3HGnPXLpyXfMLhwQVr60JAZ2csP3/R2GRByNo9FecqqpSXoGxm1UplNesqLdge9cBVTtuKWtt6XQAA0DKTyVTz4vXXX1dq8+KLL9a8aM/P5Wr1M5e8FXZXxe7lM2P/c64dJ7qOtF2aez5fRETr4OrSfKDRdnF2vea8onzalg9tz3UBAEBHuJafy21Aq5+5bPvMjioGAACgc2lnVEKzHHyChj/k6dGKlgAAoFMjKlmD85CZv+tsqycAAIBr0J65SgAAALc4ohIAAIAiohIAAIAiohIAAIAiohIAAIAiohIAAIAiohIAAIAiohIAAIAiohIAAIAiohIAAIAiohIAAIAiohIAAIAiohIAAIAiohIAAIAiohIAAIAiohIAAIAiohIAAIAiohIAAIAiohIAAIAiohIAAIAiohKWE+7fAAAgAElEQVQAAIAiohIAAIAiohIAAIAiohIAAIAiohIAAIAiohIAAIAiohIAAIAiohIAAIAiohIAAIAiohIAAIAiohIAAIAiohIAAIAiohIAAIAiohIAAIAiohIAAIAiohIAAIAiohIAAIAiohIAAIAiohIAAIAiohIAAIAiohIAAIAiohIAAIAim7Ye8FNh4XsffvjJtpQfcnKsUxIAAEDLfuHr++jYcTMef7ybp6f1rtK2qPRTYWH4vHkjfhmc+OZbffv0sVpVAAAALTh67Ngn21LC581LfOst66Wltg3AvffhhyN+GfxSxAvkJAAAcGP17dPnpYgXfvXgg+s+SLLeVdoWlT7ZlvLo2HFWKwYAAKBtJo4Zs2X7duudv21R6YecHPqTAABA59G3Tx+rzp/mCTgAAABFRCUAAABFRCUAAABFRCUAAABFRCUAAABFRCXgpmIoPZa5Y1vqjp1Z+SUGa12k5MCGhTEb9pVa6/zNMBQdSt+xLTXtUFHDu8pKioqMSy+6jnXIjbl9AJ1Ym3/YBMANUrRt0bQZSXkNtriNXBi/OnygU0dfad/aRQkpcjZk2pCQjj51c44lhz/8UnpdMnF8MPaLxLA+IiJFX23adMgvIuK6lFHnOt8+gE7O6r1KB/Ky9x79ztpXAW51pTsjxs9Iyh88c82eb7OKc3Lz96yPeVC+WjJlYmJ+e89dlDzRV/9Mev2GUYs/+3DNZ8uvT1DIin3spXQZt/LIkdzinKw9CwMNu6MeW5Z1Xa7dvOt6+wA6PStGJYtYdh/ZF77iz26Ozta7CnBbyIydkVLsu2DrF9HD+zjqRMTOPWhOYuJ8Lzm8Ij6jYUtDaWFRUWGp0uCcoeTKvYbSwiatHP1Hhfg37axq4cxKFywtLCoqLCqtVNhfmH3wlLhNnTnaUyciuj7h0VEBXoasgycbN6ssLSosKmpuzNFQUqS06+oH1u9telNtu/0WCgBws7NiVPr3kf3/t+vTj196w7f7Xda7CnA72LkhySChUeH6xpv9oz7be2RH1ODat7lJc0Lc+g3sNzSo3yB/t9HR2+om+aTPd/Odn3Qg9mF/f33t3sUZpSIiOyP0biNickQ2z9K7+erdItJE5GTieDff8fH5Uvt6dPzOrfP9L5/ZPzz5WM1p8xODGndHNTxQpHRnTGhtPUMHegeFJ+U2c2ue7m4ixTszcy9nKf+Ij9OzEqf1qmthyEoKD/QeFNRvaJC+X+C8+pE6KclcPGKgv35o7a7HEg+U1O5Je8ZXPyJ+R/wUv8sH+gXFpF3emx8/Qe8Wkbwtqva0/Qb5+4dvOHY567T29kWkaOuTQXUF6N189W6++qD29/MB6EysFZX25xx+fvWSyMm/JScB7ZZ/LE/EL3CIrukOO0d3T3dHO6kZoZv2/JeGMUt3HNmz99v10cGlSTMmRO+rb5vy/NzsSYlpR/bs3bM01DFv7WPL9opI8OK9Rz6a7Ssy5o29R/bsPbI4qJnr5y17fIVu+Rd7j+xJ2zLb7+zuqHkbWp5qfWjZ+MfXlo5ZuiP3SG7+nvXz3dOfnx6588qul5CImABtzvLR3sOnzUvc0Xhat4hIzvKIBP+4b/fsPfJF7Bi34g9mRe+s2ZGbOHH62sPes7fs2ntkz473Jjt+tWTKjOT6wg4vnxvrtuhftXu9c9bOeji+QVhLiZqRPf7DmptaGFK5e9GIqB0l0hzF2y9KiorY7j5zy56s4iN7t8z2E/GL2ZW7N9y7xQ8HwE3EKlGp7FLFsk/WdLGzX5+29dUP3m74553tSSUXy61xUeDWVXq2VMTHq9dVmuQnL0wp7jk78f0wvae7e6/A8C1xU3XFSYsbRIeRkXFzAr093d37hC1eEiiGzIPHasOW++XU5e7peEUcExHxmr102Vi9u6e7d3Dk4qe6yv7MAy3VnLYiocBjZvz7YXonndi5B728Mtq3eNOKrVdmLP2cjw9+uyZ6knvWB0vm/mqov394YqOnzx6M2RIZ1Mvd3VMftjo6VORgRpaIyM4VMYcldNX6qGBvd093/djYDcsDJCMmrj4des3eEj9tQO3e5FUPSc7yuJ315w1dtX7RqJqbCk/cMtvLkLIiqfn+IKXbz/pqt/hODg9214nOPXhqmK9k789r9gwAbmJWeQKui539/HFP/m7V4t8Me1jfvenXu9bG1hoXBW5djh6OInkFJ0UU01LegRyRSYH+9VsCQ8dK0ubMLAkbLiIifiMDHS/vc/dwE8nMOinSup+/Dhg5sO61ex/vlooRkfy8QyJnkyP8U+s2lZ4VkeanOul6hYSvDglfbcjduSLmmYSYR6bLt5+F15zfNzCgbtqQnaNWpOBUcYOetrp7EveR4/xkycF9+TLEW0TEY/z4AfWXcAwODZQv847ly6iaTp+Hxo+tP1YGPBSiS0janyfSTJeQ0u279/SSbQezSsTbSaQk+8Ap6Rrc9SofCoCbklWikkqlGuY3cPnMyBVb3//TlNl3efSwxlWA24b3kICukpSeURrey7HRjsKsHfsLHPuEBDWXeAwiotM5NrOnYylPZ+4fFhUVqG24xcnHvcnBxzLTjhn0wSF6JxHR6UdFJr5fGjAxKXlbfvicmtSia7ajq7lCDAYRd6fWNm8//4jocQlz5+rTvTwcS88WlDmOW/PywFYcB+CmYsVp3SPvDZoy7OEnlv/++NkC610FuB0MmTqtp6QvXJTWaDJNaVr0rLkzFqWW6ET8ggaLZKTXj4tVpm/dJjIyxL+583UYO5FDuXUTgAz7MrNrX3r7DBA5ZnAbGzq69k+At4g4Nh3g053cMHfGrJhtDUbcHB0dRRxbSjzeAwK6SnZ6Rv2B+TtT8sQrYMjlMHZ269ZD9e1LM1IzRXz61HUafbm14UUPfZluEL/BPm26+9ykhFSD38xVi8MnjY/68NO9WXHDO3yNKwA3nBWjkkqleihg2D9m/fFU8RnrXQW4LfhHbVzoV5oya+j0xWszcwuL8g+lJj45ZdbmYrdJsRFDRMQ9LGqy29m1cyYm7j1ZVHQsffHEOSkGr9lRoa3oY9E5eopsS4jdlLojI7ctj7x7B470kpzlEa9l5hcW5e6MmRadWTf+NDxqoZ8hKaKmnsLcHfOmT5ixKN3g3vQco2ZOdZT056dEbsstKiwqOpYaOSOhQALDRl7Rsong2RH96w7Mz1obERadLSMj59R3sBUkTAyP3Vm7N/TZL6X/wohR9SdIfXZKZFJWTeVhv0oocBwXObUtE7JLti6LPmiU0uzt6fk9/dwMxawXANyarL5a99B7Aqx9CeB20Cc8+VvvxTOi1i6YvnZBzSav0JiPYucMrBli042K3fqebtqMJdMHLRER0fnN3LI+asBVz1nLPWz50tSJixKezRTfhWl79a3PC/4vr4nOmBKzYvrwFSISMPvzaK9HXsq7XPCGzyWirh7xmfreZzFDrjzHwJgDa3QTI9bOeHiTiIhoPR6K/jw2zLPFi3uHb/lInpkbU3ug1mvM0h3vj68fcPRdsDIic9HjDyeIiEjXwbM/3thwtYVxsVvc4yf+enjtRcfF/auNfUJO4yNj1qZF54uUHlyxLLWyqKDU6PbEmvS3Qq7fECCA60BlsVha39rNV1+c09zSKACul8rSohKD2DkqTMoxlBaWGhT3WoWhpKi0Uueo8PTc1ffWa+G+WjhQ51S7aEKNtGd8Zx1amLY33FsMpYWl0nhvfvyE4dE+a4rjhrfn46pMneM9t2j5nuSZtR1gWa8Nn7DCO/bI+lbkPAAdqq35xGQy1bx4/fXXldq8+OKLNS/4DTjgJmPn6G53ld06R8+Whq46ms7J3V25P+bqe+u1cF/XfODVP5B2fFxn8/NF3JtOOu+qY7oScIshKgHAtegVGtZ/SczzQSEfhAb21BlOZaZmFLg9sTj02gIfgE6LqATg1uM+cvLk/nqlQTVdn3GTn3Bvd+ebd/iubwO3JSdvyzz4VYH7yNCoD2dOG+XNRCXgVsNcJQAAcHOz6lwlKy4WAAAAcLMjKgEAACgiKgEAAChqW1T6ha/v0WPHrFYMAABA2xw9duwXvr7WO3/botKjY8d9si3FasUAAAC0zZbt2yeOGWO987dtsYAZjz8ePm+eSqWeOGZM3z7N/ZY5AADAdXH02LEt27f/a/fuxLfest5V2haVunl6Jr711roPksKfn/dDTo7VqgIAAGjBL3x9J44Zk/jWW908rfh7Qm1bVwkAAOBmx7pKAAAAHYOoBAAAoIioBAAAoIioBAAAoIioBAAAoIioBAAAoIioBAAAoIioBAAAoIioBAAAoIioBAAAoIioBAAAoIioBAAAoIioBAAAoIioBAAAoMimrQd8ffHH/zu/77jx53Kz0TolAQAAtKyLWttbe+f/uAwZZn+39a7Stl6l3RW5fzzz2eHKM+QkAABwY5WbjYcrz/zxzGe7K3Ktd5W2RaX15/dbrRIAAIBrYdV80raodKLqnNUqAQAAuBZWzSdti0oVjLsBAIBOxqr5hCfgAAAAFBGVAAAAFBGVAAAAFBGVAAAAFBGVADTPXH6u4uvc0q+PV/5kMDfaU3Rh+Y7ibyo69GrWOCcAdIA2r9YN4NZ3LrcgcntJvql+i8tdnq+MudNPJyIiFeWp2ZX6ILf7O/CS1jgnAHQAepUANFZ+PP+5rSWF7q4xT/b9LML/i9/9IjbEXk4UvvDxzz/d6NraonrHx1kPby+/0WUAuNkRlQA0UrFme+l5N4+Vj3e731WjFREbm/sG9l4yxFaKz27Mb9LYXF5Rfa7CdOWCJkZD9bmK6nNNRu5qVJvOKRylTPFCVzmkwtCG1gCggAE4AA0dP59ilKFBrj0bb9YH+iQFWLS6+i3GogsLPzy976KIiNg7xczwur9mr6F85YcnPzlf28zlrh7LHnW+fDZTdsbJhfsu1U5J0uoendB7rremaQ3nfp77fuF5H693Jji5ipzKOrXwq7LCmtFAjXbcmN7z9TYiIsfzH95SOSfcd5Jj7XHfbM+K/sExJsL7/uP5D28pFREpPvnwDyLiGBPhzdAegGtCVALQwE/nK0W097lf0eFso3Ft9HVhXLP958ce9f2Di7rixJnI1JLor5y+GNNFpPKf609+Yur6hyd7jHBVlecXLUw+HbnD5r3RXbQipw4cf2GfwWfIXa8E6LQmw+bPTmxMPqV/uvdohwYnPvdzxIbCU908V05wchUpP54fmVomPj3eHdnFwWRI++pU/NYceeye+d2vehve3ZOedt2cfHyji1fSSAcRVZcO/IwA3F4YgAPQQMVFi4idp2PLLYeM7P1bb62rg01Pf685PiJnKnJF5HjxxjLNo+N7jnbVaEXt6u35Soj2fHbxrgoRKX8/3SA+XsuCHbo52Lg6Ovz20V6P+dmeP18/e9xYUfrX5MLvXTxXPn5nTxERY2pG6fmudy6Z4NzTwcbV0WHSoz3Hac0pGRda+LknG42rg42r5vILB422/R8NgNsUvUoAGnCwV4lUFpaKtJCWtPd2qxs4UzvYiJRVnRNxOF8pYkrdfnRPXUODSUQqTCKlhlMiPt531HfwOHT57eiG3T3GNRvzxd4pZsqdlwfsjNnFIr9w0DcocGhvSfmhIlecXTvifgGgJUQlAA106+bgIOf35Zsm+TeeQlRR+fVPRgeXLve51vZFaxW/PXShwe73Ndqr6WkvcrHFi2sfDbFLSy9Zs8/FL9heacisSkS06rq9xuoWTwsA7cEAHICGuruM6yr7Ms580+jxMdM36cdf3Xr6a0MLXxndXOxEjFUOjsP0tX/ucRQRjYONiKOdn1byTlysf3y/ovyfOwo+bLB8Uze997IQXd6+45EHai5vd283kTPl2XUtqst3HRfxtteLiKhEjLnn6/YZ/numIz4BAGiEqASgEbvfPurpc7E0+r0fV/634lRF9U9FpZu350X/YHb5hfeTV59MLSK93ee4WVK2H9+cbzxXUX0qtyByQ/6KE2ZXERGHx4J0cuJ0xI7SUxXV586VLk8+uTG7ysWlUfdVz4G9Y36hzkv/8a/HTSI2owOdXMrOvfrJz9+VVp87V74y+WSa0faxICetiHh3GSqS9tWpHeeqz5VWbt1+PNWganAmtYNO5HjxP4+Wfp1vaMsqAwDQEANwAJpwvTMu3Db+s4JP/nXik3+JiIhGMzSk94KBioNiDegmTekt20/FJ+fEi4iI9wDvd0ba1+zrNrD3G5L/anr+09kiIrZduz7/pFejx99ERDT3j7l7zrnc+C3H9U/e/Xhvr3fGS+T2wqjEQqlZXyCs92/dRUTExmnBxPLntpb8/f0yEXH5hdefhhRFfV13HpvRI3t8/cnpjZ9fFDfPddN13Tro4wFwm1FZLJbWtw7JXWHNYgB0KtWmcwaL2KhddW3vf642nTNYtDqbLs38f8xcXmE2tu20VznEXF5hluYvBOD2ka6f3/rGJlPtyP/rr7+u1ObFF1+secGXCwAlTddS6qhj1V0c2pq9rnLINZwNAFqPbxgAAABFRCUAAABFRCUAAABFRCUAAABFRCUAAABFbYtKDmp+cxIAAHQuVs0nbYtKd9nyA5UAAKBzsWo+aVtUmu4y2GqVAAAAXAur5pO2RaUHHfR/6z6hv133LozEAQCAG6qLWtvfrvvfuk940EFvvau0eSneYfZ3D7O/2zrFAAAAdC48AQcAAKCIqAQAAKCIqAQAAKCIqAQAAKCIqAQAAKCIqAQAAKCIqAQAAKCIqAQAAKCIqAQAAKCIqAQAAKCIqAQAAKCIqAQAAKCIqAQAAKCIqAQAAKCIqAQAAKCIqAQAAKCIqAQAAKCIqAQAAKCIqAQAAKCIqAQAAKCIqAQAAKCIqAQAAKCIqAQAAKCIqAQAAKCIqAQAAKCIqAQAAKCIqAQAAKCIqAQAAKCIqAQAAKCIqAQAAKCIqAQAAKCIqAQAAKCIqAQAAKCIqAQAAKCIqAQAAKCIqAQAAKCIqAQAAKCIqAQAAKCIqAQAAKCIqAQAAKCIqAQAAKCIqAQAAKCIqAQAAKCIqAQAAKCIqAQAAKCIqAQAAKCIqAQAAKCIqAQAAKCIqAQAAKCIqAQAAKCIqAQAAKCIqAQAAKCIqAQAAKCIqAQAAKCIqAQAAKCIqAQAAKCIqAQAAKCIqAQAAKCIqAQAAKCIqAQAAKCIqAQAAKCIqAQAAKCIqAQAAKCIqAQAAKCIqAQAAKCIqAQAAKCIqAQAAKCIqAQAAKCIqAQAAKCIqAQAAKCIqAQAAKCIqAQAAKCIqAQAAKCIqAQAAKCIqAQAAKCIqAQAAKCIqAQAAKCIqAQAAKCIqAQAAKCIqAQAAG5TLi4uzW7v3r173WuiEgAAuE317du32e29e/eue01UAgAAt6kHHnjAw8OjyUZ3d/f777+/7q3KYrFc98IAAABuGJPJVPe6uro6IyMjLy+vrKysa9euPj4+wcHBNjY2dQ2ISgAA4PbSMCq1iAE4AAAARUQlAAAARUQlAAAARUQlAAAARUQlAAAARUQlAAAARUQlAAAARUQlAAAARUQlAAAARUQlAAAARao79T43ugYAAIDrp/DoD61vTK8SAACAIqISAACAIqISAACAIqISAACAIqISAACAIqISAACAIqISAACAIqISAACAIqISAACAIqISAACAIqISAACAIqISAACAIqISAACAIqISAACAIqISAACAIqISAACAIqISAACAIqISAACAIqISAACAIqISAACAIqISAACAIqISAACAIqISAACAIqISAACAIqISAACAIqISAACAIqISAACAIqISAACAIqISAACAIqISAACAIqISAACAIqISAACAIqISAACAIqISAACAIqISAACAIqISAACAIqISAACAIqISAACAIpsbXQCAa9Steze/wHudAu6q7OtU4aapVolDhdifrqw+eDr/Pz/898B3VNXJqwJwU1Ddqfe50TUAaBsf/d39J/2y6j73sm5as1pUjfdaxHJHhcXhxKWyL49+s3NPeXkZVXW2qgDcWIVHf2h9Y6IScDO509U1+OkJPw/3uKg1aVUaG5Wm2WYWsRgt1SaLpXuBufjdvf/5916q6iRVAegMiErArWlAwL3ef3jodDeLvdpW3bqJhgZLtcak8vgsf8eqZIPRSFU3tioAnQRRCbgFBY0Ypl0QfFFn1qlt23SgRSwXzcbe31ZuW/RPY0cnAKoCcDNqU1TiCTjgJuDf38826peVdtLWf/tFRCUqB7Xux0F2Y/804/pXpVKr1LYajdZGbWuj1tR/4Vy3qtS2GrWtjUrViiOtWRWAmxdRCejsnJ2d7o4ae8nWZKsw26Y1HNTaU790euTJidevKpVKY6c1G6svnvy5LKewIu+ssfSiNM4s1q5KbaupPHOh4kSxSq2WVsYlK1QF4KbGYgFAZzd81q9PdrfYq7XtOYlKVLZqTcUTfe/OuPvHvB+tXpVKpdaoz6QcKEjeZ/ipxGw0W4xVXk8E6ueOMhmqrk9Vaq1NwaZvTry722yo8p4W1HtWiLnK1JqTdHhVAG5q9CoBnVqfvn3OPtL9DnWr/lejtrXR2NnW/tHaSE3XjrZ25Esj6nJt9X3TRl6HqjQ6m5+++O/3izaXHSqoKrlkKrtkLL5YdeFi04f1rVaVSq0yV1ad+eRAZWFJdbnhzKcHjD9XqG1a+43XgVUBuNkRlYBOzf/XwypV1arLf1VVapXatrmAolKptTbluYUn1qT/sHTrj/9MK80+rdbaqDXqC/89WfFjUU1aslPb/hx85129enVsVU1rUatMl4xnthwUjVpjrxWL2Hk536G/U+viIJZm2lulKotFo7N1vv9uMZjNl6qcBt1l01VnMTd3eQUdVRWAmx0DcEDn5eHhbhzorr08yUatUVf+VFJZWOJyv4+pskos9f/wq23Upzd9k/f2v6ovXBSNWszmU+/v8Xi4n6Gw1NbFwWf2r2qbiarcpsrvV4NPrDvZUVVdSVVT5+nzKq3GdLHqrqcf9AobbKmyqHUak7H6yvbWqMpiEYvJ3Dv8l873eYuI88DeahuN2WRu/Qk7pCoAtwB6lYDOyz/wvjJ3m7q1E1U2GsO58kORH57+ZL9Ga6PR2dYEA43W5sJ3J479Y4ep0qhxtNM4aDVd7cRkPvPRvpJD+baOd5iN1XUjXxpR2QV4dWBVDalUolKrRK02G02mymoRUdmqPX7ld0cPFztPR1vHOxrGu4asUZXZZLZ1tO/2yH3dHrnP1tmhNiepVBpd7Ril2tZGbaupG7K8sruu/VUBuAXQqwR0Xs4P+Jxt8FscFrPFxl5nNlYfjfnswoETXlPud/TrobbRaHQ2xbuPWS5VaRzt6g9WqzQOthqtjfN93nf0cLZc7lDRqNQGjzs6sKqGLCaLxWxSWcRSXRvO1Dbq6ktGU7nRZKyqSXvNntMaVWl0NnkrvyrNKlBp1LpuTvo5I2273mE4X/HDyi+NP1eYq82uQT5uv+z7U8p3FceLbBx03cfd5zL47ob9Xu2vCsAtgKgEdF5GvWPDf/st1dUOPu5eUwafXPPvwi0HincddRrUy3ngXfY97yw/ekalbfrX2XTJ5BzYw+Phe6vLKus2alRqo1NrH5tvTVX1Z9ba/Pz1sbz4XRp7G5Oh2lJVrdZoRCXHln+usbMxXaruETbIa+LgZsfgrFKVWlWWVVC0I1ut1Tj4dTObzKJWWYymc5l5lSfPi1pl+Kmk4KN9l/LOqu205mrTz2k/DPjHE84Bd9U9o9f+qgDcAohKQOdV5tbob6hKpaour/Sa8oDG3q5g439MlVXndh87l35MRFQ6jdqumb/Oap2tpfET8ipRGeyubHjtVTW4mKqqrLLk25OaLlqVRqXW2tR08lTkFFpMFlO50es3Q0TdfPKwUlUqrY1NV53KVq3R2aouX0ljr9V00aq1NpWnzouNyq6na9WFi7YO2uoLF099kOk0wFulqh0nbH9VAG4BRCWg8zJpLKqGY0oadXVZ5fd/3arSqNVajaXKJPZXXZTSbHbwcW9ms6oND4K1XFVDFovFZBZzoxlJFpNFqk0qtdzh5XK1Yq1XVbOqTLZ32vf98wSHXndmvbq57PAZ1R225T/8VHm2zM7TsS5ftrMqALcAohLQedldFIN9/Vtzlcmuh4tX2OCjr35qulSlsb/qj5xYRKWzcb6vV5Pn8y1isalq16BSk6rqz2ysdh5895ANz6hsbSpPnz+2fLvJYFKr5J5F4+17e1iqTQ4+7pbmRt+sWpUSk8HkGtDL/Vd+KpW4jfAr/a5ApbWtrjCYKox163q3vyoAtwCiEtB5dT1xyeDX6N9/c5XJ7cF7bP6q/enLwxf25JkqjUq/12G6aHQO8nHs722uapROLGKxu9iunpIrq6qtzWzRuTrYeTqqbDUXne1FpRZzlajVXe/p4dTf22SoNhurzQorG1mvqquoGZ20iNh01dXV0fAZvfZXBeAWwGIBQOdlzjpradwppFarzOWVhTsPlx/9yWw2mS0KCwVVmzQ6Te8ZwzR2tk3WXay2mHXnqpo/6lqrqt9lMpsqq8yV1SZDfT4zG6tNldWmyqqrrABp1aoU1aUihcLaXxWAWwC9SkDndWJvlvvY3pfuqJ+FYzaZbZzt75rxy+Nrd1eo1VUXKkzlhiYdS+Zqk8Vg0v8+1OV+vamy6b/0JotFnXuhY6tqv1u1KgCd3Oeff56dnX3ldj8/v0ceeaTmNb1KQOeVfSi7y48VBnODETSVSqVSdenbvd+rYXc/M1zjeEejFagtFlOFUa1W6/8wuucTQ5sMvdVQi+qnjGa+F9pVVbvdqlUB6ORycnJa3E6vEtB5VVVVXfgiS+4JkJqVsM2W8//JPZeZZyguMxaXVeScNRurxUZjrjJZqs1SbVLpbFyG6XuHP+g88C6zsfrKAS+jpdr9rCrtm+86rKqOYL2qLMbq6jKDWqsxGapqPwuLmC4aTeVGs8FkvjzH3Md/dM0AAANVSURBVFJtri4zqE1mMZvrRuU6pCoAnVxQUNDu3bub3V73mqgEdGqZqf8e9Zv7Cr2qdWIjapXzwF4ae9uitO8rfyqxcbY3XTSqVSpNF53WvWuXPh5uIX2d7u2l0dleOe5Ww2KxVG06cvHSpQ6rStUB3yFWqspSbfYcH+A06C5RqWyd7TVajcVk0tjb3DXzl9UVRjGbHXq7WarNItLV36vPHx9RadQqG42ti72YzB1YFYDObMiQIT/++GN+fn7Djd7e3kOGDKl7S1QCOrVKg+Hc2kz1wmEWsagsotLaugy62+V+vanCYDxXbrpUJSrR3KHVujho7LViEXNVdd1i001cNBvvOmTcsunzDq6qfXODrFeVudrkGdpfVbPopdlirqo2V5vVd+i8wx6oKdlistSMUTre092pv7eI1HyAZpO5A6sC0MmNGzduzZo1VVW135y2trbjxo1r2IC5SkBnt+dfGd0+LbhoNkrNbCRjtemSUWWjtuvu7ODj4XC3h103J5WN2lRZZTIoPmVmNFe7lqoPxH1qUfjB2nZVdSWLxXTRYKowmsoNV3nwzdpVmY3VpsoqU2WVyVhdewWLxWSoqtlYN5fLXG2ubWaospgtHV4VgM7M3t5+xIgRdW9HjBhhb99o5RGNvevV1s8F0Bnk7MsK8rv3p+6iVWlqe3EsYjFbLGazxWy2mFt4TN5oqdZWqy7F7s46lGXdqkRERKVWWapMFoula7/ujvf2ch1yt00XXbMTp65nVa1kpaoAdCqRzz/f8K2Hh8elS5cMBkPfvn0DAwObNFbdqfe5vuUBuBZ2Ot0jL/3PqRBnG1HbqK76eyaNXTQbXcs1pcvTvsn4z3WrSqVWqW1rfwOu2QnmN6SqFlm1KgCdR+HRH1rfmKgE3ExCnxhvmup/zr7qDrWtuqUBdKOl2mQxe31vOPyPlB9/PE5VnaEqAJ0BUQm4lfXu/f+T10t0fWci+JXtLzMjIzMDEzMjE2Sm6T8Dw/////4w/Pv7/z8jI4PEk3/fN147vGUffLniqKsGg6tGwSgYBQMORptKo2AUDH+gqKigaqXHZSz3Q4L9Fy/LTw7G/0z/Wf4wcn75x/r2J/ODzy8OX7t0+sL3Hz9GXTU4XTUKRsEoGEBAUlMJAFk6J1L7jmSpAAAAAElFTkSuQmCC' height='300'/>


    <br>Navigated to checkout without adding any items<br><img src='data:image/png;base64,iVBORw0KGgoAAAANSUhEUgAAAw4AAAG7CAIAAADluFX1AAAAAXNSR0IArs4c6QAAIABJREFUeJzt3X1clNed//+PLQhEwYUAVkDNzqAsN2kwIQVjRKPBxPsGUo2yUTGm4BbF7CqpEcwjgnGD9hs17kNojahdQN2AjQo2khjBWOFXjNggPLwZGhVMBAqVMYUBLL8/gGG4OYgCYsLr+fCPmXOd61znmpkw75xzrmsGNTY2CgAAwIBx586d7lf+UV/2BAAA4PuNqAQAAKBEVAIAAFAiKgEAACiZ9XcHAAAA+tmJEye++eabESNGTJkypd0mohIAABjQCgoKzp8/LyJlZWWOjo5eXl6mW5mAAwAAA9c//vGPkydPGp+ePHnyH//4h2kFohIAABi40tPT6+vrjU/r6+vT09NNKxCVAADAAJWXl1dSUtKusKSkJC8vz/iUqAQAAAaonJycu5YTlQAAwADl6up61/JB/AYcAAAYUPgNOAAAgN5BVAIAAFAiKgEAAChxt24AANBrgn/5uv72bRH5qadn7Lqo/u5OL2BZNwAA6DXaJ8fdqq5uenz62B/dxozp7x514p6WdROVAABAr8k9m1df3/DB7377WVbWSGfnkc7O3d/X3Nx852/+n6O9fV92UNpFpYaGhi+++OKvf/2rXq+3trbWaDQTJkwwM2uddiMqAd9/1YUp22O3pZ67oq8TEbHWTAha88GaaaMs+rtj9y/rddelh2TmgSvbp/Zeo59FaOeny0u7db/z771GAXTmfEHB1J/PvY8dk377uxemTOmDHrVhjErffPPNJ598UlVVZbrVzs5u+vTpjo6OTU9Z1g18z+kSX/CbvWJPbnNOEhF98ek9y58cFxSv6+euARiwnvDyem7ixHvdS/vYYw8gJ5n6+uuv2+UkEamsrNTpWv+AEpWA77XCDUtjz9aJzcSoj88UVlzRVVzRlZxJWukuUpcftTTucn/3D8CA9Z//8at73eXtN3/dN31RunjxYqflV69eNT7u6RVwv9u3t7Lq7/e0i4O9/dLg4B4eF4CISEnuiVIRCdgSHzKhZbrN0sFvfdK2gicjTpQeTSmMXO/Rz30EMDCNf/rpp5988s9fftnN+k8/+eSMgIA+7lR71S0r0Nv529/+Znzco6hUcuPG2g0b7mPHmdOmDXdw6MmhATSpFRFnzZh2y5JsAiLXBToWycN45QmAAWP1r8Lnv7a0m5X/e/3bfdydTqguhaurqzM+7lFUch4xYmNU1N9vdZ7IVOzt7MhJQO9w0TwucqX06KHCyMfbjB5Z+IRs9ml58tVm/+cSSie8l/NxUNN/esdfd11+SKRDSdtl1G1Xi1vYe7+0Jm5jkHZYJ/2ozkuOWr09u6BC32GTe+zJo2EuvXrWnTBcy06O2R6fkV9hEJHB1q7+C38TEzlB8ZemtuR4zJub9+QWG0Qs7L1nrIzasnBcJ+dlKMnYHLnhB7VeHnigpk6a5DZmzMXLd18LMPvFF5/w8nognbpnPYpKgwYNCl0S0nudAXCvJkWucz+0sWj7nICy97ZFz/IY3tm3+OO+vpKQlpdfIk3B6Fx2hoiInM4ulKBJIiK64q9ExHdS6x8qXeILs2PPtv5vlRgq8ve/OS0je/e5bZPapgpd/MuzovLrpN9UfxYZMD+torWgTn/l04S5n2bHfnI0TNuhemHii0tjC1qeGSryD61/+VBa1JmPQtoMwhmywict3W/SavN6+dyoM0dCGK4DuunXEatCwu++aOmdX699IN25HyzrBr7fxoQkf7xEI1K8/83Znp7ekyMSMwrLa9tVcvebIGLIz78mIiLX8vMNTeX5uV+JiEhtUf4VEdeJ3sObdyiJXxV7tk5sno87c0HXtFpc93+hXiLV6ZFx59q0fTM1Niq/TjSB+062rCv/JG66vYg4rzysq7jS50NKtdlRi9IqRNxXJuWUXNFVXNFVXMj64Hl7kaKo2NSbHeof2hJ7rXUVfOGFpKgJ9iL5sfM2F7Y5r6MJ+ytEnBccMK6XP7nzFY1IUezq1PK+PSXgB2TcT3961zqvvfrqKJc+H3y+b0Ql4PvOZkJUZsmZpC2BviOt9QXpsYvm+LmMmxWeWdIamBzcn3IWKSq8LCJiyMstEpm5eIG1lOYXlIuIFOTmiIiPR8sITHnuiWpnR03owfgg4yqoYeMiPwh1Fqk49GmbSFGQnS0iL63ZPMOluaqlNuh3UQEipfvT29TsI2ezi4Y5O09/L3G9r4NlU5GFy4Jt0VNE5FTmaUOHHZxDP04MmeDQ1FuL4b4hH+8OHSlyPSH+M5NahupqEXFdEDLVoeW8XKbt2BrzSmDgSCEqAd313rZtIvKT4cOf+dnPOv332quvRq9e09/d7EqPJuD++c9/hoSHV/29/Q0JumZna5u4438GDRrUk0MDMGXp4Lckzm+JGG7pcrZtjt7+adH+5ZNOBO4+E9c0Webh4y1Sml+gk6nawtO5Iu7jwnzr9qZknsiXBQHll4v1Ir4T3Fuacwg6mBXU8SiP+3pLQmlZSdugoF64c6u6Y07pfROiMgs7/syUhfcUdzlRVFJWLtL2f1ZdFwQ93q6yR9ASTUJMcf7pQpnasuRrlK//SCm6sj1yw7j4SGMI81i4I25hX50J8INzubg4JfUjEUlK+O1DuxTprnoUlb6+fi39+Cf3sWPJjRv3dKdzAN1jMUw7aX18dqQu/sUXNhekLQ0PKPx9gIWIPOXvK+m5BcUikntaL47+vmO8xVUyT+cXSkD56VwRjb9Pm0XQ1XnJMTF7Mk8Xd1yp3cbUBQts0lIORYdNcd+2wMVCRGp1qa/HZopYvzJrXB+fb7PakuNxsQn7c/PL7tJZEZHHPTouX9KOcRcpLr1uujLJI/LkbsPciD3bg/22i4i1vaODdkJA0Molsx53YF030C2JSUki4j/+me9vTuppVPrXUaPv7wo4chLQK24WHj9bKsM0kyZo23x5W2rD9q07+uTGomOZORIwSUSGu3s7Su7p/MJaQ/4VkZd8PcTFMMFa9mbnXlsgBSLi7W6yVFkXP3taVFH3OjEu+neBqfPTMldM9lhhUmwzc9t639460a7cyl45bmn6vf0Z6p5h/tEnz0XeKtHlFRVfzs06kZ95KCH3UELchPdSPw56eNdVAA8PM7Mfi0j2mT/Zu3b8X5T2UvfumzRhwgPp173hCjjge6wsPXZRQqlj6JHCNe1vNDlKqxEpEuMMmIf3BJFDuuKM8kwR3ynuIjJuqr/sTT9XUCQFIhN8W1uozdwcVSRiH/BB0rYFJiGs9miYy6rM9p0o3LY6rU40vhOksGkIqsvbCvS6wm3R6dUiXqFJB1b6mVwAWLhh0uztpZ3s8FWhTvzb/dXWXS4SEeeRnfxGp8UwF4+pLh5TA2aFiYgu3u+Fzaff3PZZ0OZe/HE64IfqP5a+dvjYsZIbN/q7Iz3S07t1A+hHzYuHkuMzQrfPsGmz6XRmtohY2BhLPZ5yl0O5iQkOrXNtT/n7Snr2tgQHEc0U79bpt7KSEhER3wUL2gxWlR9K6ZCTpHDD8oTr4vtBUvKC/rldWvn1UhFxf2WBX5sbJZxL3tNZThKRKympX4VFtlmuVJi6p1jE2n9qa1zUbZs2LabYenFS/m9Mx8a0msdFrkjx9XIRbg8H3M1Phg/Pzz71/315tq6u/q6Vvdzd71qnX3AFHPB95h+20llEn77o5TUZupYRJEP56cSQV1P0Is6hC4yrhVwm+DuLPv9scetc23B3b0fRn80vFvH2MhlncWy6ajc3JaXE2KYuJWLWinOD23egJDejtOM6pwfJYaSziBTtTzl3q7nEcDM37oXg1OoOnW1WmjA3JPF0uaGlcuLcpQnXRUYuXGgy9K+dEeAsot8bERKf23LzBUP56c3bD4mItbsXOQnonuSPPvrgt7+t1lc/6+fX8Z/3449/mnUy6f8OjnJx+ZdhD2Qk+t4NamxsvO+duQIO6H+61LnBkacrOm6wn/Be8sdBJgkoc6X98nQRmbK18OCsphGYrNddlx4SEd+4C0lBw00a7WSt0mDv2G0Be5ZvvjJzd8W2Sc2FhuOvei4/1raejbODpYPHKwtWRgR53O9fvqaODbZxbrn0rC2v0OSDC5tXC3W6VskxcHe0YemK9Db3Cv8sQjs/3T36Pd+EN/eUtWvRu8MtKJW31rR/ZXfmDn+bDuUA2tu1b9+vN7zT9Pj38QnTn3++XYVZr8zPycsTkX8ZNizvxOcPLC0Zf8/k/fffV9V54403mh70aALuZlnZ/V0BV/63vznad7IoAMA90wZ9nOX7WXJcTELL74pY23v5h0WvWTjVpe2FWu7jvCS9QNyneBvLPab4yqFc05tPNjca9lHWqM2R61Jzr+tFxHqkb9DGrdEzDIn72x3dYtr61ZpjW4pNiuqqS0urS0u352du39PDG1vXVZeWdrpe+5rJXQiG+W8/939+qzfGHcpvOn3vl9ZEbVk4Li+y0zZtHP2jz/yf1lhf/cMm2rCPciekbotKSG2+DFD1wgJQuHjlivHxl3853zEqGSv8/dat66WlD+fAUo9GlUTkq8LCW4pf5VWxs7X1cHPryUEBPCzKU+eOjzztvuSPSdE+reMshpu5yb+MiD1dIa/s1u3w79ceAug/5776KuCln4vI0CFDTh45+tioUe0q/PfWrVt2fCAi459++khK+/8X6zsPblRJRB73aH/dDYCB49rRxNMiroEhPm3moyyG+4ZEBsTNTal7EPegBPCwGvf442eOZ36WlTXrhRdcnJw6Vvj1qlVPeT9xs6z83+fN648OdgtXwAG4f44OLiJFVxKi4z3ilhhvaW2ovpwdE55SJ+L+lKa/uwigX43RaMZouvpDEDD5uQfYnftBVAJw/yxnrYlNyIwqyo4K9uv44yJe67b19W/lAkBf42YBAHpCG3bk3OfvhU7xdrYxXpxvbe/qu+SDw+dOhtz9/rwA8JBjVAlAD9k8HhR5MKjz680A4PuOUSUAAAAlohIAAIASUQkAAECJqAQAAKBEVAIAAFAiKgEAACgRlQAAAJSISgAAAEpEJQAAACWiEgAAgBJRCQAAQImoBAAAoERUAgAAUCIqAQAAKJlVVlb2dx8AAAAenGHDhnW/spmdnV1fdgYAAODhcufOne5XZgIOAABAiagEAACgRFQCAABQIioBAAAoEZUAAACUiEoAAABKRCUAAAAlohIAAIASUQkAAECJqAQAAKBEVAIAAFAiKgEAACgRlQAAAJSISgAAAEpEJQAAACWiEgAAgBJRCQAAQImoBAAAoERUAgAAUCIqAQAAKPVWVKr+KjMxPDjAY5K/x6SAuRFxKYXVJltL4mdr7V1XftZLB2sve6W9q9YvsaSPmu8uQ+Ge6DXhsUcvtysvObouck14fM6tvu5Aeda2yDXhqYXdrV99Lj4swNm1L9+aXnEuxsNVax+SerO/OwIAGIB6IyqVH33Vb9xzy2P355Y3PT+dnrBizjiPiKM/iO82w+Xc4xm5utq7VrTw8JLs/Xsi1h01jYlyOiEqIS3T4DFuWF/2UkTEUJySlrY/u7yb1fM2h0R9WjzMd+YrgZMc+7hr96C8MCPz+FemJ6EvLxORimpDP/YKADBQ9TgqGbLCZ0ccq7CfsO4j3ZX8wqzswqz8ii8/WukuZekRc+N1vdPN/lT+WezyRbHZZd2o6rMmeorIic3xrQNL5ckbUvTiHhHtb9Gnvbx3JXn5epGZW5K274gLery/e9OqKH7R8uXbi0xK/LeXfJmj+yhkVD/2CgAwUPU0Kl3eHr2/QlxXJ38cYjJqYjNufdK2KSJXtmzrMLNjuFVefrO8/FanQwSG6pvl5TfLq1VDOLXV5TfLy2/e+/hC847qltV0BUUdygzVnfffZlZ0qLOUJmzIbN58envcWbFeHGX6Nd/lK9A9tdX3tHtXR+wkwd3tXWiu0+5d6LhXl+2o3pFruuKOlS1tHIa172jzSXX1YejOiQAA0KUeRqXClKOlIgGRIdr2W2xm7fsy58KZ2AkmZWXn4l4Y56Ed7+c53k/r6RuebTpRpUsJ87f3HOc53s9z/DgXV995qW1GpG6dS5znp3V50s9zvJ/nkx72k8JSFCNWlxNn2btqNRHHm9cGVZ+LD/Ft3nH8OBePgPBM4+xOSfxsrf3sxGsmu19LnGXvqn092/h46X4RKYp90lXbXF6eOtdznNYzLK2z7+jHV8a8ZC3HYrddNg4p+UZH+jZvvZkZ5edhfAW0HiGJecbXIHul8bgtsl53NXavJH621n5SXF750Vf9tC5P+r2Q3PXarOZTy8uNaT3iuIB1udUiIiWJfq6ToopEJH2+q9bedVZ8c2PlGdEBbd6FxHPGJVbXEmfZu/pvOFeeFuFr7znOMzj5WnOvYlJSQzyMe/mt+ay6Om/zQufWkpA2b1b58fBp7q3vyLiFG85VG8/3yY1FInJoqdbeeO4liX6uWvuIrLYfhuaT8nzSw35aVEbrhF3W665a+4jjl9t0KUT1aQEAoGs9i0qG4oJSEXdfn84mlyxtHIY72Fi2FmSvXp46bOHuM2eyPn8vcKRU7F8altL8DVeeEjxtxaeGCaE7Pz+Zc+GT3aHe1SfenDbPuOhHlzj3F7EnqjWvbEg6c/LIvnUzR5Zmrnh5ZUZ1+4PePBr2wsYim+e3ndk2bZiIiC4++OWoU9WuC2I+/iTr852hU2yK9y+f9Xp2hz074+gftW/nkqdExHnmlp079+3cudJdRCwsBovY24/qdErNYlL0SncpTdiQWZ23fdtZcV65Lmi4iIjcyl45fnnKFRv/lTuPfPlJ0pYFmrJTsS8GJ7ZfBt6F0tR5syOOGbynBAYu0HZjRq8o9sWQbJ+opObXvK44ITgyzSDi4P+bnTEvOYuId+jOnft2Rk11EJHqzyJmLUopdpwYuu9w1pmkmFc01Sc2vjw30TRllO5ZPuuXmQav5wNfmamxaClb8WbJlPeOfHnyyAeBGqlIm+/n+2KCbsqGI1+eOX4g1N+mInvFKmMePfdfs5fvL3Z55b0jX57JObN7iZc+d/svItMMIuKxcufOLTOdReSpJTv37dy5L8q/k0VU7T4Mof6OxSmLZq/8zPQtTV8+frO8stOkA0vj7uF1BgDAqLEnru/21WoeXXnyrvV2ztI8qtXM+ajMWHR198xHtZpfHKltbGxs/HKdk1bjHXfBZJcz/+mtedT/vUuNjY2NZclLNI9qJ75jsv3vx1e4+0/8RdL1xsbGxqwVj2o1vruv/z1rxb9qNY/O2n2ppdq3Hy15tF3Lt478Qmts+frOWZpHZ+2+anLgpo4tyzIWnFymbV/nbpo6/7y3VvNo6JG/Nxd++Zav5lFtaOqt1np/iZv4qFbz78drjWdhctx2h25+Db1jvqxRHbbN29Fc/xdHWo93KW5i62veXGHFp8bNX2741zYdbmxsvPCOv+ZRbWhqbesr86j/hj/Xth6yw1GadtFMSzK+17WpoZpHtTN3Xm9sbGxszNng7T9x2u7Wd6T5BT/e9qnp69DmvDr7MBwJNXmXTy7TtqvQ1IE2uwAABrKGFpvVjHV6ulbJUkQM+u6tBfF9xd/B+GSUViMi18rLReRafr5B7L3sSzIyj7f8q7bUipRmf1YiIoUnToloFi7waG1rWMD2wqzsgwtdjCXVn0ZPXppe7R515kjImJbCguxsEc2SQJM9bWYtmWlsuY/4RUb5SmnxdXFeuXJW8xKukvzPKkRmBgbatNZ7PHChq8ixzJxut+weumScZTfqtfB9ybf1eGN8vY2veUfX8nOrRV4KmmVypZ7HggUakcwTua1FXktCOgwimh7FY4K3iLi/1PpeW/j4uotUlzWN+vhGn8vK/jjI4nTLe11QaiEiX5V08/3o7MMwK/AlkevZua0Tqdb+M1orNHWg9HpF944AAIAJsx7t7aLxEikoKrwss7pxCZW9o0PnGy4XFYnIiYTYs22+g50dnR0sRaS89JqIuGvGdL53i+ryWyI2Go3JlE359VIRcR/TdiXVA7gUbXjQkpfezD3kHrLE+IVdqrsi4urerisWIiL3sEBbM8alG7VaKV/zjq4X60Q0Xpo2hRYWFu06OEbbsQfdOYoxqehSQhauOFUhYu3obCMiUt3duxuI8sPQ4S110T5Etz8AAHyf9XBUyW/K8yKlyXtyO24q3Payv8eklWndWBQ0xt1dxDl0d3ZhVrt/iUtcRBycR4lIUXHXa01sArd9ss69On3p+MislpXIDiOdRaTocpslvYb2F4JVl5veHNJg6JXb93T48nbWuopcKWq7uri6vLpt3Vttrud6oDcSGqnRihQXtL3+7FZFde+Gy5upsStOVYxc8lFJ860lsv+4ssM1AV3o9MNg0Pf57T0BAANVD6OSReDK0JGi3xvRfoX1zeTYmPzSMpdJE2yUOxuN8va1kdKEhOOtX3jVWeHT/D3Cmm7Q7Df9eZHi5BST21DfTA6yd9W+kGw6IGExJiT5wEz7srSlxpXIE2YFiBRv23OutZYuefunIs7+U42DI6W5Z1ubKUxJ6eRi9fYBSnWzgC64+M5wFknfk9J6rOrPElLLRKYH+DX1X0RO57Z29dbRtEP3eJCeGOXrP1Lk0B6Tm2JXZ21PLRUJmOLb5Z73wlBdLiI+vsZpRN2htI43Y+giJTZ9GBLjTd7Sy8nxJ0RG+vty4yUAQK/r8S0oPSIPrvOWivRFT/q+EJmYlnk8IzN5XbC/5/pcGewdu6H54q+7GBfxu5n2hvTlkyMSMwp1X2Unh7+8dH+xYcrCWcNFRCwC10R5Sen2OQGvJh7NyDyetjnkufX5Yh8YGdRu4sdm6rbkWHcp2Liw6Ro3y4A1se5SnfLyuIjEtMzjGclRfrNjC8T+lZiIMSIiLi8t8BbJXx28Zk/m8YzM5PBpQXsM9u3OcIqvSPG2V8PWhEeuSSm8y80CunilImJm2kjuitlB65KPZ2Qe3RASMD+9QtyjNgZYiIj4By22FkNKxNzNzec4PvKcjfU9HaJnPMK2zLSX3MjxL8fsyTyecTRu3rSlhyrEa11UYO8NKzm6uIjIoc1rUgpLbuqyNoQsjCm3N21+lLe3hcih6IWvR64Jj8/qcMP3pg9Dxd5fNH8Y9kQHjN9YJPaBW1Z6tK8LAECP9WytkoiIjAlJ1Xknhq+KO5YW+8u0prLBjr6hH+yMnNqNISWRpohzdJ/NwkUpsYvSRUTE2j10d/JG4x2utSF//MTi9aUxxzZGHBMREQv3JQeSoqd28hWuDUvafXba0kNLg2ySUn/jqw376LhlRMjq9NhfNrVs7x+7c1vYuOY9hy+M/23urF+mp61eniYijhPjPlmTNX55ukmDDgu27jy9NHL/p2lXRAyzNi9wsLAYLGKjuFmA2jD/7ed2O8yN2JOwfnmCiMhg1wU7P46Z1pIm/dbvDi0ITjidEHFaRAZrQhPjR8a+HHVvB+kJm6nbMg84LFy0Z8/q5XtERAZrXtmZvCOg28udusEyIO7jJUFz96StmJMmIqJZ8vFOl//6RWxrjXGRH6+rWLQ581CaiLtHZNik9k10+DA4Tozat63jYnMAAHrBoMbGxl5rrPkOzhbD2txOqTdbaLpLdWf3bu5eyxY2w20629NQfbPacD/N3pcuz8Jwq7y6tievYS/o+z50/XZ0z/1/GAAAA9udO3eaHrz//vuqOm+88UbTg14YVWplYTO8hwMQd2vB0sbhPr+8u2655z2/F12ehcUwB4c+/2Hdu+j7PvTGC37/HwYAALqtx2uVAAAAfriISgAAAEpEJQAAACWiEgAAgBJRCQAAQImoBAAAoERUAgAAUCIqAQAAKBGVAAAAlIhKAAAASkQlAAAAJaISAACAElEJAABAiagEAACgRFQCAABQIioBAAAoEZUAAACUiEoAAABKRCUAAAAlohIAAICSWWVlZX/3AQAA4MEZNmxY9yub2dnZ9WVnAAAAHi537tzpfmUm4AAAAJSISgAAAEpEJQAAACWiEgAAgBJRCQAAQImoBAAAoERUAgAAUCIqAQAAKBGVAAAAlIhKAAAASkQlAAAAJaISAACAElEJAABAiagEAACgRFQCAABQIioBAAAoEZUAAACUiEoAAABKRCUAAAAlohIAAIASUQkAAECJqAQAAKBEVAIAAFAiKgEAACgRlQAAAJSISgAAAEpEJQAAACWiEgAAgBJRCQAAQImoBAAAoERUAgAAUCIqAQAAKBGVAAAAlIhKAAAASkQlAAAAJaISAACAElEJAABAiagEAACgRFQCAABQIioBAAAoEZUAAACUiEoAAABKRCUAAAAlohIAAIASUQkAAECJqAQAAKBEVAIAAFAiKgEAACgRlQAAAJSISgAAAEpEJQAAACWiEgAAgBJRCQAAQImoBAAAoERUAgAAUCIqAQAAKBGVAAAAlIhKAAAASkQlAAAAJaISAACAElEJAABAiagEAACgRFQCAABQIioBAAAoEZUAAACUiEoAAABKRCUAAAAlohIAAIASUQkAAECJqAQAAKBEVAIAAFAiKgEAACgRldCH6mtq6vu7DwAA9IRZf3cAPwRlp3bEf15pWmL3XFi498UdMUcaJq9eM8OxF9r/wmH+2vlurWUFBzacdAoLn9jTtgEA6ApRCb1Br7/tGBAd7NVaYmkt5tbzF9mKtvtZpuzUjoMyr7P0o9ffrrqWlOS9IdgYlhr0t/X6Xug6AABdYQIOvcTMytqUuYhYOXl5OVm1qVWv17dMydXX6PWtz0REqq7dUKefUWNHXUhKuqg8fsfmTMpr6jt9ZtqtzooBAGBUCX2nLGPTlhvT45Z5S/6uyBztPNuctLNV1pNXr51hnb9308GLYmkptbfNPF9bE+ymz9i05WSViGyJPCkydmHcMu+2jVn6BAdKTFLSRZORpWY1Fw9s3Xu+xtLSrKG21uqJxavmu1lJWcam+HK30bo8nZlZw+1aM895wZqcpGNlZpZSe1vcFq5d7G0lIlJ5ZteOI8UNlpZSe7s7ylrMAAAcjklEQVTB1u+18ECtlQAA0IyohF6iv5iX19D82NLJs/1wkhQf+9zvtdUb3ezMRa6mHb4wKjBumY9IzZn4t9M+D1g7Y8baOKddkcecVq9VLW2y8gkOzO8kLF1M23veITB6mY9VU3N707zfDXYTkdsXdA6r3l3sJFL2+ftbDn5Y5verd8JHm0tN3q6Yg2kXvYPd5GrajiMNAavfHW8nIjX5uzZ9mKSJXuZNWAIANGMCDr1EX37BqLiyocP2oX7zAt3szEVExNrBWq7lpOXf0NdbjQ+LU4aj9qx8ggM7TsO5Bb/77rInGvR6vV7foHUb0XBDV9a0RfPsc04iIuLo6WYrDp7PjjZvasZb03BNVyZy9WxBg+ezXub65p0nelpeOq/r6UsBAPgBYVQJvcTp2cWLvbvYbm7ZOlRjNzFsldmxw5nxm5JrZahm+rKwiU7dO0rryJKnsax5/s12lNbRSkSvF2NOM7MyHR6ydTImspbPfVXl7drig+/rTP47GNp+eg8AMKARldAP6vUNtj6BYeMDReovHtj04YFT3m9MtO7evi1hSUY1F1w9duCs9ex31o63EhG5cXjThQvd7oijo62ZVeD6DqufAABoxgQcHrya80kxm/bm14iImFtbmbeUW1mZVV3T3fUOAE3TcOcvmZY1NI0k6fMy8qruoSdOfk/YXjh8+Gp989671q/v4iI7AMAAxKgSHjwrn8Wv6bbuffuttKFmDbfFaXZY05CSW8B0TfyRmMhDtpPVi7vFOLJ0sFxEREZPn+O5+WDMW5lDzRoaHKf7jL3U/VElcZwRtlC/I2FdjllLV5YxwgQAMDGosbGxv/uAAaq+Rl/bYNl0C6aeN6bX15pZmgxR9V9XAAAPuTt37jQ9eP/991V13njjjaYHjCqh35hb9WI0Me9RzunVrgAAfkhYqwQAAKBEVAIAAFAiKgEAACgRlQAAAJSISgAAAEpEJQAAACWiEgAAgBJRCQAAQImoBAAAoERUAgAAUCIqAQAAKBGVAAAAlPi5XPSCysrK/u4CgAHEzs6uv7uAAYSohF7Any0AwA8VE3AAAABKRCUAAAAlohIAAIASUQkAAECJqAQAAKBEVAIAAFAiKgEAACgRlQAAAJSISgAAAEpEJQAAACWiEgAAgBJRCQAAQImoBAAAoERUAgAAUCIqAQAAKBGVAAAAlIhKAAAASkQlAAAAJaISAACAElEJAABAiagEAACgRFQCAABQIioBAAAoEZUAAACUiEoAAABKRCUAAAAlohIAAIASUQkAAECJqIReUHZqx4YDBX3Y+KYDF9uUFRzYsONUWR8dEACAVkQl9Aa9/ra+oWdNlJ3aoUg/ev3tqrNJSaZhqUF/W6/v2fEAAOgOohL6Wn2NXq/X19+tsOraDXX6GTV21IW2YenuhzBuqKnv9FlrJX2nxQAAiIhZf3cAP2Q1Fw9s3Xu+xtLSrKG21uqJxavmu1mJ1OTv3XTwolhaSu1tM8/X1gS76TM2bTlZJSJbIk+KjF0Yt8y7bUOWPsGBEpOUdHFDsFt3DlGWsSm+3G20Lk9nZtZwu9bMc16wJifpWJmZpdTeFreFaxd7W4mIVJ7ZteNIcYOlpdTebrD1ey08UGv1IF8gAMBDj6iEvnMxbe95h8DoZT5WIjVn4t/em+b9brDb1WOHL4wKjFvm01SY9nnA2hkz1sY57Yo85rR67QzHztuy8gkOzO8Yljo/hIjI7Qs6h1XvLnYSKfv8/S0HPyzz+9U74aPNpSZvV8zBtIvewW5yNW3HkYaA1e+OtxORmvxdmz5M0kQv8yYsAQBaMQGHvuMW/O67y55o0Ov1en2D1m1Eww1dmYi1g7Vcy0nLv6GvtxofFqcMR+1Z+QQHdpiG6/wQIiKiefY5JxERcfR0sxUHz2dHmzc1461puKYrE7l6tqDB81kvc33z3hM9LS+d1/X2iwAA+H5jVAl9p3lyzHaU1tFKRK+XBhERu4lhq8yOHc6M35RcK0M105eFTXTqXnutI0ueXR9CRETMrEyHh2ydjIms5UNfVXm7tvjg+zqT/wiGtpveAwAMeEQl9Jmrxw6ctZ79ztrxViIiNw5vunBBRKRe32DrExg2PlCk/uKBTR8eOOX9xkTr7jXZEpZkVJeH6B5HR1szq8D17Vc/AQBgggk49K2GpmEefV5GXpWIiNScT4rZtDe/RkTE3NrKvKWilZVZ1TXdXe8A0DQNd/5SV4foJie/J2wvHD58tb55913r16svsgMADFCMKqGXXEqOjEw2Phu7MG6Z9/Q5npsPxryVOdSsocFxus/YSxdExMpn8Wu6rXvffittqFnDbXGaHdY0pOQWMF0TfyQm8pDtZPXibjGOLB0sFxEZ3ekhustxRthC/Y6EdTlmLV1ZxggTAKCtQY2Njf3dB/yg1ev1tWaWJsNHzcU1+toGS2trc9V+PT9Et3fvxa4AAL4H7ty50/Tg/fffV9V54403mh4wqoQ+Zt55BjG36r1oojhEt3fvxa4AAH5oWKsEAACgRFQCAABQIioBAAAoEZUAAACUiEoAAABKRCUAAAAlohIAAIASUQkAAECJqAQAAKBEVAIAAFAiKgEAACgRlQAAAJT4uVz0gsrKyv7uAoABxM7Orr+7gAGEqIRewJ8tAMAPFRNwAAAASkQlAAAAJaISAACAElEJAABAiagEAACgRFQCAABQIioBAAAoEZUAAACUiEoAAABKRCUAAAAlohIAAIASUQkAAECJqAQAAAYoW1vbTstHjBhhfExUAgAAA5Sbm1un5Y899pjxMVEJAAAMUD/72c8cHR3bFTo4ODz99NPGp4MaGxsfeMcAAAD6zZ07d4yPGxoaTp8+XVxcrNfrra2tNRrNhAkTzMzMjBWISgAAYGAxjUp3xQQcAACAElEJAABAiagEAACgRFQCAABQIioBAAAoEZUAAACUiEoAAABKRCUAAAAlohIAAIASUQkAAECJqIQ+VF9TU9/NqmWf79hw4GIf9wcAgHtl1o06wF2c2rHh88o2JW6B6+ePPrUj5kjD5NVrZrT/0eaO9Bfzrzn6jRIRkYIDG9KMocnK0eu5wNk+juZ90W+R/F2Rx5xWr+3YQ/3Fzw8c/ry4vLZBzCwdNM/Nmf+cm3UvtQ0A+B4hKqEX+C1+w9v45EbG+x9es3YUsfaZv8hWtN1JCjUFF74Z4ellJSIiDfrb5l6h4QGOIlJTVnAsaevWslXdyVttlJ3acVDmhU+8n6ByI2Pzji/kiXlhaz2drEV/43zarg836xauXeZtdR+tAQC+z5iAQy8wtzaqz884a/5s8AxHEbFy8vJyahsu6mv0er2+/axczYXzxSN8vE1GbSybm3PUjl88Q1Oe98VVYwv6zlpoKjad7qu6dkOvv2utzlSeOnCyxid0zXxvJ2tzEXNrJ5/F4dNtLx0+drW1kqIbXR6iW0cHADxcGFVCb6o5c/CI3u9Xc5xERKQsY9OWG9PjlnlLWcamrVV+z5ZlflFlaSm1txusn1q8ar5bS4y6mF9s6xaomt8yE6mtqRURfcGBHcln9WZDzRratHAjY/OOL/SWllJ7W5xmh4VPNMvYtOVklYhsiTwpMnZh3DJvuXFqR/yxG2JpKbW14jQ9LHyiU+eHK8vJ+WbEc8tGtym0e+6NuOeaH6u6IZVndu04cqnWbKil1DY4TvexbN2/8syuHUeKG5pO3tbvtfBALQNUAPC9QFRC76nJSzpy44nFYaM729hw/vMb89a+62MtIvq8XZs/jD/16zcm2omIXLxQPNQtoNOZsvrKi0cyL1l6vuYmZRk79l3z/NXGOaPNRWp0B7Ym7MhYvWaGY82Zwycb/FZtmOMkcjVtw/9k5E9cNmNtnFOblUKVnx84ovdZ9e4cJ2mqdeCU9xsTOw1nN26UDx09SrkuSdUNKctIOFTuFvrOfK2VSP3Vw1v/5wuxbYpjV9N2HGkIWP3ueDsRqcnftenDJE00s3kA8L3ABBx6S03BwcPX3OYFuim22/rN8WkOINY+wdM13+TklImIyNULOkuvp9rkq6qTWyIjIyMjI9/emnZ11LxVwW5y9Yu8qrHPzRndtL7bSjtnsqb8fM4NESs7a8uq/MwzurKa+tGB6+OWeXdycLvn3ohbO91Wr9fr9Xq7sVrLb4qvdlKtmbmZchW5shtXv8ir0kye0zxYZD56zjy/oS37nC1o8HzWy7zp6A3aiZ6Wl87rungpAQAPD0aV0Esuph28OGpOtJdyqMTByWTcyMrKTKrKy0Qc5erZglrt/LYjUbaTO1w5VlV529ZplEkLjraWVWVlIk5uwasWZRzJPLjjSFWDmcMTweGtM3utbpzaEX+szMphlJOdudSUNYhtg6Kfjo62VTeu1ohTp2ei7IZU3rYdZTqr5jTKUS627FNbfPB9ncl/bUNVgRIA8JAhKqFXXE07cN5p9js+Xcwpld8oE++W+FNT0yC2To4iUnbh4m3N9LsnB0dH26pruhpxbD5ETVlVre0oJ5H6Gr2524zFXjNE6itPffjfe9O83w1u117NmcNHKj1DN8zXiohI3q7IYuWBnJ5wG/rF+fya8eNNTqYmb+/mz22D18xRdqOh3Qa5ca1MZFRz182sAte37xQA4PuACTj0ghuHk3OsZ88b3+Xim6ovkjKuNl3+VXlm77HiEX5+jiL6ixerNJ7dCBFOfk84FJ88fLHpqjZ9XtKx4hHP+jmK3Dj2fszWjBsiIuZWVmYt6d/Kyqzqmq7NNXAN9SIi9VfTPr/U1ZFGTw/0vHFoc1J+ZfPFavVlZ/YevmDl6aftohtOfk84FB9LymvaUH/18MGc261dt71w+HDzyevzdq1fn8TdNgHge4JRJfSC/AtVUnXkvyOPGEtsJ69eO6NtpbF+PsUfvv2WmEltrYzwCw2baNd0QyXNE91a4Ow4I/w1/da9MW81XXpm+9Rr4RPtRGR04LLZO+K3vpVjvCLNTUTELWC6Jv5ITOQh28mr184YP2dyzo4P374w1Kyh1uqJgKdsj3W4kUArK6/Fa0Mz9iZtWZfcfMXcUM2zoeFNM4Kqbhg3RKZZWkqtaF6aPvZQTkvXwxbqdySsyzEbatZwW5xmhy1jhAkAvicGNTY29ncf8MPXetuAer2+1szS2qppWXTNmfi3czyjFdeidaq+Rl/bYGlt3X7hdduG72nXrneQTltVttXFQe75+ACAPnHnzp3uV2ZUCQ+WeZuk0ODkt2j+vf1giLlV51HD/O4RRLXr/eyg3HQ/+wAAHl5EJfQn69HeXv3dBwAAusAEHAAAGFjuaQKOK+AAAACUiEoAAABKRCUAAAAlohIAAIASUQkAAECJqAQAAKBEVAIAAFAiKgEAACgRlQAAAJSISgAAAEr8Bhx6QWVlZX93AcAAYmdn199dwADCb8ABAICBhd+AAwAA6B1EJQAAACWiEgAAgBJRCQAAQImoBAAAoERUAgAAUCIqAQAAKBGVAAAAlIhKAAAASkQlAAAAJaISAACAElEJAABAiagEAACgRFQCAABQIioBAAAoEZUAAACUiEoAAABKRCUAAAAlohIAAIASUQkAAECJqAQAAKBEVAIAAFAiKgEAACgRlQAAAJSISgAAAEpEJQAAACWiEgAAgBJRCQAAQImoBAAAoERUAgAAUCIqAQAAKBGVAAAAlIhKAAAASkQlAAAAJaISAACAElEJAABAiagEAACgRFQCAABQIioBAAAoEZUAAACUiEoAAABKRCUAAAAlohIAAIASUQkAAECJqAQAAKBEVAIAAFAiKgEAACgRlQAAAJSISgAAAEpEJQAAACWiEgAAgBJRCQAAQImoBAAAoERUAgAAUDK7p9qVlZV91hMAAID7ZGdn10ctD2psbOyjpgEAAB5Cd+7c6X5lJuAAAACUiEoAAABKRCUAAAAlohIAAIASUQkAAECJqAQAAKBEVAIAAFAiKgEAACgRlQAAAJSISgAAAEpEJQAAACWiEgAAgBJRCQAAQImoBAAAoERUAgAAUCIqAQAAKBGVAAAAlIhKAAAASkQlAAAAJaISAACAElEJAABAiagEAACgRFQCAABQIioBAAAoEZUAAACUiEoAAABKRCUAAAAlohIAAIASUQkAAECJqAQAAKBEVAIAAFAiKgEAACgRlQAAAJSISgAAAEpEJQAAACWiEgAAgBJRCQAAQImoBAAAoERUAgAAUDK71x2+vXlz34EDf8hIv3TlSt90CbiLsa6uP58xc9H8+T8ZPry/+wIMXH/6x1//tyrv67q/3f5nXX/3BQPU0B8Nfmzwo/9u6/PMI//ad0cZ1NjY2P3a3968GRIePvnZCT+fMdNtzJi+6xbQhYuXL/8hI/3kF6cTd+wgLQH94tR3unXfpvd3L4BmG38yc+IQbffr37lzp/uV7y0qxW3f3tj4zzcjVnV/F6CP8GkE+lFYycFCw7f93QugmYfFT+Jd5nW//j1FpXtbq/SHjPSfz5h5T7sAfWTu9OkfHzvW370ABqir9ZX93QWgVZ9+IO8tKl26coV5Nzwk3MaMYcEc0F++Y30SHiZ9+oHkCjgAAAAlohIAAIASUQkAAECJqAQAAKBEVAIAAFAiKgEAACgRlQAAAJT6PCqdKy7KuXi+r48CAADQF/owKjVK46kLeSHb37K3+Ze+OwoAAEDf6cOo9MWFs/978vBHb251HTG6747SHwy3Sgo/yzyekZlzudrQj/24mR0fHpn6VT/2AAAGgjpDne7r6j/pqs9X3um7m0JX6m5uOV3ND8Y8fMz6qN2zVwpW/G7jDy8n3TqX+Pry2BMVJkWaBfuSYmc49ENnDLqj+9M0L8UF9cOxAWBAMPzj0LHr8VdNflv1x4NnTn9spbbXvz7rsnL+llkxWPu4zUs2vd02lP74xz8WFRV1LHd3d3/xxRebHvdJVNLXfLf5D7uHWj6SlHW03SaHYXbBk2YPe2RoXxy3z+kS5/4itsB+5pbD0a94OFgaqi9nx8xbnrJotuFA1uapFv3dPQBArzIc+ujr+IofT3pOE+ZhaWf2z9uVt+OPlqQfvVI3d+zqx3o2L/PNN4EHv3s1xLUlGA2eOXv08GpzH3LSA3VF8VuipuV9EpWGWj6ycuarv/ptzC+eeUE7YlS7rYPNzPvioH2vfM+bsQXWM/cd3z6j6ZNsYTMmYPPJrXrtqrS41MipC40jS4Zb5dW1IpY2DsM65idD9c1qg1jYDLfpsO2um8RimIONZV+cHACgncq/3IivGDRplutb2h+LiMiPhtrZrJ7vfDu+NDP370sfs7NrqVlnaLjdIGL2IzuLzvJTw51KQ+NgC7Ohpt+5hjvfta012GbIMx1zUqf73lXDnUpDo8igoUN+PPhe9ht4/Pz8Tp061Wm58XGfRKVBgwY94z5uy5I124/+fu3LoaMdnfriKA9aydH4fBkZGjaj7Sd52KxtOt/qWovm0puZUXMjUq40T2bbT3kv+WCQVkSuJc56MmXWgZWFK1all4mIiOPEuI8Tg8Y0N1OeFhH0y/TS5mfOAR/sjl+gbXpS/Vls0Pw9xc2b7P0/SEps2QQA6Ct1WV/ViPWj85tzUguLYW+FDbndMKh5dsTw3c6Prv2horHpme3o4W9Pf9TdQkTkz8cKo8Rpq03VmryaehERcfEevW3SkKFSdyjpSnyFiEh8YmG8iMbfdee4wX8+Vhh1ySY2wuXprvYV+brkhY9rw1qHo8R0R5E7f8766zv5dU17ySND/ito9DQ7gYKPj89f//rXkpIS00IXFxcfHx/j0z5c1j3lp34vP/PCK1v+8+uy0m5Uf+gVn7si4uPr0WGDxTAHh+ZxoMK4F5enlPnHnfmysOTL4x88LyfejNxTbmxh8/ztFls+yblwJuvjUPeyU5HhyU3bqj+LmPXLdMP0945fOJNz4ZO46YbMFcFReSIi8tXmWfP3VE9/77jugq7kTNJKh+wVwWs+68/V5AAwINQVVYiMGNLxf00HW5jZNY/WGA59dPUPFYPnBbmmLBu7a9awIVdvrjry99al2ZduvFNuszFkbMoy7X9pflSSf213iYgMnvny2JQXrUUGz5s3NmXZ2M2Pdzb00/m+d6E7XRyVf+eZAG3qrzyOLBs975HvfpNa+ueGHr4UP2wzZ840N2+d7zI3N585c6ZphT6MSoMGDXre+5n/t/TX1yu+6bujPDC11XUiGi/nLuvY+G/cmfTJtqAxNhaWNtoFa0JcJf9QtjErOYe+t3mG1mG4g8uENTGLreVs7jkRkZLUdekVI0MTfx+kHe7gMFwb9PvdMa/4yzWdiGRtTyh1XBL/+yDtMAuxdPBbvzPKtSJt+9HyrvoBAOiphjt1Ii72XS4Z+bo8vkLGv/jYay6D7YaYjdQ6b37OSkq/+d/Wb70hS6c/+oSNmd0Qi2lTfvJTaTz/jaE5bFkMEhG7IWZ2Q1STa53v26XbB/Lqh3uPfMvDYqiZDB4y5LXZwzX/uHXwElmpC4888sjkyZONTydPnvzII4+YVuirK+CMxv+bd18f4sGwtBksUlxQKqKe/LJ08ZtQnrxuafSJEoOIiKG6TERabyjgPWWcsa7DGBeR4tJrIqOKz10Recl0vMpj4Y44EREpKf5KpCw1wiPTuK1dmwCAvmD248EiJRX1IsqLdr6tqhUZ/MSI1hk6u8dsNFJT9G2djBgsImI/9KfGvYeY2Yr8pcsG27iPfasN10UqC68v0hmLGitFRhr+2a0jDlxeXl5lZWVXr14dPXq0l5dXu619HpV+ONwnTZD009nnxH9cm3KD7nS27pbzuBkeDrXZa8YtTRsWGLNlib2ISEla+MZMVXvd5xUUGenbZnR2mKY/bk4AAAOJpY+zZH1zu0iGurcp/+f1ktvXDYP/TdvZRTYNjXUinS/u7lV16nEircdP5rsMMi0ZYsuX/V1NmTJFtYnfgOs2h4DFz0vZnuh4XZviy8kRc5cvTygSETmdmlYtMzfGLZwRMG1GwLSnLMqru9Oyu99TIqezz7WWFCaHR0al6URcNI+LXDbYNzU4I2DaDG8XEbHpeIkcAKBXmT3z+BDRV24/13YYv7Lq3dSSd76qFZGfOAwZInV5Ja13Xfr26t9LxPzfHPo0mgwSqdNVGZ8a/mKc77OxGCly/Y7ZM1qb5n8/GSwiQ/s+uv2g8ep1n01g3O6X7IuiZge8nnj8q5Lym7qcPbFBL2wsEveoLUEOIjLKxVkke0+q7mZ5+bXcuPnbdd1KNA5BkYH2ZXvC5ibmXCsvv5abOHdp9P5sGaUVkUmR69wNKRFNm27qjocHz14UnW1gUAkA+tpQN5fYsT8qzta9duxvfyqvq/zOcP4v30ak3iwWizD/f7ETEZdHX7WXvMziLTpD5Xd1ur9cX5VdJxrH+d35G23x4yFSd+h05Z901brvulHfyGXoeJGsE9ePVzZUVtcePfZ1psE4hjT0VX+L7766vu7cd99+11BZWb0ltfidE9/VDbmv80czxuTuhc2k3x3/6KnIiKiNyw9tbCqy9lqwc1/UtKabR40J3bYyd+H2N6d5ishgTWhi9JjgyG788IjF1Lij+ywWLtoY/ORGEREL9yUHkqKbrlMcE5L8R4kwbhLNgn1HYn26bg8A0Bt+/PT0MVt/cmPT6ZvvXLrZVDTEftjb80e03ABp8EsvPybHrscf1TWtthiucdo1e1i37rI8wvFt73+8k//tO5dk0lyPt7qfZsyGrZ57+z+O3vrN7/UiYjvWea1PeeSfmjeOHPfYVil5J/vq4mwREXPbYW8vHOHedYO4i/8f1w1H3uKvE94AAAAASUVORK5CYII=' height='300'/>

  &amp#27;[31mWhen &amp#27;[0m&amp#27;[31mUser do not add product to cart and place order&amp#27;[0m                        &amp#27;[90m# stepDefinitions.LoginSteps.userDoNotAddProductToCartAndPlaceOrder()&amp#27;[0m
      &amp#27;[31mjava.lang.AssertionError: Navigated to checkout without adding any items expected [true] but found [false]
	at org.testng.Assert.fail(Assert.java:111)
	at org.testng.Assert.failNotEquals(Assert.java:1578)
	at org.testng.Assert.assertTrue(Assert.java:57)
	at stepDefinitions.LoginSteps.userDoNotAddProductToCartAndPlaceOrder(LoginSteps.java:87)
	at âœ½.User do not add product to cart and place order(file:///E:/Manasa/Interview/Selenium_Java_Automation/Exact_Automation_Assesment/src/test/resources/features/Testing.feature:21)
&amp#27;[0m
]]></system-out>
    <system-err><![CDATA[Jul 24, 2025 2:44:09 PM org.openqa.selenium.devtools.CdpVersionFinder findNearestMatch
WARNING: Unable to find CDP implementation matching 138
Jul 24, 2025 2:44:09 PM org.openqa.selenium.chromium.ChromiumDriver lambda$new$5
WARNING: Unable to find version of CDP to use for 138.0.7204.158. You may need to include a dependency on a specific version of the CDP using something similar to `org.seleniumhq.selenium:selenium-devtools-v86:4.21.0` where the version ("v86") matches the version of the chromium-based browser you're using and the version number of the artifact is the same as Selenium's.
]]></system-err>
  </testcase>
</testsuite>